The system is: Linux - 4.4.0-121-generic - x86_64
Compiling the C compiler identification source file "CMakeCCompilerId.c" succeeded.
Compiler: /usr/bin/cc 
Build flags: 
Id flags: 

The output was:
0


Compilation of the C compiler identification source "CMakeCCompilerId.c" produced "a.out"

The C compiler identification is GNU, found in "/home/ubuntu/bro/my_build_dir/CMakeFiles/3.5.1/CompilerIdC/a.out"

Compiling the CXX compiler identification source file "CMakeCXXCompilerId.cpp" succeeded.
Compiler: /usr/bin/c++ 
Build flags: 
Id flags: 

The output was:
0


Compilation of the CXX compiler identification source "CMakeCXXCompilerId.cpp" produced "a.out"

The CXX compiler identification is GNU, found in "/home/ubuntu/bro/my_build_dir/CMakeFiles/3.5.1/CompilerIdCXX/a.out"

Determining if the C compiler works passed with the following output:
Change Dir: /home/ubuntu/bro/my_build_dir/CMakeFiles/CMakeTmp

Run Build Command:"/usr/bin/make" "cmTC_aba4b/fast"
/usr/bin/make -f CMakeFiles/cmTC_aba4b.dir/build.make CMakeFiles/cmTC_aba4b.dir/build
make[1]: Entering directory '/home/ubuntu/bro/my_build_dir/CMakeFiles/CMakeTmp'
Building C object CMakeFiles/cmTC_aba4b.dir/testCCompiler.c.o
/usr/bin/cc     -o CMakeFiles/cmTC_aba4b.dir/testCCompiler.c.o   -c /home/ubuntu/bro/my_build_dir/CMakeFiles/CMakeTmp/testCCompiler.c
Linking C executable cmTC_aba4b
/usr/bin/cmake -E cmake_link_script CMakeFiles/cmTC_aba4b.dir/link.txt --verbose=1
/usr/bin/cc       CMakeFiles/cmTC_aba4b.dir/testCCompiler.c.o  -o cmTC_aba4b -rdynamic 
make[1]: Leaving directory '/home/ubuntu/bro/my_build_dir/CMakeFiles/CMakeTmp'


Detecting C compiler ABI info compiled with the following output:
Change Dir: /home/ubuntu/bro/my_build_dir/CMakeFiles/CMakeTmp

Run Build Command:"/usr/bin/make" "cmTC_bbf3c/fast"
/usr/bin/make -f CMakeFiles/cmTC_bbf3c.dir/build.make CMakeFiles/cmTC_bbf3c.dir/build
make[1]: Entering directory '/home/ubuntu/bro/my_build_dir/CMakeFiles/CMakeTmp'
Building C object CMakeFiles/cmTC_bbf3c.dir/CMakeCCompilerABI.c.o
/usr/bin/cc     -o CMakeFiles/cmTC_bbf3c.dir/CMakeCCompilerABI.c.o   -c /usr/share/cmake-3.5/Modules/CMakeCCompilerABI.c
Linking C executable cmTC_bbf3c
/usr/bin/cmake -E cmake_link_script CMakeFiles/cmTC_bbf3c.dir/link.txt --verbose=1
/usr/bin/cc      -v CMakeFiles/cmTC_bbf3c.dir/CMakeCCompilerABI.c.o  -o cmTC_bbf3c -rdynamic  
Using built-in specs.
COLLECT_GCC=/usr/bin/cc
COLLECT_LTO_WRAPPER=/usr/lib/gcc/x86_64-linux-gnu/5/lto-wrapper
Target: x86_64-linux-gnu
Configured with: ../src/configure -v --with-pkgversion='Ubuntu 5.4.0-6ubuntu1~16.04.9' --with-bugurl=file:///usr/share/doc/gcc-5/README.Bugs --enable-languages=c,ada,c++,java,go,d,fortran,objc,obj-c++ --prefix=/usr --program-suffix=-5 --enable-shared --enable-linker-build-id --libexecdir=/usr/lib --without-included-gettext --enable-threads=posix --libdir=/usr/lib --enable-nls --with-sysroot=/ --enable-clocale=gnu --enable-libstdcxx-debug --enable-libstdcxx-time=yes --with-default-libstdcxx-abi=new --enable-gnu-unique-object --disable-vtable-verify --enable-libmpx --enable-plugin --with-system-zlib --disable-browser-plugin --enable-java-awt=gtk --enable-gtk-cairo --with-java-home=/usr/lib/jvm/java-1.5.0-gcj-5-amd64/jre --enable-java-home --with-jvm-root-dir=/usr/lib/jvm/java-1.5.0-gcj-5-amd64 --with-jvm-jar-dir=/usr/lib/jvm-exports/java-1.5.0-gcj-5-amd64 --with-arch-directory=amd64 --with-ecj-jar=/usr/share/java/eclipse-ecj.jar --enable-objc-gc --enable-multiarch --disable-werror --with-arch-32=i686 --with-abi=m64 --with-multilib-list=m32,m64,mx32 --enable-multilib --with-tune=generic --enable-checking=release --build=x86_64-linux-gnu --host=x86_64-linux-gnu --target=x86_64-linux-gnu
Thread model: posix
gcc version 5.4.0 20160609 (Ubuntu 5.4.0-6ubuntu1~16.04.9) 
COMPILER_PATH=/usr/lib/gcc/x86_64-linux-gnu/5/:/usr/lib/gcc/x86_64-linux-gnu/5/:/usr/lib/gcc/x86_64-linux-gnu/:/usr/lib/gcc/x86_64-linux-gnu/5/:/usr/lib/gcc/x86_64-linux-gnu/
LIBRARY_PATH=/usr/lib/gcc/x86_64-linux-gnu/5/:/usr/lib/gcc/x86_64-linux-gnu/5/../../../x86_64-linux-gnu/:/usr/lib/gcc/x86_64-linux-gnu/5/../../../../lib/:/lib/x86_64-linux-gnu/:/lib/../lib/:/usr/lib/x86_64-linux-gnu/:/usr/lib/../lib/:/usr/lib/gcc/x86_64-linux-gnu/5/../../../:/lib/:/usr/lib/
COLLECT_GCC_OPTIONS='-v' '-o' 'cmTC_bbf3c' '-rdynamic' '-mtune=generic' '-march=x86-64'
 /usr/lib/gcc/x86_64-linux-gnu/5/collect2 -plugin /usr/lib/gcc/x86_64-linux-gnu/5/liblto_plugin.so -plugin-opt=/usr/lib/gcc/x86_64-linux-gnu/5/lto-wrapper -plugin-opt=-fresolution=/tmp/ccf6CgBW.res -plugin-opt=-pass-through=-lgcc -plugin-opt=-pass-through=-lgcc_s -plugin-opt=-pass-through=-lc -plugin-opt=-pass-through=-lgcc -plugin-opt=-pass-through=-lgcc_s --sysroot=/ --build-id --eh-frame-hdr -m elf_x86_64 --hash-style=gnu --as-needed -export-dynamic -dynamic-linker /lib64/ld-linux-x86-64.so.2 -z relro -o cmTC_bbf3c /usr/lib/gcc/x86_64-linux-gnu/5/../../../x86_64-linux-gnu/crt1.o /usr/lib/gcc/x86_64-linux-gnu/5/../../../x86_64-linux-gnu/crti.o /usr/lib/gcc/x86_64-linux-gnu/5/crtbegin.o -L/usr/lib/gcc/x86_64-linux-gnu/5 -L/usr/lib/gcc/x86_64-linux-gnu/5/../../../x86_64-linux-gnu -L/usr/lib/gcc/x86_64-linux-gnu/5/../../../../lib -L/lib/x86_64-linux-gnu -L/lib/../lib -L/usr/lib/x86_64-linux-gnu -L/usr/lib/../lib -L/usr/lib/gcc/x86_64-linux-gnu/5/../../.. CMakeFiles/cmTC_bbf3c.dir/CMakeCCompilerABI.c.o -lgcc --as-needed -lgcc_s --no-as-needed -lc -lgcc --as-needed -lgcc_s --no-as-needed /usr/lib/gcc/x86_64-linux-gnu/5/crtend.o /usr/lib/gcc/x86_64-linux-gnu/5/../../../x86_64-linux-gnu/crtn.o
make[1]: Leaving directory '/home/ubuntu/bro/my_build_dir/CMakeFiles/CMakeTmp'


Parsed C implicit link information from above output:
  link line regex: [^( *|.*[/\])(ld|([^/\]+-)?ld|collect2)[^/\]*( |$)]
  ignore line: [Change Dir: /home/ubuntu/bro/my_build_dir/CMakeFiles/CMakeTmp]
  ignore line: []
  ignore line: [Run Build Command:"/usr/bin/make" "cmTC_bbf3c/fast"]
  ignore line: [/usr/bin/make -f CMakeFiles/cmTC_bbf3c.dir/build.make CMakeFiles/cmTC_bbf3c.dir/build]
  ignore line: [make[1]: Entering directory '/home/ubuntu/bro/my_build_dir/CMakeFiles/CMakeTmp']
  ignore line: [Building C object CMakeFiles/cmTC_bbf3c.dir/CMakeCCompilerABI.c.o]
  ignore line: [/usr/bin/cc     -o CMakeFiles/cmTC_bbf3c.dir/CMakeCCompilerABI.c.o   -c /usr/share/cmake-3.5/Modules/CMakeCCompilerABI.c]
  ignore line: [Linking C executable cmTC_bbf3c]
  ignore line: [/usr/bin/cmake -E cmake_link_script CMakeFiles/cmTC_bbf3c.dir/link.txt --verbose=1]
  ignore line: [/usr/bin/cc      -v CMakeFiles/cmTC_bbf3c.dir/CMakeCCompilerABI.c.o  -o cmTC_bbf3c -rdynamic  ]
  ignore line: [Using built-in specs.]
  ignore line: [COLLECT_GCC=/usr/bin/cc]
  ignore line: [COLLECT_LTO_WRAPPER=/usr/lib/gcc/x86_64-linux-gnu/5/lto-wrapper]
  ignore line: [Target: x86_64-linux-gnu]
  ignore line: [Configured with: ../src/configure -v --with-pkgversion='Ubuntu 5.4.0-6ubuntu1~16.04.9' --with-bugurl=file:///usr/share/doc/gcc-5/README.Bugs --enable-languages=c,ada,c++,java,go,d,fortran,objc,obj-c++ --prefix=/usr --program-suffix=-5 --enable-shared --enable-linker-build-id --libexecdir=/usr/lib --without-included-gettext --enable-threads=posix --libdir=/usr/lib --enable-nls --with-sysroot=/ --enable-clocale=gnu --enable-libstdcxx-debug --enable-libstdcxx-time=yes --with-default-libstdcxx-abi=new --enable-gnu-unique-object --disable-vtable-verify --enable-libmpx --enable-plugin --with-system-zlib --disable-browser-plugin --enable-java-awt=gtk --enable-gtk-cairo --with-java-home=/usr/lib/jvm/java-1.5.0-gcj-5-amd64/jre --enable-java-home --with-jvm-root-dir=/usr/lib/jvm/java-1.5.0-gcj-5-amd64 --with-jvm-jar-dir=/usr/lib/jvm-exports/java-1.5.0-gcj-5-amd64 --with-arch-directory=amd64 --with-ecj-jar=/usr/share/java/eclipse-ecj.jar --enable-objc-gc --enable-multiarch --disable-werror --with-arch-32=i686 --with-abi=m64 --with-multilib-list=m32,m64,mx32 --enable-multilib --with-tune=generic --enable-checking=release --build=x86_64-linux-gnu --host=x86_64-linux-gnu --target=x86_64-linux-gnu]
  ignore line: [Thread model: posix]
  ignore line: [gcc version 5.4.0 20160609 (Ubuntu 5.4.0-6ubuntu1~16.04.9) ]
  ignore line: [COMPILER_PATH=/usr/lib/gcc/x86_64-linux-gnu/5/:/usr/lib/gcc/x86_64-linux-gnu/5/:/usr/lib/gcc/x86_64-linux-gnu/:/usr/lib/gcc/x86_64-linux-gnu/5/:/usr/lib/gcc/x86_64-linux-gnu/]
  ignore line: [LIBRARY_PATH=/usr/lib/gcc/x86_64-linux-gnu/5/:/usr/lib/gcc/x86_64-linux-gnu/5/../../../x86_64-linux-gnu/:/usr/lib/gcc/x86_64-linux-gnu/5/../../../../lib/:/lib/x86_64-linux-gnu/:/lib/../lib/:/usr/lib/x86_64-linux-gnu/:/usr/lib/../lib/:/usr/lib/gcc/x86_64-linux-gnu/5/../../../:/lib/:/usr/lib/]
  ignore line: [COLLECT_GCC_OPTIONS='-v' '-o' 'cmTC_bbf3c' '-rdynamic' '-mtune=generic' '-march=x86-64']
  link line: [ /usr/lib/gcc/x86_64-linux-gnu/5/collect2 -plugin /usr/lib/gcc/x86_64-linux-gnu/5/liblto_plugin.so -plugin-opt=/usr/lib/gcc/x86_64-linux-gnu/5/lto-wrapper -plugin-opt=-fresolution=/tmp/ccf6CgBW.res -plugin-opt=-pass-through=-lgcc -plugin-opt=-pass-through=-lgcc_s -plugin-opt=-pass-through=-lc -plugin-opt=-pass-through=-lgcc -plugin-opt=-pass-through=-lgcc_s --sysroot=/ --build-id --eh-frame-hdr -m elf_x86_64 --hash-style=gnu --as-needed -export-dynamic -dynamic-linker /lib64/ld-linux-x86-64.so.2 -z relro -o cmTC_bbf3c /usr/lib/gcc/x86_64-linux-gnu/5/../../../x86_64-linux-gnu/crt1.o /usr/lib/gcc/x86_64-linux-gnu/5/../../../x86_64-linux-gnu/crti.o /usr/lib/gcc/x86_64-linux-gnu/5/crtbegin.o -L/usr/lib/gcc/x86_64-linux-gnu/5 -L/usr/lib/gcc/x86_64-linux-gnu/5/../../../x86_64-linux-gnu -L/usr/lib/gcc/x86_64-linux-gnu/5/../../../../lib -L/lib/x86_64-linux-gnu -L/lib/../lib -L/usr/lib/x86_64-linux-gnu -L/usr/lib/../lib -L/usr/lib/gcc/x86_64-linux-gnu/5/../../.. CMakeFiles/cmTC_bbf3c.dir/CMakeCCompilerABI.c.o -lgcc --as-needed -lgcc_s --no-as-needed -lc -lgcc --as-needed -lgcc_s --no-as-needed /usr/lib/gcc/x86_64-linux-gnu/5/crtend.o /usr/lib/gcc/x86_64-linux-gnu/5/../../../x86_64-linux-gnu/crtn.o]
    arg [/usr/lib/gcc/x86_64-linux-gnu/5/collect2] ==> ignore
    arg [-plugin] ==> ignore
    arg [/usr/lib/gcc/x86_64-linux-gnu/5/liblto_plugin.so] ==> ignore
    arg [-plugin-opt=/usr/lib/gcc/x86_64-linux-gnu/5/lto-wrapper] ==> ignore
    arg [-plugin-opt=-fresolution=/tmp/ccf6CgBW.res] ==> ignore
    arg [-plugin-opt=-pass-through=-lgcc] ==> ignore
    arg [-plugin-opt=-pass-through=-lgcc_s] ==> ignore
    arg [-plugin-opt=-pass-through=-lc] ==> ignore
    arg [-plugin-opt=-pass-through=-lgcc] ==> ignore
    arg [-plugin-opt=-pass-through=-lgcc_s] ==> ignore
    arg [--sysroot=/] ==> ignore
    arg [--build-id] ==> ignore
    arg [--eh-frame-hdr] ==> ignore
    arg [-m] ==> ignore
    arg [elf_x86_64] ==> ignore
    arg [--hash-style=gnu] ==> ignore
    arg [--as-needed] ==> ignore
    arg [-export-dynamic] ==> ignore
    arg [-dynamic-linker] ==> ignore
    arg [/lib64/ld-linux-x86-64.so.2] ==> ignore
    arg [-zrelro] ==> ignore
    arg [-o] ==> ignore
    arg [cmTC_bbf3c] ==> ignore
    arg [/usr/lib/gcc/x86_64-linux-gnu/5/../../../x86_64-linux-gnu/crt1.o] ==> ignore
    arg [/usr/lib/gcc/x86_64-linux-gnu/5/../../../x86_64-linux-gnu/crti.o] ==> ignore
    arg [/usr/lib/gcc/x86_64-linux-gnu/5/crtbegin.o] ==> ignore
    arg [-L/usr/lib/gcc/x86_64-linux-gnu/5] ==> dir [/usr/lib/gcc/x86_64-linux-gnu/5]
    arg [-L/usr/lib/gcc/x86_64-linux-gnu/5/../../../x86_64-linux-gnu] ==> dir [/usr/lib/gcc/x86_64-linux-gnu/5/../../../x86_64-linux-gnu]
    arg [-L/usr/lib/gcc/x86_64-linux-gnu/5/../../../../lib] ==> dir [/usr/lib/gcc/x86_64-linux-gnu/5/../../../../lib]
    arg [-L/lib/x86_64-linux-gnu] ==> dir [/lib/x86_64-linux-gnu]
    arg [-L/lib/../lib] ==> dir [/lib/../lib]
    arg [-L/usr/lib/x86_64-linux-gnu] ==> dir [/usr/lib/x86_64-linux-gnu]
    arg [-L/usr/lib/../lib] ==> dir [/usr/lib/../lib]
    arg [-L/usr/lib/gcc/x86_64-linux-gnu/5/../../..] ==> dir [/usr/lib/gcc/x86_64-linux-gnu/5/../../..]
    arg [CMakeFiles/cmTC_bbf3c.dir/CMakeCCompilerABI.c.o] ==> ignore
    arg [-lgcc] ==> lib [gcc]
    arg [--as-needed] ==> ignore
    arg [-lgcc_s] ==> lib [gcc_s]
    arg [--no-as-needed] ==> ignore
    arg [-lc] ==> lib [c]
    arg [-lgcc] ==> lib [gcc]
    arg [--as-needed] ==> ignore
    arg [-lgcc_s] ==> lib [gcc_s]
    arg [--no-as-needed] ==> ignore
    arg [/usr/lib/gcc/x86_64-linux-gnu/5/crtend.o] ==> ignore
    arg [/usr/lib/gcc/x86_64-linux-gnu/5/../../../x86_64-linux-gnu/crtn.o] ==> ignore
  remove lib [gcc]
  remove lib [gcc_s]
  remove lib [gcc]
  remove lib [gcc_s]
  collapse library dir [/usr/lib/gcc/x86_64-linux-gnu/5] ==> [/usr/lib/gcc/x86_64-linux-gnu/5]
  collapse library dir [/usr/lib/gcc/x86_64-linux-gnu/5/../../../x86_64-linux-gnu] ==> [/usr/lib/x86_64-linux-gnu]
  collapse library dir [/usr/lib/gcc/x86_64-linux-gnu/5/../../../../lib] ==> [/usr/lib]
  collapse library dir [/lib/x86_64-linux-gnu] ==> [/lib/x86_64-linux-gnu]
  collapse library dir [/lib/../lib] ==> [/lib]
  collapse library dir [/usr/lib/x86_64-linux-gnu] ==> [/usr/lib/x86_64-linux-gnu]
  collapse library dir [/usr/lib/../lib] ==> [/usr/lib]
  collapse library dir [/usr/lib/gcc/x86_64-linux-gnu/5/../../..] ==> [/usr/lib]
  implicit libs: [c]
  implicit dirs: [/usr/lib/gcc/x86_64-linux-gnu/5;/usr/lib/x86_64-linux-gnu;/usr/lib;/lib/x86_64-linux-gnu;/lib]
  implicit fwks: []




Detecting C [-std=c11] compiler features compiled with the following output:
Change Dir: /home/ubuntu/bro/my_build_dir/CMakeFiles/CMakeTmp

Run Build Command:"/usr/bin/make" "cmTC_d40f5/fast"
/usr/bin/make -f CMakeFiles/cmTC_d40f5.dir/build.make CMakeFiles/cmTC_d40f5.dir/build
make[1]: Entering directory '/home/ubuntu/bro/my_build_dir/CMakeFiles/CMakeTmp'
Building C object CMakeFiles/cmTC_d40f5.dir/feature_tests.c.o
/usr/bin/cc    -std=c11 -o CMakeFiles/cmTC_d40f5.dir/feature_tests.c.o   -c /home/ubuntu/bro/my_build_dir/CMakeFiles/feature_tests.c
Linking C executable cmTC_d40f5
/usr/bin/cmake -E cmake_link_script CMakeFiles/cmTC_d40f5.dir/link.txt --verbose=1
/usr/bin/cc       CMakeFiles/cmTC_d40f5.dir/feature_tests.c.o  -o cmTC_d40f5 -rdynamic 
make[1]: Leaving directory '/home/ubuntu/bro/my_build_dir/CMakeFiles/CMakeTmp'


    Feature record: C_FEATURE:1c_function_prototypes
    Feature record: C_FEATURE:1c_restrict
    Feature record: C_FEATURE:1c_static_assert
    Feature record: C_FEATURE:1c_variadic_macros


Detecting C [-std=c99] compiler features compiled with the following output:
Change Dir: /home/ubuntu/bro/my_build_dir/CMakeFiles/CMakeTmp

Run Build Command:"/usr/bin/make" "cmTC_d6332/fast"
/usr/bin/make -f CMakeFiles/cmTC_d6332.dir/build.make CMakeFiles/cmTC_d6332.dir/build
make[1]: Entering directory '/home/ubuntu/bro/my_build_dir/CMakeFiles/CMakeTmp'
Building C object CMakeFiles/cmTC_d6332.dir/feature_tests.c.o
/usr/bin/cc    -std=c99 -o CMakeFiles/cmTC_d6332.dir/feature_tests.c.o   -c /home/ubuntu/bro/my_build_dir/CMakeFiles/feature_tests.c
Linking C executable cmTC_d6332
/usr/bin/cmake -E cmake_link_script CMakeFiles/cmTC_d6332.dir/link.txt --verbose=1
/usr/bin/cc       CMakeFiles/cmTC_d6332.dir/feature_tests.c.o  -o cmTC_d6332 -rdynamic 
make[1]: Leaving directory '/home/ubuntu/bro/my_build_dir/CMakeFiles/CMakeTmp'


    Feature record: C_FEATURE:1c_function_prototypes
    Feature record: C_FEATURE:1c_restrict
    Feature record: C_FEATURE:0c_static_assert
    Feature record: C_FEATURE:1c_variadic_macros


Detecting C [-std=c90] compiler features compiled with the following output:
Change Dir: /home/ubuntu/bro/my_build_dir/CMakeFiles/CMakeTmp

Run Build Command:"/usr/bin/make" "cmTC_0e3f3/fast"
/usr/bin/make -f CMakeFiles/cmTC_0e3f3.dir/build.make CMakeFiles/cmTC_0e3f3.dir/build
make[1]: Entering directory '/home/ubuntu/bro/my_build_dir/CMakeFiles/CMakeTmp'
Building C object CMakeFiles/cmTC_0e3f3.dir/feature_tests.c.o
/usr/bin/cc    -std=c90 -o CMakeFiles/cmTC_0e3f3.dir/feature_tests.c.o   -c /home/ubuntu/bro/my_build_dir/CMakeFiles/feature_tests.c
Linking C executable cmTC_0e3f3
/usr/bin/cmake -E cmake_link_script CMakeFiles/cmTC_0e3f3.dir/link.txt --verbose=1
/usr/bin/cc       CMakeFiles/cmTC_0e3f3.dir/feature_tests.c.o  -o cmTC_0e3f3 -rdynamic 
make[1]: Leaving directory '/home/ubuntu/bro/my_build_dir/CMakeFiles/CMakeTmp'


    Feature record: C_FEATURE:1c_function_prototypes
    Feature record: C_FEATURE:0c_restrict
    Feature record: C_FEATURE:0c_static_assert
    Feature record: C_FEATURE:0c_variadic_macros
Determining if the CXX compiler works passed with the following output:
Change Dir: /home/ubuntu/bro/my_build_dir/CMakeFiles/CMakeTmp

Run Build Command:"/usr/bin/make" "cmTC_6926a/fast"
/usr/bin/make -f CMakeFiles/cmTC_6926a.dir/build.make CMakeFiles/cmTC_6926a.dir/build
make[1]: Entering directory '/home/ubuntu/bro/my_build_dir/CMakeFiles/CMakeTmp'
Building CXX object CMakeFiles/cmTC_6926a.dir/testCXXCompiler.cxx.o
/usr/bin/c++      -o CMakeFiles/cmTC_6926a.dir/testCXXCompiler.cxx.o -c /home/ubuntu/bro/my_build_dir/CMakeFiles/CMakeTmp/testCXXCompiler.cxx
Linking CXX executable cmTC_6926a
/usr/bin/cmake -E cmake_link_script CMakeFiles/cmTC_6926a.dir/link.txt --verbose=1
/usr/bin/c++        CMakeFiles/cmTC_6926a.dir/testCXXCompiler.cxx.o  -o cmTC_6926a -rdynamic 
make[1]: Leaving directory '/home/ubuntu/bro/my_build_dir/CMakeFiles/CMakeTmp'


Detecting CXX compiler ABI info compiled with the following output:
Change Dir: /home/ubuntu/bro/my_build_dir/CMakeFiles/CMakeTmp

Run Build Command:"/usr/bin/make" "cmTC_c8325/fast"
/usr/bin/make -f CMakeFiles/cmTC_c8325.dir/build.make CMakeFiles/cmTC_c8325.dir/build
make[1]: Entering directory '/home/ubuntu/bro/my_build_dir/CMakeFiles/CMakeTmp'
Building CXX object CMakeFiles/cmTC_c8325.dir/CMakeCXXCompilerABI.cpp.o
/usr/bin/c++      -o CMakeFiles/cmTC_c8325.dir/CMakeCXXCompilerABI.cpp.o -c /usr/share/cmake-3.5/Modules/CMakeCXXCompilerABI.cpp
Linking CXX executable cmTC_c8325
/usr/bin/cmake -E cmake_link_script CMakeFiles/cmTC_c8325.dir/link.txt --verbose=1
/usr/bin/c++       -v CMakeFiles/cmTC_c8325.dir/CMakeCXXCompilerABI.cpp.o  -o cmTC_c8325 -rdynamic  
Using built-in specs.
COLLECT_GCC=/usr/bin/c++
COLLECT_LTO_WRAPPER=/usr/lib/gcc/x86_64-linux-gnu/5/lto-wrapper
Target: x86_64-linux-gnu
Configured with: ../src/configure -v --with-pkgversion='Ubuntu 5.4.0-6ubuntu1~16.04.9' --with-bugurl=file:///usr/share/doc/gcc-5/README.Bugs --enable-languages=c,ada,c++,java,go,d,fortran,objc,obj-c++ --prefix=/usr --program-suffix=-5 --enable-shared --enable-linker-build-id --libexecdir=/usr/lib --without-included-gettext --enable-threads=posix --libdir=/usr/lib --enable-nls --with-sysroot=/ --enable-clocale=gnu --enable-libstdcxx-debug --enable-libstdcxx-time=yes --with-default-libstdcxx-abi=new --enable-gnu-unique-object --disable-vtable-verify --enable-libmpx --enable-plugin --with-system-zlib --disable-browser-plugin --enable-java-awt=gtk --enable-gtk-cairo --with-java-home=/usr/lib/jvm/java-1.5.0-gcj-5-amd64/jre --enable-java-home --with-jvm-root-dir=/usr/lib/jvm/java-1.5.0-gcj-5-amd64 --with-jvm-jar-dir=/usr/lib/jvm-exports/java-1.5.0-gcj-5-amd64 --with-arch-directory=amd64 --with-ecj-jar=/usr/share/java/eclipse-ecj.jar --enable-objc-gc --enable-multiarch --disable-werror --with-arch-32=i686 --with-abi=m64 --with-multilib-list=m32,m64,mx32 --enable-multilib --with-tune=generic --enable-checking=release --build=x86_64-linux-gnu --host=x86_64-linux-gnu --target=x86_64-linux-gnu
Thread model: posix
gcc version 5.4.0 20160609 (Ubuntu 5.4.0-6ubuntu1~16.04.9) 
COMPILER_PATH=/usr/lib/gcc/x86_64-linux-gnu/5/:/usr/lib/gcc/x86_64-linux-gnu/5/:/usr/lib/gcc/x86_64-linux-gnu/:/usr/lib/gcc/x86_64-linux-gnu/5/:/usr/lib/gcc/x86_64-linux-gnu/
LIBRARY_PATH=/usr/lib/gcc/x86_64-linux-gnu/5/:/usr/lib/gcc/x86_64-linux-gnu/5/../../../x86_64-linux-gnu/:/usr/lib/gcc/x86_64-linux-gnu/5/../../../../lib/:/lib/x86_64-linux-gnu/:/lib/../lib/:/usr/lib/x86_64-linux-gnu/:/usr/lib/../lib/:/usr/lib/gcc/x86_64-linux-gnu/5/../../../:/lib/:/usr/lib/
COLLECT_GCC_OPTIONS='-v' '-o' 'cmTC_c8325' '-rdynamic' '-shared-libgcc' '-mtune=generic' '-march=x86-64'
 /usr/lib/gcc/x86_64-linux-gnu/5/collect2 -plugin /usr/lib/gcc/x86_64-linux-gnu/5/liblto_plugin.so -plugin-opt=/usr/lib/gcc/x86_64-linux-gnu/5/lto-wrapper -plugin-opt=-fresolution=/tmp/ccXBUTmw.res -plugin-opt=-pass-through=-lgcc_s -plugin-opt=-pass-through=-lgcc -plugin-opt=-pass-through=-lc -plugin-opt=-pass-through=-lgcc_s -plugin-opt=-pass-through=-lgcc --sysroot=/ --build-id --eh-frame-hdr -m elf_x86_64 --hash-style=gnu --as-needed -export-dynamic -dynamic-linker /lib64/ld-linux-x86-64.so.2 -z relro -o cmTC_c8325 /usr/lib/gcc/x86_64-linux-gnu/5/../../../x86_64-linux-gnu/crt1.o /usr/lib/gcc/x86_64-linux-gnu/5/../../../x86_64-linux-gnu/crti.o /usr/lib/gcc/x86_64-linux-gnu/5/crtbegin.o -L/usr/lib/gcc/x86_64-linux-gnu/5 -L/usr/lib/gcc/x86_64-linux-gnu/5/../../../x86_64-linux-gnu -L/usr/lib/gcc/x86_64-linux-gnu/5/../../../../lib -L/lib/x86_64-linux-gnu -L/lib/../lib -L/usr/lib/x86_64-linux-gnu -L/usr/lib/../lib -L/usr/lib/gcc/x86_64-linux-gnu/5/../../.. CMakeFiles/cmTC_c8325.dir/CMakeCXXCompilerABI.cpp.o -lstdc++ -lm -lgcc_s -lgcc -lc -lgcc_s -lgcc /usr/lib/gcc/x86_64-linux-gnu/5/crtend.o /usr/lib/gcc/x86_64-linux-gnu/5/../../../x86_64-linux-gnu/crtn.o
make[1]: Leaving directory '/home/ubuntu/bro/my_build_dir/CMakeFiles/CMakeTmp'


Parsed CXX implicit link information from above output:
  link line regex: [^( *|.*[/\])(ld|([^/\]+-)?ld|collect2)[^/\]*( |$)]
  ignore line: [Change Dir: /home/ubuntu/bro/my_build_dir/CMakeFiles/CMakeTmp]
  ignore line: []
  ignore line: [Run Build Command:"/usr/bin/make" "cmTC_c8325/fast"]
  ignore line: [/usr/bin/make -f CMakeFiles/cmTC_c8325.dir/build.make CMakeFiles/cmTC_c8325.dir/build]
  ignore line: [make[1]: Entering directory '/home/ubuntu/bro/my_build_dir/CMakeFiles/CMakeTmp']
  ignore line: [Building CXX object CMakeFiles/cmTC_c8325.dir/CMakeCXXCompilerABI.cpp.o]
  ignore line: [/usr/bin/c++      -o CMakeFiles/cmTC_c8325.dir/CMakeCXXCompilerABI.cpp.o -c /usr/share/cmake-3.5/Modules/CMakeCXXCompilerABI.cpp]
  ignore line: [Linking CXX executable cmTC_c8325]
  ignore line: [/usr/bin/cmake -E cmake_link_script CMakeFiles/cmTC_c8325.dir/link.txt --verbose=1]
  ignore line: [/usr/bin/c++       -v CMakeFiles/cmTC_c8325.dir/CMakeCXXCompilerABI.cpp.o  -o cmTC_c8325 -rdynamic  ]
  ignore line: [Using built-in specs.]
  ignore line: [COLLECT_GCC=/usr/bin/c++]
  ignore line: [COLLECT_LTO_WRAPPER=/usr/lib/gcc/x86_64-linux-gnu/5/lto-wrapper]
  ignore line: [Target: x86_64-linux-gnu]
  ignore line: [Configured with: ../src/configure -v --with-pkgversion='Ubuntu 5.4.0-6ubuntu1~16.04.9' --with-bugurl=file:///usr/share/doc/gcc-5/README.Bugs --enable-languages=c,ada,c++,java,go,d,fortran,objc,obj-c++ --prefix=/usr --program-suffix=-5 --enable-shared --enable-linker-build-id --libexecdir=/usr/lib --without-included-gettext --enable-threads=posix --libdir=/usr/lib --enable-nls --with-sysroot=/ --enable-clocale=gnu --enable-libstdcxx-debug --enable-libstdcxx-time=yes --with-default-libstdcxx-abi=new --enable-gnu-unique-object --disable-vtable-verify --enable-libmpx --enable-plugin --with-system-zlib --disable-browser-plugin --enable-java-awt=gtk --enable-gtk-cairo --with-java-home=/usr/lib/jvm/java-1.5.0-gcj-5-amd64/jre --enable-java-home --with-jvm-root-dir=/usr/lib/jvm/java-1.5.0-gcj-5-amd64 --with-jvm-jar-dir=/usr/lib/jvm-exports/java-1.5.0-gcj-5-amd64 --with-arch-directory=amd64 --with-ecj-jar=/usr/share/java/eclipse-ecj.jar --enable-objc-gc --enable-multiarch --disable-werror --with-arch-32=i686 --with-abi=m64 --with-multilib-list=m32,m64,mx32 --enable-multilib --with-tune=generic --enable-checking=release --build=x86_64-linux-gnu --host=x86_64-linux-gnu --target=x86_64-linux-gnu]
  ignore line: [Thread model: posix]
  ignore line: [gcc version 5.4.0 20160609 (Ubuntu 5.4.0-6ubuntu1~16.04.9) ]
  ignore line: [COMPILER_PATH=/usr/lib/gcc/x86_64-linux-gnu/5/:/usr/lib/gcc/x86_64-linux-gnu/5/:/usr/lib/gcc/x86_64-linux-gnu/:/usr/lib/gcc/x86_64-linux-gnu/5/:/usr/lib/gcc/x86_64-linux-gnu/]
  ignore line: [LIBRARY_PATH=/usr/lib/gcc/x86_64-linux-gnu/5/:/usr/lib/gcc/x86_64-linux-gnu/5/../../../x86_64-linux-gnu/:/usr/lib/gcc/x86_64-linux-gnu/5/../../../../lib/:/lib/x86_64-linux-gnu/:/lib/../lib/:/usr/lib/x86_64-linux-gnu/:/usr/lib/../lib/:/usr/lib/gcc/x86_64-linux-gnu/5/../../../:/lib/:/usr/lib/]
  ignore line: [COLLECT_GCC_OPTIONS='-v' '-o' 'cmTC_c8325' '-rdynamic' '-shared-libgcc' '-mtune=generic' '-march=x86-64']
  link line: [ /usr/lib/gcc/x86_64-linux-gnu/5/collect2 -plugin /usr/lib/gcc/x86_64-linux-gnu/5/liblto_plugin.so -plugin-opt=/usr/lib/gcc/x86_64-linux-gnu/5/lto-wrapper -plugin-opt=-fresolution=/tmp/ccXBUTmw.res -plugin-opt=-pass-through=-lgcc_s -plugin-opt=-pass-through=-lgcc -plugin-opt=-pass-through=-lc -plugin-opt=-pass-through=-lgcc_s -plugin-opt=-pass-through=-lgcc --sysroot=/ --build-id --eh-frame-hdr -m elf_x86_64 --hash-style=gnu --as-needed -export-dynamic -dynamic-linker /lib64/ld-linux-x86-64.so.2 -z relro -o cmTC_c8325 /usr/lib/gcc/x86_64-linux-gnu/5/../../../x86_64-linux-gnu/crt1.o /usr/lib/gcc/x86_64-linux-gnu/5/../../../x86_64-linux-gnu/crti.o /usr/lib/gcc/x86_64-linux-gnu/5/crtbegin.o -L/usr/lib/gcc/x86_64-linux-gnu/5 -L/usr/lib/gcc/x86_64-linux-gnu/5/../../../x86_64-linux-gnu -L/usr/lib/gcc/x86_64-linux-gnu/5/../../../../lib -L/lib/x86_64-linux-gnu -L/lib/../lib -L/usr/lib/x86_64-linux-gnu -L/usr/lib/../lib -L/usr/lib/gcc/x86_64-linux-gnu/5/../../.. CMakeFiles/cmTC_c8325.dir/CMakeCXXCompilerABI.cpp.o -lstdc++ -lm -lgcc_s -lgcc -lc -lgcc_s -lgcc /usr/lib/gcc/x86_64-linux-gnu/5/crtend.o /usr/lib/gcc/x86_64-linux-gnu/5/../../../x86_64-linux-gnu/crtn.o]
    arg [/usr/lib/gcc/x86_64-linux-gnu/5/collect2] ==> ignore
    arg [-plugin] ==> ignore
    arg [/usr/lib/gcc/x86_64-linux-gnu/5/liblto_plugin.so] ==> ignore
    arg [-plugin-opt=/usr/lib/gcc/x86_64-linux-gnu/5/lto-wrapper] ==> ignore
    arg [-plugin-opt=-fresolution=/tmp/ccXBUTmw.res] ==> ignore
    arg [-plugin-opt=-pass-through=-lgcc_s] ==> ignore
    arg [-plugin-opt=-pass-through=-lgcc] ==> ignore
    arg [-plugin-opt=-pass-through=-lc] ==> ignore
    arg [-plugin-opt=-pass-through=-lgcc_s] ==> ignore
    arg [-plugin-opt=-pass-through=-lgcc] ==> ignore
    arg [--sysroot=/] ==> ignore
    arg [--build-id] ==> ignore
    arg [--eh-frame-hdr] ==> ignore
    arg [-m] ==> ignore
    arg [elf_x86_64] ==> ignore
    arg [--hash-style=gnu] ==> ignore
    arg [--as-needed] ==> ignore
    arg [-export-dynamic] ==> ignore
    arg [-dynamic-linker] ==> ignore
    arg [/lib64/ld-linux-x86-64.so.2] ==> ignore
    arg [-zrelro] ==> ignore
    arg [-o] ==> ignore
    arg [cmTC_c8325] ==> ignore
    arg [/usr/lib/gcc/x86_64-linux-gnu/5/../../../x86_64-linux-gnu/crt1.o] ==> ignore
    arg [/usr/lib/gcc/x86_64-linux-gnu/5/../../../x86_64-linux-gnu/crti.o] ==> ignore
    arg [/usr/lib/gcc/x86_64-linux-gnu/5/crtbegin.o] ==> ignore
    arg [-L/usr/lib/gcc/x86_64-linux-gnu/5] ==> dir [/usr/lib/gcc/x86_64-linux-gnu/5]
    arg [-L/usr/lib/gcc/x86_64-linux-gnu/5/../../../x86_64-linux-gnu] ==> dir [/usr/lib/gcc/x86_64-linux-gnu/5/../../../x86_64-linux-gnu]
    arg [-L/usr/lib/gcc/x86_64-linux-gnu/5/../../../../lib] ==> dir [/usr/lib/gcc/x86_64-linux-gnu/5/../../../../lib]
    arg [-L/lib/x86_64-linux-gnu] ==> dir [/lib/x86_64-linux-gnu]
    arg [-L/lib/../lib] ==> dir [/lib/../lib]
    arg [-L/usr/lib/x86_64-linux-gnu] ==> dir [/usr/lib/x86_64-linux-gnu]
    arg [-L/usr/lib/../lib] ==> dir [/usr/lib/../lib]
    arg [-L/usr/lib/gcc/x86_64-linux-gnu/5/../../..] ==> dir [/usr/lib/gcc/x86_64-linux-gnu/5/../../..]
    arg [CMakeFiles/cmTC_c8325.dir/CMakeCXXCompilerABI.cpp.o] ==> ignore
    arg [-lstdc++] ==> lib [stdc++]
    arg [-lm] ==> lib [m]
    arg [-lgcc_s] ==> lib [gcc_s]
    arg [-lgcc] ==> lib [gcc]
    arg [-lc] ==> lib [c]
    arg [-lgcc_s] ==> lib [gcc_s]
    arg [-lgcc] ==> lib [gcc]
    arg [/usr/lib/gcc/x86_64-linux-gnu/5/crtend.o] ==> ignore
    arg [/usr/lib/gcc/x86_64-linux-gnu/5/../../../x86_64-linux-gnu/crtn.o] ==> ignore
  remove lib [gcc_s]
  remove lib [gcc]
  remove lib [gcc_s]
  remove lib [gcc]
  collapse library dir [/usr/lib/gcc/x86_64-linux-gnu/5] ==> [/usr/lib/gcc/x86_64-linux-gnu/5]
  collapse library dir [/usr/lib/gcc/x86_64-linux-gnu/5/../../../x86_64-linux-gnu] ==> [/usr/lib/x86_64-linux-gnu]
  collapse library dir [/usr/lib/gcc/x86_64-linux-gnu/5/../../../../lib] ==> [/usr/lib]
  collapse library dir [/lib/x86_64-linux-gnu] ==> [/lib/x86_64-linux-gnu]
  collapse library dir [/lib/../lib] ==> [/lib]
  collapse library dir [/usr/lib/x86_64-linux-gnu] ==> [/usr/lib/x86_64-linux-gnu]
  collapse library dir [/usr/lib/../lib] ==> [/usr/lib]
  collapse library dir [/usr/lib/gcc/x86_64-linux-gnu/5/../../..] ==> [/usr/lib]
  implicit libs: [stdc++;m;c]
  implicit dirs: [/usr/lib/gcc/x86_64-linux-gnu/5;/usr/lib/x86_64-linux-gnu;/usr/lib;/lib/x86_64-linux-gnu;/lib]
  implicit fwks: []




Detecting CXX [-std=c++14] compiler features compiled with the following output:
Change Dir: /home/ubuntu/bro/my_build_dir/CMakeFiles/CMakeTmp

Run Build Command:"/usr/bin/make" "cmTC_93677/fast"
/usr/bin/make -f CMakeFiles/cmTC_93677.dir/build.make CMakeFiles/cmTC_93677.dir/build
make[1]: Entering directory '/home/ubuntu/bro/my_build_dir/CMakeFiles/CMakeTmp'
Building CXX object CMakeFiles/cmTC_93677.dir/feature_tests.cxx.o
/usr/bin/c++     -std=c++14 -o CMakeFiles/cmTC_93677.dir/feature_tests.cxx.o -c /home/ubuntu/bro/my_build_dir/CMakeFiles/feature_tests.cxx
Linking CXX executable cmTC_93677
/usr/bin/cmake -E cmake_link_script CMakeFiles/cmTC_93677.dir/link.txt --verbose=1
/usr/bin/c++        CMakeFiles/cmTC_93677.dir/feature_tests.cxx.o  -o cmTC_93677 -rdynamic 
make[1]: Leaving directory '/home/ubuntu/bro/my_build_dir/CMakeFiles/CMakeTmp'


    Feature record: CXX_FEATURE:1cxx_aggregate_default_initializers
    Feature record: CXX_FEATURE:1cxx_alias_templates
    Feature record: CXX_FEATURE:1cxx_alignas
    Feature record: CXX_FEATURE:1cxx_alignof
    Feature record: CXX_FEATURE:1cxx_attributes
    Feature record: CXX_FEATURE:1cxx_attribute_deprecated
    Feature record: CXX_FEATURE:1cxx_auto_type
    Feature record: CXX_FEATURE:1cxx_binary_literals
    Feature record: CXX_FEATURE:1cxx_constexpr
    Feature record: CXX_FEATURE:1cxx_contextual_conversions
    Feature record: CXX_FEATURE:1cxx_decltype
    Feature record: CXX_FEATURE:1cxx_decltype_auto
    Feature record: CXX_FEATURE:1cxx_decltype_incomplete_return_types
    Feature record: CXX_FEATURE:1cxx_default_function_template_args
    Feature record: CXX_FEATURE:1cxx_defaulted_functions
    Feature record: CXX_FEATURE:1cxx_defaulted_move_initializers
    Feature record: CXX_FEATURE:1cxx_delegating_constructors
    Feature record: CXX_FEATURE:1cxx_deleted_functions
    Feature record: CXX_FEATURE:1cxx_digit_separators
    Feature record: CXX_FEATURE:1cxx_enum_forward_declarations
    Feature record: CXX_FEATURE:1cxx_explicit_conversions
    Feature record: CXX_FEATURE:1cxx_extended_friend_declarations
    Feature record: CXX_FEATURE:1cxx_extern_templates
    Feature record: CXX_FEATURE:1cxx_final
    Feature record: CXX_FEATURE:1cxx_func_identifier
    Feature record: CXX_FEATURE:1cxx_generalized_initializers
    Feature record: CXX_FEATURE:1cxx_generic_lambdas
    Feature record: CXX_FEATURE:1cxx_inheriting_constructors
    Feature record: CXX_FEATURE:1cxx_inline_namespaces
    Feature record: CXX_FEATURE:1cxx_lambdas
    Feature record: CXX_FEATURE:1cxx_lambda_init_captures
    Feature record: CXX_FEATURE:1cxx_local_type_template_args
    Feature record: CXX_FEATURE:1cxx_long_long_type
    Feature record: CXX_FEATURE:1cxx_noexcept
    Feature record: CXX_FEATURE:1cxx_nonstatic_member_init
    Feature record: CXX_FEATURE:1cxx_nullptr
    Feature record: CXX_FEATURE:1cxx_override
    Feature record: CXX_FEATURE:1cxx_range_for
    Feature record: CXX_FEATURE:1cxx_raw_string_literals
    Feature record: CXX_FEATURE:1cxx_reference_qualified_functions
    Feature record: CXX_FEATURE:1cxx_relaxed_constexpr
    Feature record: CXX_FEATURE:1cxx_return_type_deduction
    Feature record: CXX_FEATURE:1cxx_right_angle_brackets
    Feature record: CXX_FEATURE:1cxx_rvalue_references
    Feature record: CXX_FEATURE:1cxx_sizeof_member
    Feature record: CXX_FEATURE:1cxx_static_assert
    Feature record: CXX_FEATURE:1cxx_strong_enums
    Feature record: CXX_FEATURE:1cxx_template_template_parameters
    Feature record: CXX_FEATURE:1cxx_thread_local
    Feature record: CXX_FEATURE:1cxx_trailing_return_types
    Feature record: CXX_FEATURE:1cxx_unicode_literals
    Feature record: CXX_FEATURE:1cxx_uniform_initialization
    Feature record: CXX_FEATURE:1cxx_unrestricted_unions
    Feature record: CXX_FEATURE:1cxx_user_literals
    Feature record: CXX_FEATURE:1cxx_variable_templates
    Feature record: CXX_FEATURE:1cxx_variadic_macros
    Feature record: CXX_FEATURE:1cxx_variadic_templates


Detecting CXX [-std=c++11] compiler features compiled with the following output:
Change Dir: /home/ubuntu/bro/my_build_dir/CMakeFiles/CMakeTmp

Run Build Command:"/usr/bin/make" "cmTC_35e67/fast"
/usr/bin/make -f CMakeFiles/cmTC_35e67.dir/build.make CMakeFiles/cmTC_35e67.dir/build
make[1]: Entering directory '/home/ubuntu/bro/my_build_dir/CMakeFiles/CMakeTmp'
Building CXX object CMakeFiles/cmTC_35e67.dir/feature_tests.cxx.o
/usr/bin/c++     -std=c++11 -o CMakeFiles/cmTC_35e67.dir/feature_tests.cxx.o -c /home/ubuntu/bro/my_build_dir/CMakeFiles/feature_tests.cxx
Linking CXX executable cmTC_35e67
/usr/bin/cmake -E cmake_link_script CMakeFiles/cmTC_35e67.dir/link.txt --verbose=1
/usr/bin/c++        CMakeFiles/cmTC_35e67.dir/feature_tests.cxx.o  -o cmTC_35e67 -rdynamic 
make[1]: Leaving directory '/home/ubuntu/bro/my_build_dir/CMakeFiles/CMakeTmp'


    Feature record: CXX_FEATURE:0cxx_aggregate_default_initializers
    Feature record: CXX_FEATURE:1cxx_alias_templates
    Feature record: CXX_FEATURE:1cxx_alignas
    Feature record: CXX_FEATURE:1cxx_alignof
    Feature record: CXX_FEATURE:1cxx_attributes
    Feature record: CXX_FEATURE:0cxx_attribute_deprecated
    Feature record: CXX_FEATURE:1cxx_auto_type
    Feature record: CXX_FEATURE:0cxx_binary_literals
    Feature record: CXX_FEATURE:1cxx_constexpr
    Feature record: CXX_FEATURE:0cxx_contextual_conversions
    Feature record: CXX_FEATURE:1cxx_decltype
    Feature record: CXX_FEATURE:0cxx_decltype_auto
    Feature record: CXX_FEATURE:1cxx_decltype_incomplete_return_types
    Feature record: CXX_FEATURE:1cxx_default_function_template_args
    Feature record: CXX_FEATURE:1cxx_defaulted_functions
    Feature record: CXX_FEATURE:1cxx_defaulted_move_initializers
    Feature record: CXX_FEATURE:1cxx_delegating_constructors
    Feature record: CXX_FEATURE:1cxx_deleted_functions
    Feature record: CXX_FEATURE:0cxx_digit_separators
    Feature record: CXX_FEATURE:1cxx_enum_forward_declarations
    Feature record: CXX_FEATURE:1cxx_explicit_conversions
    Feature record: CXX_FEATURE:1cxx_extended_friend_declarations
    Feature record: CXX_FEATURE:1cxx_extern_templates
    Feature record: CXX_FEATURE:1cxx_final
    Feature record: CXX_FEATURE:1cxx_func_identifier
    Feature record: CXX_FEATURE:1cxx_generalized_initializers
    Feature record: CXX_FEATURE:0cxx_generic_lambdas
    Feature record: CXX_FEATURE:1cxx_inheriting_constructors
    Feature record: CXX_FEATURE:1cxx_inline_namespaces
    Feature record: CXX_FEATURE:1cxx_lambdas
    Feature record: CXX_FEATURE:0cxx_lambda_init_captures
    Feature record: CXX_FEATURE:1cxx_local_type_template_args
    Feature record: CXX_FEATURE:1cxx_long_long_type
    Feature record: CXX_FEATURE:1cxx_noexcept
    Feature record: CXX_FEATURE:1cxx_nonstatic_member_init
    Feature record: CXX_FEATURE:1cxx_nullptr
    Feature record: CXX_FEATURE:1cxx_override
    Feature record: CXX_FEATURE:1cxx_range_for
    Feature record: CXX_FEATURE:1cxx_raw_string_literals
    Feature record: CXX_FEATURE:1cxx_reference_qualified_functions
    Feature record: CXX_FEATURE:0cxx_relaxed_constexpr
    Feature record: CXX_FEATURE:0cxx_return_type_deduction
    Feature record: CXX_FEATURE:1cxx_right_angle_brackets
    Feature record: CXX_FEATURE:1cxx_rvalue_references
    Feature record: CXX_FEATURE:1cxx_sizeof_member
    Feature record: CXX_FEATURE:1cxx_static_assert
    Feature record: CXX_FEATURE:1cxx_strong_enums
    Feature record: CXX_FEATURE:1cxx_template_template_parameters
    Feature record: CXX_FEATURE:1cxx_thread_local
    Feature record: CXX_FEATURE:1cxx_trailing_return_types
    Feature record: CXX_FEATURE:1cxx_unicode_literals
    Feature record: CXX_FEATURE:1cxx_uniform_initialization
    Feature record: CXX_FEATURE:1cxx_unrestricted_unions
    Feature record: CXX_FEATURE:1cxx_user_literals
    Feature record: CXX_FEATURE:0cxx_variable_templates
    Feature record: CXX_FEATURE:1cxx_variadic_macros
    Feature record: CXX_FEATURE:1cxx_variadic_templates


Detecting CXX [-std=c++98] compiler features compiled with the following output:
Change Dir: /home/ubuntu/bro/my_build_dir/CMakeFiles/CMakeTmp

Run Build Command:"/usr/bin/make" "cmTC_3cea8/fast"
/usr/bin/make -f CMakeFiles/cmTC_3cea8.dir/build.make CMakeFiles/cmTC_3cea8.dir/build
make[1]: Entering directory '/home/ubuntu/bro/my_build_dir/CMakeFiles/CMakeTmp'
Building CXX object CMakeFiles/cmTC_3cea8.dir/feature_tests.cxx.o
/usr/bin/c++     -std=c++98 -o CMakeFiles/cmTC_3cea8.dir/feature_tests.cxx.o -c /home/ubuntu/bro/my_build_dir/CMakeFiles/feature_tests.cxx
Linking CXX executable cmTC_3cea8
/usr/bin/cmake -E cmake_link_script CMakeFiles/cmTC_3cea8.dir/link.txt --verbose=1
/usr/bin/c++        CMakeFiles/cmTC_3cea8.dir/feature_tests.cxx.o  -o cmTC_3cea8 -rdynamic 
make[1]: Leaving directory '/home/ubuntu/bro/my_build_dir/CMakeFiles/CMakeTmp'


    Feature record: CXX_FEATURE:0cxx_aggregate_default_initializers
    Feature record: CXX_FEATURE:0cxx_alias_templates
    Feature record: CXX_FEATURE:0cxx_alignas
    Feature record: CXX_FEATURE:0cxx_alignof
    Feature record: CXX_FEATURE:0cxx_attributes
    Feature record: CXX_FEATURE:0cxx_attribute_deprecated
    Feature record: CXX_FEATURE:0cxx_auto_type
    Feature record: CXX_FEATURE:0cxx_binary_literals
    Feature record: CXX_FEATURE:0cxx_constexpr
    Feature record: CXX_FEATURE:0cxx_contextual_conversions
    Feature record: CXX_FEATURE:0cxx_decltype
    Feature record: CXX_FEATURE:0cxx_decltype_auto
    Feature record: CXX_FEATURE:0cxx_decltype_incomplete_return_types
    Feature record: CXX_FEATURE:0cxx_default_function_template_args
    Feature record: CXX_FEATURE:0cxx_defaulted_functions
    Feature record: CXX_FEATURE:0cxx_defaulted_move_initializers
    Feature record: CXX_FEATURE:0cxx_delegating_constructors
    Feature record: CXX_FEATURE:0cxx_deleted_functions
    Feature record: CXX_FEATURE:0cxx_digit_separators
    Feature record: CXX_FEATURE:0cxx_enum_forward_declarations
    Feature record: CXX_FEATURE:0cxx_explicit_conversions
    Feature record: CXX_FEATURE:0cxx_extended_friend_declarations
    Feature record: CXX_FEATURE:0cxx_extern_templates
    Feature record: CXX_FEATURE:0cxx_final
    Feature record: CXX_FEATURE:0cxx_func_identifier
    Feature record: CXX_FEATURE:0cxx_generalized_initializers
    Feature record: CXX_FEATURE:0cxx_generic_lambdas
    Feature record: CXX_FEATURE:0cxx_inheriting_constructors
    Feature record: CXX_FEATURE:0cxx_inline_namespaces
    Feature record: CXX_FEATURE:0cxx_lambdas
    Feature record: CXX_FEATURE:0cxx_lambda_init_captures
    Feature record: CXX_FEATURE:0cxx_local_type_template_args
    Feature record: CXX_FEATURE:0cxx_long_long_type
    Feature record: CXX_FEATURE:0cxx_noexcept
    Feature record: CXX_FEATURE:0cxx_nonstatic_member_init
    Feature record: CXX_FEATURE:0cxx_nullptr
    Feature record: CXX_FEATURE:0cxx_override
    Feature record: CXX_FEATURE:0cxx_range_for
    Feature record: CXX_FEATURE:0cxx_raw_string_literals
    Feature record: CXX_FEATURE:0cxx_reference_qualified_functions
    Feature record: CXX_FEATURE:0cxx_relaxed_constexpr
    Feature record: CXX_FEATURE:0cxx_return_type_deduction
    Feature record: CXX_FEATURE:0cxx_right_angle_brackets
    Feature record: CXX_FEATURE:0cxx_rvalue_references
    Feature record: CXX_FEATURE:0cxx_sizeof_member
    Feature record: CXX_FEATURE:0cxx_static_assert
    Feature record: CXX_FEATURE:0cxx_strong_enums
    Feature record: CXX_FEATURE:1cxx_template_template_parameters
    Feature record: CXX_FEATURE:0cxx_thread_local
    Feature record: CXX_FEATURE:0cxx_trailing_return_types
    Feature record: CXX_FEATURE:0cxx_unicode_literals
    Feature record: CXX_FEATURE:0cxx_uniform_initialization
    Feature record: CXX_FEATURE:0cxx_unrestricted_unions
    Feature record: CXX_FEATURE:0cxx_user_literals
    Feature record: CXX_FEATURE:0cxx_variable_templates
    Feature record: CXX_FEATURE:0cxx_variadic_macros
    Feature record: CXX_FEATURE:0cxx_variadic_templates
Performing C SOURCE FILE Test PCAP_LINKS_SOLO succeeded with the following output:
Change Dir: /home/ubuntu/bro/my_build_dir/CMakeFiles/CMakeTmp

Run Build Command:"/usr/bin/make" "cmTC_a8f8a/fast"
/usr/bin/make -f CMakeFiles/cmTC_a8f8a.dir/build.make CMakeFiles/cmTC_a8f8a.dir/build
make[1]: Entering directory '/home/ubuntu/bro/my_build_dir/CMakeFiles/CMakeTmp'
Building C object CMakeFiles/cmTC_a8f8a.dir/src.c.o
/usr/bin/cc    -Wall -Wno-unused -DPCAP_LINKS_SOLO   -o CMakeFiles/cmTC_a8f8a.dir/src.c.o   -c /home/ubuntu/bro/my_build_dir/CMakeFiles/CMakeTmp/src.c
Linking C executable cmTC_a8f8a
/usr/bin/cmake -E cmake_link_script CMakeFiles/cmTC_a8f8a.dir/link.txt --verbose=1
/usr/bin/cc   -Wall -Wno-unused -DPCAP_LINKS_SOLO    CMakeFiles/cmTC_a8f8a.dir/src.c.o  -o cmTC_a8f8a -rdynamic /usr/lib/x86_64-linux-gnu/libpcap.so 
make[1]: Leaving directory '/home/ubuntu/bro/my_build_dir/CMakeFiles/CMakeTmp'

Source file was:
int main() { return 0; }
Performing C SOURCE FILE Test ns_initparse_works_libresolv.a succeeded with the following output:
Change Dir: /home/ubuntu/bro/my_build_dir/CMakeFiles/CMakeTmp

Run Build Command:"/usr/bin/make" "cmTC_38029/fast"
/usr/bin/make -f CMakeFiles/cmTC_38029.dir/build.make CMakeFiles/cmTC_38029.dir/build
make[1]: Entering directory '/home/ubuntu/bro/my_build_dir/CMakeFiles/CMakeTmp'
Building C object CMakeFiles/cmTC_38029.dir/src.c.o
/usr/bin/cc    -Wall -Wno-unused -Dns_initparse_works_libresolv.a   -o CMakeFiles/cmTC_38029.dir/src.c.o   -c /home/ubuntu/bro/my_build_dir/CMakeFiles/CMakeTmp/src.c
<command-line>:0:29: warning: ISO C99 requires whitespace after the macro name
Linking C executable cmTC_38029
/usr/bin/cmake -E cmake_link_script CMakeFiles/cmTC_38029.dir/link.txt --verbose=1
/usr/bin/cc   -Wall -Wno-unused -Dns_initparse_works_libresolv.a    CMakeFiles/cmTC_38029.dir/src.c.o  -o cmTC_38029 -rdynamic /usr/lib/x86_64-linux-gnu/libresolv.a 
make[1]: Leaving directory '/home/ubuntu/bro/my_build_dir/CMakeFiles/CMakeTmp'

Source file was:

        #include <arpa/nameser.h>
        int main() {
            ns_initparse(0, 0, 0);
            return 0;
        }

Performing C SOURCE FILE Test res_mkquery_works_libresolv.a succeeded with the following output:
Change Dir: /home/ubuntu/bro/my_build_dir/CMakeFiles/CMakeTmp

Run Build Command:"/usr/bin/make" "cmTC_10a7a/fast"
/usr/bin/make -f CMakeFiles/cmTC_10a7a.dir/build.make CMakeFiles/cmTC_10a7a.dir/build
make[1]: Entering directory '/home/ubuntu/bro/my_build_dir/CMakeFiles/CMakeTmp'
Building C object CMakeFiles/cmTC_10a7a.dir/src.c.o
/usr/bin/cc    -Wall -Wno-unused -Dres_mkquery_works_libresolv.a   -o CMakeFiles/cmTC_10a7a.dir/src.c.o   -c /home/ubuntu/bro/my_build_dir/CMakeFiles/CMakeTmp/src.c
<command-line>:0:28: warning: ISO C99 requires whitespace after the macro name
Linking C executable cmTC_10a7a
/usr/bin/cmake -E cmake_link_script CMakeFiles/cmTC_10a7a.dir/link.txt --verbose=1
/usr/bin/cc   -Wall -Wno-unused -Dres_mkquery_works_libresolv.a    CMakeFiles/cmTC_10a7a.dir/src.c.o  -o cmTC_10a7a -rdynamic /usr/lib/x86_64-linux-gnu/libresolv.a 
make[1]: Leaving directory '/home/ubuntu/bro/my_build_dir/CMakeFiles/CMakeTmp'

Source file was:

        #include <sys/types.h>
        #include <sys/socket.h>
        #include <netinet/in.h>
        #include <arpa/nameser.h>
        #include <resolv.h>
        int main() {
            int (*p)() = res_mkquery;
            return 0;
        }

Determining if the include file sys/types.h exists passed with the following output:
Change Dir: /home/ubuntu/bro/my_build_dir/CMakeFiles/CMakeTmp

Run Build Command:"/usr/bin/make" "cmTC_465d0/fast"
/usr/bin/make -f CMakeFiles/cmTC_465d0.dir/build.make CMakeFiles/cmTC_465d0.dir/build
make[1]: Entering directory '/home/ubuntu/bro/my_build_dir/CMakeFiles/CMakeTmp'
Building C object CMakeFiles/cmTC_465d0.dir/CheckIncludeFile.c.o
/usr/bin/cc    -Wall -Wno-unused    -o CMakeFiles/cmTC_465d0.dir/CheckIncludeFile.c.o   -c /home/ubuntu/bro/my_build_dir/CMakeFiles/CMakeTmp/CheckIncludeFile.c
Linking C executable cmTC_465d0
/usr/bin/cmake -E cmake_link_script CMakeFiles/cmTC_465d0.dir/link.txt --verbose=1
/usr/bin/cc   -Wall -Wno-unused     CMakeFiles/cmTC_465d0.dir/CheckIncludeFile.c.o  -o cmTC_465d0 -rdynamic 
make[1]: Leaving directory '/home/ubuntu/bro/my_build_dir/CMakeFiles/CMakeTmp'


Determining if the include file stdint.h exists passed with the following output:
Change Dir: /home/ubuntu/bro/my_build_dir/CMakeFiles/CMakeTmp

Run Build Command:"/usr/bin/make" "cmTC_243c9/fast"
/usr/bin/make -f CMakeFiles/cmTC_243c9.dir/build.make CMakeFiles/cmTC_243c9.dir/build
make[1]: Entering directory '/home/ubuntu/bro/my_build_dir/CMakeFiles/CMakeTmp'
Building C object CMakeFiles/cmTC_243c9.dir/CheckIncludeFile.c.o
/usr/bin/cc    -Wall -Wno-unused    -o CMakeFiles/cmTC_243c9.dir/CheckIncludeFile.c.o   -c /home/ubuntu/bro/my_build_dir/CMakeFiles/CMakeTmp/CheckIncludeFile.c
Linking C executable cmTC_243c9
/usr/bin/cmake -E cmake_link_script CMakeFiles/cmTC_243c9.dir/link.txt --verbose=1
/usr/bin/cc   -Wall -Wno-unused     CMakeFiles/cmTC_243c9.dir/CheckIncludeFile.c.o  -o cmTC_243c9 -rdynamic 
make[1]: Leaving directory '/home/ubuntu/bro/my_build_dir/CMakeFiles/CMakeTmp'


Determining if the include file stddef.h exists passed with the following output:
Change Dir: /home/ubuntu/bro/my_build_dir/CMakeFiles/CMakeTmp

Run Build Command:"/usr/bin/make" "cmTC_c5e4c/fast"
/usr/bin/make -f CMakeFiles/cmTC_c5e4c.dir/build.make CMakeFiles/cmTC_c5e4c.dir/build
make[1]: Entering directory '/home/ubuntu/bro/my_build_dir/CMakeFiles/CMakeTmp'
Building C object CMakeFiles/cmTC_c5e4c.dir/CheckIncludeFile.c.o
/usr/bin/cc    -Wall -Wno-unused    -o CMakeFiles/cmTC_c5e4c.dir/CheckIncludeFile.c.o   -c /home/ubuntu/bro/my_build_dir/CMakeFiles/CMakeTmp/CheckIncludeFile.c
Linking C executable cmTC_c5e4c
/usr/bin/cmake -E cmake_link_script CMakeFiles/cmTC_c5e4c.dir/link.txt --verbose=1
/usr/bin/cc   -Wall -Wno-unused     CMakeFiles/cmTC_c5e4c.dir/CheckIncludeFile.c.o  -o cmTC_c5e4c -rdynamic 
make[1]: Leaving directory '/home/ubuntu/bro/my_build_dir/CMakeFiles/CMakeTmp'


Determining size of unsigned short passed with the following output:
Change Dir: /home/ubuntu/bro/my_build_dir/CMakeFiles/CMakeTmp

Run Build Command:"/usr/bin/make" "cmTC_a55c1/fast"
/usr/bin/make -f CMakeFiles/cmTC_a55c1.dir/build.make CMakeFiles/cmTC_a55c1.dir/build
make[1]: Entering directory '/home/ubuntu/bro/my_build_dir/CMakeFiles/CMakeTmp'
Building C object CMakeFiles/cmTC_a55c1.dir/CMAKE_SIZEOF_UNSIGNED_SHORT.c.o
/usr/bin/cc    -Wall -Wno-unused    -o CMakeFiles/cmTC_a55c1.dir/CMAKE_SIZEOF_UNSIGNED_SHORT.c.o   -c /home/ubuntu/bro/my_build_dir/CMakeFiles/CheckTypeSize/CMAKE_SIZEOF_UNSIGNED_SHORT.c
Linking C executable cmTC_a55c1
/usr/bin/cmake -E cmake_link_script CMakeFiles/cmTC_a55c1.dir/link.txt --verbose=1
/usr/bin/cc   -Wall -Wno-unused     CMakeFiles/cmTC_a55c1.dir/CMAKE_SIZEOF_UNSIGNED_SHORT.c.o  -o cmTC_a55c1 -rdynamic 
make[1]: Leaving directory '/home/ubuntu/bro/my_build_dir/CMakeFiles/CMakeTmp'


Determining size of unsigned int passed with the following output:
Change Dir: /home/ubuntu/bro/my_build_dir/CMakeFiles/CMakeTmp

Run Build Command:"/usr/bin/make" "cmTC_e6dce/fast"
/usr/bin/make -f CMakeFiles/cmTC_e6dce.dir/build.make CMakeFiles/cmTC_e6dce.dir/build
make[1]: Entering directory '/home/ubuntu/bro/my_build_dir/CMakeFiles/CMakeTmp'
Building C object CMakeFiles/cmTC_e6dce.dir/SIZEOF_UNSIGNED_INT.c.o
/usr/bin/cc    -Wall -Wno-unused    -o CMakeFiles/cmTC_e6dce.dir/SIZEOF_UNSIGNED_INT.c.o   -c /home/ubuntu/bro/my_build_dir/CMakeFiles/CheckTypeSize/SIZEOF_UNSIGNED_INT.c
Linking C executable cmTC_e6dce
/usr/bin/cmake -E cmake_link_script CMakeFiles/cmTC_e6dce.dir/link.txt --verbose=1
/usr/bin/cc   -Wall -Wno-unused     CMakeFiles/cmTC_e6dce.dir/SIZEOF_UNSIGNED_INT.c.o  -o cmTC_e6dce -rdynamic 
make[1]: Leaving directory '/home/ubuntu/bro/my_build_dir/CMakeFiles/CMakeTmp'


Determining size of long int passed with the following output:
Change Dir: /home/ubuntu/bro/my_build_dir/CMakeFiles/CMakeTmp

Run Build Command:"/usr/bin/make" "cmTC_8f98d/fast"
/usr/bin/make -f CMakeFiles/cmTC_8f98d.dir/build.make CMakeFiles/cmTC_8f98d.dir/build
make[1]: Entering directory '/home/ubuntu/bro/my_build_dir/CMakeFiles/CMakeTmp'
Building C object CMakeFiles/cmTC_8f98d.dir/SIZEOF_LONG_INT.c.o
/usr/bin/cc    -Wall -Wno-unused    -o CMakeFiles/cmTC_8f98d.dir/SIZEOF_LONG_INT.c.o   -c /home/ubuntu/bro/my_build_dir/CMakeFiles/CheckTypeSize/SIZEOF_LONG_INT.c
Linking C executable cmTC_8f98d
/usr/bin/cmake -E cmake_link_script CMakeFiles/cmTC_8f98d.dir/link.txt --verbose=1
/usr/bin/cc   -Wall -Wno-unused     CMakeFiles/cmTC_8f98d.dir/SIZEOF_LONG_INT.c.o  -o cmTC_8f98d -rdynamic 
make[1]: Leaving directory '/home/ubuntu/bro/my_build_dir/CMakeFiles/CMakeTmp'


Determining size of long long passed with the following output:
Change Dir: /home/ubuntu/bro/my_build_dir/CMakeFiles/CMakeTmp

Run Build Command:"/usr/bin/make" "cmTC_716cd/fast"
/usr/bin/make -f CMakeFiles/cmTC_716cd.dir/build.make CMakeFiles/cmTC_716cd.dir/build
make[1]: Entering directory '/home/ubuntu/bro/my_build_dir/CMakeFiles/CMakeTmp'
Building C object CMakeFiles/cmTC_716cd.dir/SIZEOF_LONG_LONG.c.o
/usr/bin/cc    -Wall -Wno-unused    -o CMakeFiles/cmTC_716cd.dir/SIZEOF_LONG_LONG.c.o   -c /home/ubuntu/bro/my_build_dir/CMakeFiles/CheckTypeSize/SIZEOF_LONG_LONG.c
Linking C executable cmTC_716cd
/usr/bin/cmake -E cmake_link_script CMakeFiles/cmTC_716cd.dir/link.txt --verbose=1
/usr/bin/cc   -Wall -Wno-unused     CMakeFiles/cmTC_716cd.dir/SIZEOF_LONG_LONG.c.o  -o cmTC_716cd -rdynamic 
make[1]: Leaving directory '/home/ubuntu/bro/my_build_dir/CMakeFiles/CMakeTmp'


Determining size of void * passed with the following output:
Change Dir: /home/ubuntu/bro/my_build_dir/CMakeFiles/CMakeTmp

Run Build Command:"/usr/bin/make" "cmTC_c06ba/fast"
/usr/bin/make -f CMakeFiles/cmTC_c06ba.dir/build.make CMakeFiles/cmTC_c06ba.dir/build
make[1]: Entering directory '/home/ubuntu/bro/my_build_dir/CMakeFiles/CMakeTmp'
Building C object CMakeFiles/cmTC_c06ba.dir/SIZEOF_VOID_P.c.o
/usr/bin/cc    -Wall -Wno-unused    -o CMakeFiles/cmTC_c06ba.dir/SIZEOF_VOID_P.c.o   -c /home/ubuntu/bro/my_build_dir/CMakeFiles/CheckTypeSize/SIZEOF_VOID_P.c
Linking C executable cmTC_c06ba
/usr/bin/cmake -E cmake_link_script CMakeFiles/cmTC_c06ba.dir/link.txt --verbose=1
/usr/bin/cc   -Wall -Wno-unused     CMakeFiles/cmTC_c06ba.dir/SIZEOF_VOID_P.c.o  -o cmTC_c06ba -rdynamic 
make[1]: Leaving directory '/home/ubuntu/bro/my_build_dir/CMakeFiles/CMakeTmp'


Determining size of int32_t passed with the following output:
Change Dir: /home/ubuntu/bro/my_build_dir/CMakeFiles/CMakeTmp

Run Build Command:"/usr/bin/make" "cmTC_79876/fast"
/usr/bin/make -f CMakeFiles/cmTC_79876.dir/build.make CMakeFiles/cmTC_79876.dir/build
make[1]: Entering directory '/home/ubuntu/bro/my_build_dir/CMakeFiles/CMakeTmp'
Building C object CMakeFiles/cmTC_79876.dir/int32_t.c.o
/usr/bin/cc    -Wall -Wno-unused    -o CMakeFiles/cmTC_79876.dir/int32_t.c.o   -c /home/ubuntu/bro/my_build_dir/CMakeFiles/CheckTypeSize/int32_t.c
Linking C executable cmTC_79876
/usr/bin/cmake -E cmake_link_script CMakeFiles/cmTC_79876.dir/link.txt --verbose=1
/usr/bin/cc   -Wall -Wno-unused     CMakeFiles/cmTC_79876.dir/int32_t.c.o  -o cmTC_79876 -rdynamic 
make[1]: Leaving directory '/home/ubuntu/bro/my_build_dir/CMakeFiles/CMakeTmp'


Determining size of u_int32_t passed with the following output:
Change Dir: /home/ubuntu/bro/my_build_dir/CMakeFiles/CMakeTmp

Run Build Command:"/usr/bin/make" "cmTC_cc0d9/fast"
/usr/bin/make -f CMakeFiles/cmTC_cc0d9.dir/build.make CMakeFiles/cmTC_cc0d9.dir/build
make[1]: Entering directory '/home/ubuntu/bro/my_build_dir/CMakeFiles/CMakeTmp'
Building C object CMakeFiles/cmTC_cc0d9.dir/u_int32_t.c.o
/usr/bin/cc    -Wall -Wno-unused    -o CMakeFiles/cmTC_cc0d9.dir/u_int32_t.c.o   -c /home/ubuntu/bro/my_build_dir/CMakeFiles/CheckTypeSize/u_int32_t.c
Linking C executable cmTC_cc0d9
/usr/bin/cmake -E cmake_link_script CMakeFiles/cmTC_cc0d9.dir/link.txt --verbose=1
/usr/bin/cc   -Wall -Wno-unused     CMakeFiles/cmTC_cc0d9.dir/u_int32_t.c.o  -o cmTC_cc0d9 -rdynamic 
make[1]: Leaving directory '/home/ubuntu/bro/my_build_dir/CMakeFiles/CMakeTmp'


Determining size of u_int16_t passed with the following output:
Change Dir: /home/ubuntu/bro/my_build_dir/CMakeFiles/CMakeTmp

Run Build Command:"/usr/bin/make" "cmTC_40538/fast"
/usr/bin/make -f CMakeFiles/cmTC_40538.dir/build.make CMakeFiles/cmTC_40538.dir/build
make[1]: Entering directory '/home/ubuntu/bro/my_build_dir/CMakeFiles/CMakeTmp'
Building C object CMakeFiles/cmTC_40538.dir/u_int16_t.c.o
/usr/bin/cc    -Wall -Wno-unused    -o CMakeFiles/cmTC_40538.dir/u_int16_t.c.o   -c /home/ubuntu/bro/my_build_dir/CMakeFiles/CheckTypeSize/u_int16_t.c
Linking C executable cmTC_40538
/usr/bin/cmake -E cmake_link_script CMakeFiles/cmTC_40538.dir/link.txt --verbose=1
/usr/bin/cc   -Wall -Wno-unused     CMakeFiles/cmTC_40538.dir/u_int16_t.c.o  -o cmTC_40538 -rdynamic 
make[1]: Leaving directory '/home/ubuntu/bro/my_build_dir/CMakeFiles/CMakeTmp'


Determining size of u_int8_t passed with the following output:
Change Dir: /home/ubuntu/bro/my_build_dir/CMakeFiles/CMakeTmp

Run Build Command:"/usr/bin/make" "cmTC_2074a/fast"
/usr/bin/make -f CMakeFiles/cmTC_2074a.dir/build.make CMakeFiles/cmTC_2074a.dir/build
make[1]: Entering directory '/home/ubuntu/bro/my_build_dir/CMakeFiles/CMakeTmp'
Building C object CMakeFiles/cmTC_2074a.dir/u_int8_t.c.o
/usr/bin/cc    -Wall -Wno-unused    -o CMakeFiles/cmTC_2074a.dir/u_int8_t.c.o   -c /home/ubuntu/bro/my_build_dir/CMakeFiles/CheckTypeSize/u_int8_t.c
Linking C executable cmTC_2074a
/usr/bin/cmake -E cmake_link_script CMakeFiles/cmTC_2074a.dir/link.txt --verbose=1
/usr/bin/cc   -Wall -Wno-unused     CMakeFiles/cmTC_2074a.dir/u_int8_t.c.o  -o cmTC_2074a -rdynamic 
make[1]: Leaving directory '/home/ubuntu/bro/my_build_dir/CMakeFiles/CMakeTmp'


Determining size of socklen_t passed with the following output:
Change Dir: /home/ubuntu/bro/my_build_dir/CMakeFiles/CMakeTmp

Run Build Command:"/usr/bin/make" "cmTC_b8cb9/fast"
/usr/bin/make -f CMakeFiles/cmTC_b8cb9.dir/build.make CMakeFiles/cmTC_b8cb9.dir/build
make[1]: Entering directory '/home/ubuntu/bro/my_build_dir/CMakeFiles/CMakeTmp'
Building C object CMakeFiles/cmTC_b8cb9.dir/socklen_t.c.o
/usr/bin/cc    -Wall -Wno-unused    -o CMakeFiles/cmTC_b8cb9.dir/socklen_t.c.o   -c /home/ubuntu/bro/my_build_dir/CMakeFiles/CheckTypeSize/socklen_t.c
Linking C executable cmTC_b8cb9
/usr/bin/cmake -E cmake_link_script CMakeFiles/cmTC_b8cb9.dir/link.txt --verbose=1
/usr/bin/cc   -Wall -Wno-unused     CMakeFiles/cmTC_b8cb9.dir/socklen_t.c.o  -o cmTC_b8cb9 -rdynamic 
make[1]: Leaving directory '/home/ubuntu/bro/my_build_dir/CMakeFiles/CMakeTmp'


Determining size of struct ip6_opt passed with the following output:
Change Dir: /home/ubuntu/bro/my_build_dir/CMakeFiles/CMakeTmp

Run Build Command:"/usr/bin/make" "cmTC_4f948/fast"
/usr/bin/make -f CMakeFiles/cmTC_4f948.dir/build.make CMakeFiles/cmTC_4f948.dir/build
make[1]: Entering directory '/home/ubuntu/bro/my_build_dir/CMakeFiles/CMakeTmp'
Building C object CMakeFiles/cmTC_4f948.dir/IP6_OPT.c.o
/usr/bin/cc    -Wall -Wno-unused    -o CMakeFiles/cmTC_4f948.dir/IP6_OPT.c.o   -c /home/ubuntu/bro/my_build_dir/CMakeFiles/CheckTypeSize/IP6_OPT.c
Linking C executable cmTC_4f948
/usr/bin/cmake -E cmake_link_script CMakeFiles/cmTC_4f948.dir/link.txt --verbose=1
/usr/bin/cc   -Wall -Wno-unused     CMakeFiles/cmTC_4f948.dir/IP6_OPT.c.o  -o cmTC_4f948 -rdynamic 
make[1]: Leaving directory '/home/ubuntu/bro/my_build_dir/CMakeFiles/CMakeTmp'


Determining size of struct ip6_ext passed with the following output:
Change Dir: /home/ubuntu/bro/my_build_dir/CMakeFiles/CMakeTmp

Run Build Command:"/usr/bin/make" "cmTC_d5c91/fast"
/usr/bin/make -f CMakeFiles/cmTC_d5c91.dir/build.make CMakeFiles/cmTC_d5c91.dir/build
make[1]: Entering directory '/home/ubuntu/bro/my_build_dir/CMakeFiles/CMakeTmp'
Building C object CMakeFiles/cmTC_d5c91.dir/IP6_EXT.c.o
/usr/bin/cc    -Wall -Wno-unused    -o CMakeFiles/cmTC_d5c91.dir/IP6_EXT.c.o   -c /home/ubuntu/bro/my_build_dir/CMakeFiles/CheckTypeSize/IP6_EXT.c
Linking C executable cmTC_d5c91
/usr/bin/cmake -E cmake_link_script CMakeFiles/cmTC_d5c91.dir/link.txt --verbose=1
/usr/bin/cc   -Wall -Wno-unused     CMakeFiles/cmTC_d5c91.dir/IP6_EXT.c.o  -o cmTC_d5c91 -rdynamic 
make[1]: Leaving directory '/home/ubuntu/bro/my_build_dir/CMakeFiles/CMakeTmp'


Determining if files getopt.h exist passed with the following output:
Change Dir: /home/ubuntu/bro/my_build_dir/CMakeFiles/CMakeTmp

Run Build Command:"/usr/bin/make" "cmTC_58e5a/fast"
/usr/bin/make -f CMakeFiles/cmTC_58e5a.dir/build.make CMakeFiles/cmTC_58e5a.dir/build
make[1]: Entering directory '/home/ubuntu/bro/my_build_dir/CMakeFiles/CMakeTmp'
Building C object CMakeFiles/cmTC_58e5a.dir/CheckIncludeFiles.c.o
/usr/bin/cc    -Wall -Wno-unused    -o CMakeFiles/cmTC_58e5a.dir/CheckIncludeFiles.c.o   -c /home/ubuntu/bro/my_build_dir/CMakeFiles/CMakeTmp/CheckIncludeFiles.c
Linking C executable cmTC_58e5a
/usr/bin/cmake -E cmake_link_script CMakeFiles/cmTC_58e5a.dir/link.txt --verbose=1
/usr/bin/cc   -Wall -Wno-unused     CMakeFiles/cmTC_58e5a.dir/CheckIncludeFiles.c.o  -o cmTC_58e5a -rdynamic 
make[1]: Leaving directory '/home/ubuntu/bro/my_build_dir/CMakeFiles/CMakeTmp'


Determining if files memory.h exist passed with the following output:
Change Dir: /home/ubuntu/bro/my_build_dir/CMakeFiles/CMakeTmp

Run Build Command:"/usr/bin/make" "cmTC_5fa8d/fast"
/usr/bin/make -f CMakeFiles/cmTC_5fa8d.dir/build.make CMakeFiles/cmTC_5fa8d.dir/build
make[1]: Entering directory '/home/ubuntu/bro/my_build_dir/CMakeFiles/CMakeTmp'
Building C object CMakeFiles/cmTC_5fa8d.dir/CheckIncludeFiles.c.o
/usr/bin/cc    -Wall -Wno-unused    -o CMakeFiles/cmTC_5fa8d.dir/CheckIncludeFiles.c.o   -c /home/ubuntu/bro/my_build_dir/CMakeFiles/CMakeTmp/CheckIncludeFiles.c
Linking C executable cmTC_5fa8d
/usr/bin/cmake -E cmake_link_script CMakeFiles/cmTC_5fa8d.dir/link.txt --verbose=1
/usr/bin/cc   -Wall -Wno-unused     CMakeFiles/cmTC_5fa8d.dir/CheckIncludeFiles.c.o  -o cmTC_5fa8d -rdynamic 
make[1]: Leaving directory '/home/ubuntu/bro/my_build_dir/CMakeFiles/CMakeTmp'


Determining if files netinet/ether.h exist passed with the following output:
Change Dir: /home/ubuntu/bro/my_build_dir/CMakeFiles/CMakeTmp

Run Build Command:"/usr/bin/make" "cmTC_48e6c/fast"
/usr/bin/make -f CMakeFiles/cmTC_48e6c.dir/build.make CMakeFiles/cmTC_48e6c.dir/build
make[1]: Entering directory '/home/ubuntu/bro/my_build_dir/CMakeFiles/CMakeTmp'
Building C object CMakeFiles/cmTC_48e6c.dir/CheckIncludeFiles.c.o
/usr/bin/cc    -Wall -Wno-unused    -o CMakeFiles/cmTC_48e6c.dir/CheckIncludeFiles.c.o   -c /home/ubuntu/bro/my_build_dir/CMakeFiles/CMakeTmp/CheckIncludeFiles.c
Linking C executable cmTC_48e6c
/usr/bin/cmake -E cmake_link_script CMakeFiles/cmTC_48e6c.dir/link.txt --verbose=1
/usr/bin/cc   -Wall -Wno-unused     CMakeFiles/cmTC_48e6c.dir/CheckIncludeFiles.c.o  -o cmTC_48e6c -rdynamic 
make[1]: Leaving directory '/home/ubuntu/bro/my_build_dir/CMakeFiles/CMakeTmp'


Determining if files sys/socket.h;netinet/in.h;net/if.h;netinet/if_ether.h exist passed with the following output:
Change Dir: /home/ubuntu/bro/my_build_dir/CMakeFiles/CMakeTmp

Run Build Command:"/usr/bin/make" "cmTC_66c74/fast"
/usr/bin/make -f CMakeFiles/cmTC_66c74.dir/build.make CMakeFiles/cmTC_66c74.dir/build
make[1]: Entering directory '/home/ubuntu/bro/my_build_dir/CMakeFiles/CMakeTmp'
Building C object CMakeFiles/cmTC_66c74.dir/CheckIncludeFiles.c.o
/usr/bin/cc    -Wall -Wno-unused    -o CMakeFiles/cmTC_66c74.dir/CheckIncludeFiles.c.o   -c /home/ubuntu/bro/my_build_dir/CMakeFiles/CMakeTmp/CheckIncludeFiles.c
Linking C executable cmTC_66c74
/usr/bin/cmake -E cmake_link_script CMakeFiles/cmTC_66c74.dir/link.txt --verbose=1
/usr/bin/cc   -Wall -Wno-unused     CMakeFiles/cmTC_66c74.dir/CheckIncludeFiles.c.o  -o cmTC_66c74 -rdynamic 
make[1]: Leaving directory '/home/ubuntu/bro/my_build_dir/CMakeFiles/CMakeTmp'


Determining if files sys/socket.h;netinet/in.h;net/if.h;netinet/ip6.h exist passed with the following output:
Change Dir: /home/ubuntu/bro/my_build_dir/CMakeFiles/CMakeTmp

Run Build Command:"/usr/bin/make" "cmTC_408f3/fast"
/usr/bin/make -f CMakeFiles/cmTC_408f3.dir/build.make CMakeFiles/cmTC_408f3.dir/build
make[1]: Entering directory '/home/ubuntu/bro/my_build_dir/CMakeFiles/CMakeTmp'
Building C object CMakeFiles/cmTC_408f3.dir/CheckIncludeFiles.c.o
/usr/bin/cc    -Wall -Wno-unused    -o CMakeFiles/cmTC_408f3.dir/CheckIncludeFiles.c.o   -c /home/ubuntu/bro/my_build_dir/CMakeFiles/CMakeTmp/CheckIncludeFiles.c
Linking C executable cmTC_408f3
/usr/bin/cmake -E cmake_link_script CMakeFiles/cmTC_408f3.dir/link.txt --verbose=1
/usr/bin/cc   -Wall -Wno-unused     CMakeFiles/cmTC_408f3.dir/CheckIncludeFiles.c.o  -o cmTC_408f3 -rdynamic 
make[1]: Leaving directory '/home/ubuntu/bro/my_build_dir/CMakeFiles/CMakeTmp'


Determining if files sys/socket.h;net/if.h;net/ethernet.h exist passed with the following output:
Change Dir: /home/ubuntu/bro/my_build_dir/CMakeFiles/CMakeTmp

Run Build Command:"/usr/bin/make" "cmTC_526c5/fast"
/usr/bin/make -f CMakeFiles/cmTC_526c5.dir/build.make CMakeFiles/cmTC_526c5.dir/build
make[1]: Entering directory '/home/ubuntu/bro/my_build_dir/CMakeFiles/CMakeTmp'
Building C object CMakeFiles/cmTC_526c5.dir/CheckIncludeFiles.c.o
/usr/bin/cc    -Wall -Wno-unused    -o CMakeFiles/cmTC_526c5.dir/CheckIncludeFiles.c.o   -c /home/ubuntu/bro/my_build_dir/CMakeFiles/CMakeTmp/CheckIncludeFiles.c
Linking C executable cmTC_526c5
/usr/bin/cmake -E cmake_link_script CMakeFiles/cmTC_526c5.dir/link.txt --verbose=1
/usr/bin/cc   -Wall -Wno-unused     CMakeFiles/cmTC_526c5.dir/CheckIncludeFiles.c.o  -o cmTC_526c5 -rdynamic 
make[1]: Leaving directory '/home/ubuntu/bro/my_build_dir/CMakeFiles/CMakeTmp'


Determining if files sys/time.h exist passed with the following output:
Change Dir: /home/ubuntu/bro/my_build_dir/CMakeFiles/CMakeTmp

Run Build Command:"/usr/bin/make" "cmTC_50455/fast"
/usr/bin/make -f CMakeFiles/cmTC_50455.dir/build.make CMakeFiles/cmTC_50455.dir/build
make[1]: Entering directory '/home/ubuntu/bro/my_build_dir/CMakeFiles/CMakeTmp'
Building C object CMakeFiles/cmTC_50455.dir/CheckIncludeFiles.c.o
/usr/bin/cc    -Wall -Wno-unused    -o CMakeFiles/cmTC_50455.dir/CheckIncludeFiles.c.o   -c /home/ubuntu/bro/my_build_dir/CMakeFiles/CMakeTmp/CheckIncludeFiles.c
Linking C executable cmTC_50455
/usr/bin/cmake -E cmake_link_script CMakeFiles/cmTC_50455.dir/link.txt --verbose=1
/usr/bin/cc   -Wall -Wno-unused     CMakeFiles/cmTC_50455.dir/CheckIncludeFiles.c.o  -o cmTC_50455 -rdynamic 
make[1]: Leaving directory '/home/ubuntu/bro/my_build_dir/CMakeFiles/CMakeTmp'


Determining if files time.h;sys/time.h exist passed with the following output:
Change Dir: /home/ubuntu/bro/my_build_dir/CMakeFiles/CMakeTmp

Run Build Command:"/usr/bin/make" "cmTC_adf40/fast"
/usr/bin/make -f CMakeFiles/cmTC_adf40.dir/build.make CMakeFiles/cmTC_adf40.dir/build
make[1]: Entering directory '/home/ubuntu/bro/my_build_dir/CMakeFiles/CMakeTmp'
Building C object CMakeFiles/cmTC_adf40.dir/CheckIncludeFiles.c.o
/usr/bin/cc    -Wall -Wno-unused    -o CMakeFiles/cmTC_adf40.dir/CheckIncludeFiles.c.o   -c /home/ubuntu/bro/my_build_dir/CMakeFiles/CMakeTmp/CheckIncludeFiles.c
Linking C executable cmTC_adf40
/usr/bin/cmake -E cmake_link_script CMakeFiles/cmTC_adf40.dir/link.txt --verbose=1
/usr/bin/cc   -Wall -Wno-unused     CMakeFiles/cmTC_adf40.dir/CheckIncludeFiles.c.o  -o cmTC_adf40 -rdynamic 
make[1]: Leaving directory '/home/ubuntu/bro/my_build_dir/CMakeFiles/CMakeTmp'


Determining if the IPPROTO_HOPOPTS exist passed with the following output:
Change Dir: /home/ubuntu/bro/my_build_dir/CMakeFiles/CMakeTmp

Run Build Command:"/usr/bin/make" "cmTC_95c68/fast"
/usr/bin/make -f CMakeFiles/cmTC_95c68.dir/build.make CMakeFiles/cmTC_95c68.dir/build
make[1]: Entering directory '/home/ubuntu/bro/my_build_dir/CMakeFiles/CMakeTmp'
Building C object CMakeFiles/cmTC_95c68.dir/CheckSymbolExists.c.o
/usr/bin/cc    -Wall -Wno-unused    -o CMakeFiles/cmTC_95c68.dir/CheckSymbolExists.c.o   -c /home/ubuntu/bro/my_build_dir/CMakeFiles/CMakeTmp/CheckSymbolExists.c
Linking C executable cmTC_95c68
/usr/bin/cmake -E cmake_link_script CMakeFiles/cmTC_95c68.dir/link.txt --verbose=1
/usr/bin/cc   -Wall -Wno-unused     CMakeFiles/cmTC_95c68.dir/CheckSymbolExists.c.o  -o cmTC_95c68 -rdynamic 
make[1]: Leaving directory '/home/ubuntu/bro/my_build_dir/CMakeFiles/CMakeTmp'

File /home/ubuntu/bro/my_build_dir/CMakeFiles/CMakeTmp/CheckSymbolExists.c:
/* */
#include <netinet/in.h>

int main(int argc, char** argv)
{
  (void)argv;
#ifndef IPPROTO_HOPOPTS
  return ((int*)(&IPPROTO_HOPOPTS))[argc];
#else
  (void)argc;
  return 0;
#endif
}

Determining if the IPPROTO_IPV6 exist passed with the following output:
Change Dir: /home/ubuntu/bro/my_build_dir/CMakeFiles/CMakeTmp

Run Build Command:"/usr/bin/make" "cmTC_9cb1b/fast"
/usr/bin/make -f CMakeFiles/cmTC_9cb1b.dir/build.make CMakeFiles/cmTC_9cb1b.dir/build
make[1]: Entering directory '/home/ubuntu/bro/my_build_dir/CMakeFiles/CMakeTmp'
Building C object CMakeFiles/cmTC_9cb1b.dir/CheckSymbolExists.c.o
/usr/bin/cc    -Wall -Wno-unused    -o CMakeFiles/cmTC_9cb1b.dir/CheckSymbolExists.c.o   -c /home/ubuntu/bro/my_build_dir/CMakeFiles/CMakeTmp/CheckSymbolExists.c
Linking C executable cmTC_9cb1b
/usr/bin/cmake -E cmake_link_script CMakeFiles/cmTC_9cb1b.dir/link.txt --verbose=1
/usr/bin/cc   -Wall -Wno-unused     CMakeFiles/cmTC_9cb1b.dir/CheckSymbolExists.c.o  -o cmTC_9cb1b -rdynamic 
make[1]: Leaving directory '/home/ubuntu/bro/my_build_dir/CMakeFiles/CMakeTmp'

File /home/ubuntu/bro/my_build_dir/CMakeFiles/CMakeTmp/CheckSymbolExists.c:
/* */
#include <netinet/in.h>

int main(int argc, char** argv)
{
  (void)argv;
#ifndef IPPROTO_IPV6
  return ((int*)(&IPPROTO_IPV6))[argc];
#else
  (void)argc;
  return 0;
#endif
}

Determining if the IPPROTO_ROUTING exist passed with the following output:
Change Dir: /home/ubuntu/bro/my_build_dir/CMakeFiles/CMakeTmp

Run Build Command:"/usr/bin/make" "cmTC_b679f/fast"
/usr/bin/make -f CMakeFiles/cmTC_b679f.dir/build.make CMakeFiles/cmTC_b679f.dir/build
make[1]: Entering directory '/home/ubuntu/bro/my_build_dir/CMakeFiles/CMakeTmp'
Building C object CMakeFiles/cmTC_b679f.dir/CheckSymbolExists.c.o
/usr/bin/cc    -Wall -Wno-unused    -o CMakeFiles/cmTC_b679f.dir/CheckSymbolExists.c.o   -c /home/ubuntu/bro/my_build_dir/CMakeFiles/CMakeTmp/CheckSymbolExists.c
Linking C executable cmTC_b679f
/usr/bin/cmake -E cmake_link_script CMakeFiles/cmTC_b679f.dir/link.txt --verbose=1
/usr/bin/cc   -Wall -Wno-unused     CMakeFiles/cmTC_b679f.dir/CheckSymbolExists.c.o  -o cmTC_b679f -rdynamic 
make[1]: Leaving directory '/home/ubuntu/bro/my_build_dir/CMakeFiles/CMakeTmp'

File /home/ubuntu/bro/my_build_dir/CMakeFiles/CMakeTmp/CheckSymbolExists.c:
/* */
#include <netinet/in.h>

int main(int argc, char** argv)
{
  (void)argv;
#ifndef IPPROTO_ROUTING
  return ((int*)(&IPPROTO_ROUTING))[argc];
#else
  (void)argc;
  return 0;
#endif
}

Determining if the IPPROTO_FRAGMENT exist passed with the following output:
Change Dir: /home/ubuntu/bro/my_build_dir/CMakeFiles/CMakeTmp

Run Build Command:"/usr/bin/make" "cmTC_b058d/fast"
/usr/bin/make -f CMakeFiles/cmTC_b058d.dir/build.make CMakeFiles/cmTC_b058d.dir/build
make[1]: Entering directory '/home/ubuntu/bro/my_build_dir/CMakeFiles/CMakeTmp'
Building C object CMakeFiles/cmTC_b058d.dir/CheckSymbolExists.c.o
/usr/bin/cc    -Wall -Wno-unused    -o CMakeFiles/cmTC_b058d.dir/CheckSymbolExists.c.o   -c /home/ubuntu/bro/my_build_dir/CMakeFiles/CMakeTmp/CheckSymbolExists.c
Linking C executable cmTC_b058d
/usr/bin/cmake -E cmake_link_script CMakeFiles/cmTC_b058d.dir/link.txt --verbose=1
/usr/bin/cc   -Wall -Wno-unused     CMakeFiles/cmTC_b058d.dir/CheckSymbolExists.c.o  -o cmTC_b058d -rdynamic 
make[1]: Leaving directory '/home/ubuntu/bro/my_build_dir/CMakeFiles/CMakeTmp'

File /home/ubuntu/bro/my_build_dir/CMakeFiles/CMakeTmp/CheckSymbolExists.c:
/* */
#include <netinet/in.h>

int main(int argc, char** argv)
{
  (void)argv;
#ifndef IPPROTO_FRAGMENT
  return ((int*)(&IPPROTO_FRAGMENT))[argc];
#else
  (void)argc;
  return 0;
#endif
}

Determining if the IPPROTO_ESP exist passed with the following output:
Change Dir: /home/ubuntu/bro/my_build_dir/CMakeFiles/CMakeTmp

Run Build Command:"/usr/bin/make" "cmTC_58f10/fast"
/usr/bin/make -f CMakeFiles/cmTC_58f10.dir/build.make CMakeFiles/cmTC_58f10.dir/build
make[1]: Entering directory '/home/ubuntu/bro/my_build_dir/CMakeFiles/CMakeTmp'
Building C object CMakeFiles/cmTC_58f10.dir/CheckSymbolExists.c.o
/usr/bin/cc    -Wall -Wno-unused    -o CMakeFiles/cmTC_58f10.dir/CheckSymbolExists.c.o   -c /home/ubuntu/bro/my_build_dir/CMakeFiles/CMakeTmp/CheckSymbolExists.c
Linking C executable cmTC_58f10
/usr/bin/cmake -E cmake_link_script CMakeFiles/cmTC_58f10.dir/link.txt --verbose=1
/usr/bin/cc   -Wall -Wno-unused     CMakeFiles/cmTC_58f10.dir/CheckSymbolExists.c.o  -o cmTC_58f10 -rdynamic 
make[1]: Leaving directory '/home/ubuntu/bro/my_build_dir/CMakeFiles/CMakeTmp'

File /home/ubuntu/bro/my_build_dir/CMakeFiles/CMakeTmp/CheckSymbolExists.c:
/* */
#include <netinet/in.h>

int main(int argc, char** argv)
{
  (void)argv;
#ifndef IPPROTO_ESP
  return ((int*)(&IPPROTO_ESP))[argc];
#else
  (void)argc;
  return 0;
#endif
}

Determining if the IPPROTO_AH exist passed with the following output:
Change Dir: /home/ubuntu/bro/my_build_dir/CMakeFiles/CMakeTmp

Run Build Command:"/usr/bin/make" "cmTC_91d6f/fast"
/usr/bin/make -f CMakeFiles/cmTC_91d6f.dir/build.make CMakeFiles/cmTC_91d6f.dir/build
make[1]: Entering directory '/home/ubuntu/bro/my_build_dir/CMakeFiles/CMakeTmp'
Building C object CMakeFiles/cmTC_91d6f.dir/CheckSymbolExists.c.o
/usr/bin/cc    -Wall -Wno-unused    -o CMakeFiles/cmTC_91d6f.dir/CheckSymbolExists.c.o   -c /home/ubuntu/bro/my_build_dir/CMakeFiles/CMakeTmp/CheckSymbolExists.c
Linking C executable cmTC_91d6f
/usr/bin/cmake -E cmake_link_script CMakeFiles/cmTC_91d6f.dir/link.txt --verbose=1
/usr/bin/cc   -Wall -Wno-unused     CMakeFiles/cmTC_91d6f.dir/CheckSymbolExists.c.o  -o cmTC_91d6f -rdynamic 
make[1]: Leaving directory '/home/ubuntu/bro/my_build_dir/CMakeFiles/CMakeTmp'

File /home/ubuntu/bro/my_build_dir/CMakeFiles/CMakeTmp/CheckSymbolExists.c:
/* */
#include <netinet/in.h>

int main(int argc, char** argv)
{
  (void)argv;
#ifndef IPPROTO_AH
  return ((int*)(&IPPROTO_AH))[argc];
#else
  (void)argc;
  return 0;
#endif
}

Determining if the IPPROTO_ICMPV6 exist passed with the following output:
Change Dir: /home/ubuntu/bro/my_build_dir/CMakeFiles/CMakeTmp

Run Build Command:"/usr/bin/make" "cmTC_c50af/fast"
/usr/bin/make -f CMakeFiles/cmTC_c50af.dir/build.make CMakeFiles/cmTC_c50af.dir/build
make[1]: Entering directory '/home/ubuntu/bro/my_build_dir/CMakeFiles/CMakeTmp'
Building C object CMakeFiles/cmTC_c50af.dir/CheckSymbolExists.c.o
/usr/bin/cc    -Wall -Wno-unused    -o CMakeFiles/cmTC_c50af.dir/CheckSymbolExists.c.o   -c /home/ubuntu/bro/my_build_dir/CMakeFiles/CMakeTmp/CheckSymbolExists.c
Linking C executable cmTC_c50af
/usr/bin/cmake -E cmake_link_script CMakeFiles/cmTC_c50af.dir/link.txt --verbose=1
/usr/bin/cc   -Wall -Wno-unused     CMakeFiles/cmTC_c50af.dir/CheckSymbolExists.c.o  -o cmTC_c50af -rdynamic 
make[1]: Leaving directory '/home/ubuntu/bro/my_build_dir/CMakeFiles/CMakeTmp'

File /home/ubuntu/bro/my_build_dir/CMakeFiles/CMakeTmp/CheckSymbolExists.c:
/* */
#include <netinet/in.h>

int main(int argc, char** argv)
{
  (void)argv;
#ifndef IPPROTO_ICMPV6
  return ((int*)(&IPPROTO_ICMPV6))[argc];
#else
  (void)argc;
  return 0;
#endif
}

Determining if the IPPROTO_NONE exist passed with the following output:
Change Dir: /home/ubuntu/bro/my_build_dir/CMakeFiles/CMakeTmp

Run Build Command:"/usr/bin/make" "cmTC_274ff/fast"
/usr/bin/make -f CMakeFiles/cmTC_274ff.dir/build.make CMakeFiles/cmTC_274ff.dir/build
make[1]: Entering directory '/home/ubuntu/bro/my_build_dir/CMakeFiles/CMakeTmp'
Building C object CMakeFiles/cmTC_274ff.dir/CheckSymbolExists.c.o
/usr/bin/cc    -Wall -Wno-unused    -o CMakeFiles/cmTC_274ff.dir/CheckSymbolExists.c.o   -c /home/ubuntu/bro/my_build_dir/CMakeFiles/CMakeTmp/CheckSymbolExists.c
Linking C executable cmTC_274ff
/usr/bin/cmake -E cmake_link_script CMakeFiles/cmTC_274ff.dir/link.txt --verbose=1
/usr/bin/cc   -Wall -Wno-unused     CMakeFiles/cmTC_274ff.dir/CheckSymbolExists.c.o  -o cmTC_274ff -rdynamic 
make[1]: Leaving directory '/home/ubuntu/bro/my_build_dir/CMakeFiles/CMakeTmp'

File /home/ubuntu/bro/my_build_dir/CMakeFiles/CMakeTmp/CheckSymbolExists.c:
/* */
#include <netinet/in.h>

int main(int argc, char** argv)
{
  (void)argv;
#ifndef IPPROTO_NONE
  return ((int*)(&IPPROTO_NONE))[argc];
#else
  (void)argc;
  return 0;
#endif
}

Determining if the IPPROTO_DSTOPTS exist passed with the following output:
Change Dir: /home/ubuntu/bro/my_build_dir/CMakeFiles/CMakeTmp

Run Build Command:"/usr/bin/make" "cmTC_6d93c/fast"
/usr/bin/make -f CMakeFiles/cmTC_6d93c.dir/build.make CMakeFiles/cmTC_6d93c.dir/build
make[1]: Entering directory '/home/ubuntu/bro/my_build_dir/CMakeFiles/CMakeTmp'
Building C object CMakeFiles/cmTC_6d93c.dir/CheckSymbolExists.c.o
/usr/bin/cc    -Wall -Wno-unused    -o CMakeFiles/cmTC_6d93c.dir/CheckSymbolExists.c.o   -c /home/ubuntu/bro/my_build_dir/CMakeFiles/CMakeTmp/CheckSymbolExists.c
Linking C executable cmTC_6d93c
/usr/bin/cmake -E cmake_link_script CMakeFiles/cmTC_6d93c.dir/link.txt --verbose=1
/usr/bin/cc   -Wall -Wno-unused     CMakeFiles/cmTC_6d93c.dir/CheckSymbolExists.c.o  -o cmTC_6d93c -rdynamic 
make[1]: Leaving directory '/home/ubuntu/bro/my_build_dir/CMakeFiles/CMakeTmp'

File /home/ubuntu/bro/my_build_dir/CMakeFiles/CMakeTmp/CheckSymbolExists.c:
/* */
#include <netinet/in.h>

int main(int argc, char** argv)
{
  (void)argv;
#ifndef IPPROTO_DSTOPTS
  return ((int*)(&IPPROTO_DSTOPTS))[argc];
#else
  (void)argc;
  return 0;
#endif
}

Determining if the function getopt_long exists passed with the following output:
Change Dir: /home/ubuntu/bro/my_build_dir/CMakeFiles/CMakeTmp

Run Build Command:"/usr/bin/make" "cmTC_76158/fast"
/usr/bin/make -f CMakeFiles/cmTC_76158.dir/build.make CMakeFiles/cmTC_76158.dir/build
make[1]: Entering directory '/home/ubuntu/bro/my_build_dir/CMakeFiles/CMakeTmp'
Building C object CMakeFiles/cmTC_76158.dir/CheckFunctionExists.c.o
/usr/bin/cc    -Wall -Wno-unused -DCHECK_FUNCTION_EXISTS=getopt_long   -o CMakeFiles/cmTC_76158.dir/CheckFunctionExists.c.o   -c /usr/share/cmake-3.5/Modules/CheckFunctionExists.c
Linking C executable cmTC_76158
/usr/bin/cmake -E cmake_link_script CMakeFiles/cmTC_76158.dir/link.txt --verbose=1
/usr/bin/cc   -Wall -Wno-unused -DCHECK_FUNCTION_EXISTS=getopt_long    CMakeFiles/cmTC_76158.dir/CheckFunctionExists.c.o  -o cmTC_76158 -rdynamic 
make[1]: Leaving directory '/home/ubuntu/bro/my_build_dir/CMakeFiles/CMakeTmp'


Determining if the function mallinfo exists passed with the following output:
Change Dir: /home/ubuntu/bro/my_build_dir/CMakeFiles/CMakeTmp

Run Build Command:"/usr/bin/make" "cmTC_e429e/fast"
/usr/bin/make -f CMakeFiles/cmTC_e429e.dir/build.make CMakeFiles/cmTC_e429e.dir/build
make[1]: Entering directory '/home/ubuntu/bro/my_build_dir/CMakeFiles/CMakeTmp'
Building C object CMakeFiles/cmTC_e429e.dir/CheckFunctionExists.c.o
/usr/bin/cc    -Wall -Wno-unused -DCHECK_FUNCTION_EXISTS=mallinfo   -o CMakeFiles/cmTC_e429e.dir/CheckFunctionExists.c.o   -c /usr/share/cmake-3.5/Modules/CheckFunctionExists.c
Linking C executable cmTC_e429e
/usr/bin/cmake -E cmake_link_script CMakeFiles/cmTC_e429e.dir/link.txt --verbose=1
/usr/bin/cc   -Wall -Wno-unused -DCHECK_FUNCTION_EXISTS=mallinfo    CMakeFiles/cmTC_e429e.dir/CheckFunctionExists.c.o  -o cmTC_e429e -rdynamic 
make[1]: Leaving directory '/home/ubuntu/bro/my_build_dir/CMakeFiles/CMakeTmp'


Determining if the function strcasestr exists passed with the following output:
Change Dir: /home/ubuntu/bro/my_build_dir/CMakeFiles/CMakeTmp

Run Build Command:"/usr/bin/make" "cmTC_d216c/fast"
/usr/bin/make -f CMakeFiles/cmTC_d216c.dir/build.make CMakeFiles/cmTC_d216c.dir/build
make[1]: Entering directory '/home/ubuntu/bro/my_build_dir/CMakeFiles/CMakeTmp'
Building C object CMakeFiles/cmTC_d216c.dir/CheckFunctionExists.c.o
/usr/bin/cc    -Wall -Wno-unused -DCHECK_FUNCTION_EXISTS=strcasestr   -o CMakeFiles/cmTC_d216c.dir/CheckFunctionExists.c.o   -c /usr/share/cmake-3.5/Modules/CheckFunctionExists.c
Linking C executable cmTC_d216c
/usr/bin/cmake -E cmake_link_script CMakeFiles/cmTC_d216c.dir/link.txt --verbose=1
/usr/bin/cc   -Wall -Wno-unused -DCHECK_FUNCTION_EXISTS=strcasestr    CMakeFiles/cmTC_d216c.dir/CheckFunctionExists.c.o  -o cmTC_d216c -rdynamic 
make[1]: Leaving directory '/home/ubuntu/bro/my_build_dir/CMakeFiles/CMakeTmp'


Determining if the function strerror exists passed with the following output:
Change Dir: /home/ubuntu/bro/my_build_dir/CMakeFiles/CMakeTmp

Run Build Command:"/usr/bin/make" "cmTC_3ebc5/fast"
/usr/bin/make -f CMakeFiles/cmTC_3ebc5.dir/build.make CMakeFiles/cmTC_3ebc5.dir/build
make[1]: Entering directory '/home/ubuntu/bro/my_build_dir/CMakeFiles/CMakeTmp'
Building C object CMakeFiles/cmTC_3ebc5.dir/CheckFunctionExists.c.o
/usr/bin/cc    -Wall -Wno-unused -DCHECK_FUNCTION_EXISTS=strerror   -o CMakeFiles/cmTC_3ebc5.dir/CheckFunctionExists.c.o   -c /usr/share/cmake-3.5/Modules/CheckFunctionExists.c
Linking C executable cmTC_3ebc5
/usr/bin/cmake -E cmake_link_script CMakeFiles/cmTC_3ebc5.dir/link.txt --verbose=1
/usr/bin/cc   -Wall -Wno-unused -DCHECK_FUNCTION_EXISTS=strerror    CMakeFiles/cmTC_3ebc5.dir/CheckFunctionExists.c.o  -o cmTC_3ebc5 -rdynamic 
make[1]: Leaving directory '/home/ubuntu/bro/my_build_dir/CMakeFiles/CMakeTmp'


Determining if the function strsep exists passed with the following output:
Change Dir: /home/ubuntu/bro/my_build_dir/CMakeFiles/CMakeTmp

Run Build Command:"/usr/bin/make" "cmTC_99cff/fast"
/usr/bin/make -f CMakeFiles/cmTC_99cff.dir/build.make CMakeFiles/cmTC_99cff.dir/build
make[1]: Entering directory '/home/ubuntu/bro/my_build_dir/CMakeFiles/CMakeTmp'
Building C object CMakeFiles/cmTC_99cff.dir/CheckFunctionExists.c.o
/usr/bin/cc    -Wall -Wno-unused -DCHECK_FUNCTION_EXISTS=strsep   -o CMakeFiles/cmTC_99cff.dir/CheckFunctionExists.c.o   -c /usr/share/cmake-3.5/Modules/CheckFunctionExists.c
Linking C executable cmTC_99cff
/usr/bin/cmake -E cmake_link_script CMakeFiles/cmTC_99cff.dir/link.txt --verbose=1
/usr/bin/cc   -Wall -Wno-unused -DCHECK_FUNCTION_EXISTS=strsep    CMakeFiles/cmTC_99cff.dir/CheckFunctionExists.c.o  -o cmTC_99cff -rdynamic 
make[1]: Leaving directory '/home/ubuntu/bro/my_build_dir/CMakeFiles/CMakeTmp'


Determining if the function sigset exists passed with the following output:
Change Dir: /home/ubuntu/bro/my_build_dir/CMakeFiles/CMakeTmp

Run Build Command:"/usr/bin/make" "cmTC_aaf80/fast"
/usr/bin/make -f CMakeFiles/cmTC_aaf80.dir/build.make CMakeFiles/cmTC_aaf80.dir/build
make[1]: Entering directory '/home/ubuntu/bro/my_build_dir/CMakeFiles/CMakeTmp'
Building C object CMakeFiles/cmTC_aaf80.dir/CheckFunctionExists.c.o
/usr/bin/cc    -Wall -Wno-unused -DCHECK_FUNCTION_EXISTS=sigset   -o CMakeFiles/cmTC_aaf80.dir/CheckFunctionExists.c.o   -c /usr/share/cmake-3.5/Modules/CheckFunctionExists.c
Linking C executable cmTC_aaf80
/usr/bin/cmake -E cmake_link_script CMakeFiles/cmTC_aaf80.dir/link.txt --verbose=1
/usr/bin/cc   -Wall -Wno-unused -DCHECK_FUNCTION_EXISTS=sigset    CMakeFiles/cmTC_aaf80.dir/CheckFunctionExists.c.o  -o cmTC_aaf80 -rdynamic 
make[1]: Leaving directory '/home/ubuntu/bro/my_build_dir/CMakeFiles/CMakeTmp'


Determining if the function pcap_freecode exists passed with the following output:
Change Dir: /home/ubuntu/bro/my_build_dir/CMakeFiles/CMakeTmp

Run Build Command:"/usr/bin/make" "cmTC_31a94/fast"
/usr/bin/make -f CMakeFiles/cmTC_31a94.dir/build.make CMakeFiles/cmTC_31a94.dir/build
make[1]: Entering directory '/home/ubuntu/bro/my_build_dir/CMakeFiles/CMakeTmp'
Building C object CMakeFiles/cmTC_31a94.dir/CheckFunctionExists.c.o
/usr/bin/cc    -Wall -Wno-unused -DCHECK_FUNCTION_EXISTS=pcap_freecode   -o CMakeFiles/cmTC_31a94.dir/CheckFunctionExists.c.o   -c /usr/share/cmake-3.5/Modules/CheckFunctionExists.c
Linking C executable cmTC_31a94
/usr/bin/cmake -E cmake_link_script CMakeFiles/cmTC_31a94.dir/link.txt --verbose=1
/usr/bin/cc   -Wall -Wno-unused -DCHECK_FUNCTION_EXISTS=pcap_freecode    CMakeFiles/cmTC_31a94.dir/CheckFunctionExists.c.o  -o cmTC_31a94 -rdynamic /usr/lib/x86_64-linux-gnu/libpcap.so 
make[1]: Leaving directory '/home/ubuntu/bro/my_build_dir/CMakeFiles/CMakeTmp'


Performing C SOURCE FILE Test LIBPCAP_PCAP_COMPILE_NOPCAP_NO_ERROR_PARAMETER succeeded with the following output:
Change Dir: /home/ubuntu/bro/my_build_dir/CMakeFiles/CMakeTmp

Run Build Command:"/usr/bin/make" "cmTC_c87ac/fast"
/usr/bin/make -f CMakeFiles/cmTC_c87ac.dir/build.make CMakeFiles/cmTC_c87ac.dir/build
make[1]: Entering directory '/home/ubuntu/bro/my_build_dir/CMakeFiles/CMakeTmp'
Building C object CMakeFiles/cmTC_c87ac.dir/src.c.o
/usr/bin/cc    -Wall -Wno-unused -DLIBPCAP_PCAP_COMPILE_NOPCAP_NO_ERROR_PARAMETER   -o CMakeFiles/cmTC_c87ac.dir/src.c.o   -c /home/ubuntu/bro/my_build_dir/CMakeFiles/CMakeTmp/src.c
Linking C executable cmTC_c87ac
/usr/bin/cmake -E cmake_link_script CMakeFiles/cmTC_c87ac.dir/link.txt --verbose=1
/usr/bin/cc   -Wall -Wno-unused -DLIBPCAP_PCAP_COMPILE_NOPCAP_NO_ERROR_PARAMETER    CMakeFiles/cmTC_c87ac.dir/src.c.o  -o cmTC_c87ac -rdynamic /usr/lib/x86_64-linux-gnu/libpcap.so 
make[1]: Leaving directory '/home/ubuntu/bro/my_build_dir/CMakeFiles/CMakeTmp'

Source file was:

#include <pcap.h>
int main () {
    int snaplen;
    int linktype;
    struct bpf_program fp;
    int optimize;
    bpf_u_int32 netmask;
    char str[10];
    snaplen = 50;
    linktype = DLT_EN10MB;
    optimize = 1;
    netmask = 0L;
    str[0] = 'i'; str[1] = 'p'; str[2] = '\0';
    (void)pcap_compile_nopcap(snaplen, linktype, &fp, str, optimize, netmask);
    return 0;
}

Determining if the DLT_PPP_SERIAL exist passed with the following output:
Change Dir: /home/ubuntu/bro/my_build_dir/CMakeFiles/CMakeTmp

Run Build Command:"/usr/bin/make" "cmTC_7d36a/fast"
/usr/bin/make -f CMakeFiles/cmTC_7d36a.dir/build.make CMakeFiles/cmTC_7d36a.dir/build
make[1]: Entering directory '/home/ubuntu/bro/my_build_dir/CMakeFiles/CMakeTmp'
Building C object CMakeFiles/cmTC_7d36a.dir/CheckSymbolExists.c.o
/usr/bin/cc    -Wall -Wno-unused    -o CMakeFiles/cmTC_7d36a.dir/CheckSymbolExists.c.o   -c /home/ubuntu/bro/my_build_dir/CMakeFiles/CMakeTmp/CheckSymbolExists.c
Linking C executable cmTC_7d36a
/usr/bin/cmake -E cmake_link_script CMakeFiles/cmTC_7d36a.dir/link.txt --verbose=1
/usr/bin/cc   -Wall -Wno-unused     CMakeFiles/cmTC_7d36a.dir/CheckSymbolExists.c.o  -o cmTC_7d36a -rdynamic /usr/lib/x86_64-linux-gnu/libpcap.so 
make[1]: Leaving directory '/home/ubuntu/bro/my_build_dir/CMakeFiles/CMakeTmp'

File /home/ubuntu/bro/my_build_dir/CMakeFiles/CMakeTmp/CheckSymbolExists.c:
/* */
#include <pcap.h>

int main(int argc, char** argv)
{
  (void)argv;
#ifndef DLT_PPP_SERIAL
  return ((int*)(&DLT_PPP_SERIAL))[argc];
#else
  (void)argc;
  return 0;
#endif
}

Performing C SOURCE FILE Test including_ssl_h_works succeeded with the following output:
Change Dir: /home/ubuntu/bro/my_build_dir/CMakeFiles/CMakeTmp

Run Build Command:"/usr/bin/make" "cmTC_5a83d/fast"
/usr/bin/make -f CMakeFiles/cmTC_5a83d.dir/build.make CMakeFiles/cmTC_5a83d.dir/build
make[1]: Entering directory '/home/ubuntu/bro/my_build_dir/CMakeFiles/CMakeTmp'
Building C object CMakeFiles/cmTC_5a83d.dir/src.c.o
/usr/bin/cc   -I/home/ubuntu/bro/my_build_dir/aux/binpac/lib -I/home/ubuntu/bro/aux/binpac/lib  -Wall -Wno-unused -Dincluding_ssl_h_works   -o CMakeFiles/cmTC_5a83d.dir/src.c.o   -c /home/ubuntu/bro/my_build_dir/CMakeFiles/CMakeTmp/src.c
Linking C executable cmTC_5a83d
/usr/bin/cmake -E cmake_link_script CMakeFiles/cmTC_5a83d.dir/link.txt --verbose=1
/usr/bin/cc   -Wall -Wno-unused -Dincluding_ssl_h_works    CMakeFiles/cmTC_5a83d.dir/src.c.o  -o cmTC_5a83d -rdynamic /usr/lib/x86_64-linux-gnu/libssl.so /usr/lib/x86_64-linux-gnu/libcrypto.so 
make[1]: Leaving directory '/home/ubuntu/bro/my_build_dir/CMakeFiles/CMakeTmp'

Source file was:

    #include <openssl/ssl.h>
    int main() { return 0; }

Performing C SOURCE FILE Test openssl_greater_than_0_9_7 succeeded with the following output:
Change Dir: /home/ubuntu/bro/my_build_dir/CMakeFiles/CMakeTmp

Run Build Command:"/usr/bin/make" "cmTC_3cfd4/fast"
/usr/bin/make -f CMakeFiles/cmTC_3cfd4.dir/build.make CMakeFiles/cmTC_3cfd4.dir/build
make[1]: Entering directory '/home/ubuntu/bro/my_build_dir/CMakeFiles/CMakeTmp'
Building C object CMakeFiles/cmTC_3cfd4.dir/src.c.o
/usr/bin/cc   -I/home/ubuntu/bro/my_build_dir/aux/binpac/lib -I/home/ubuntu/bro/aux/binpac/lib  -Wall -Wno-unused -Dopenssl_greater_than_0_9_7   -o CMakeFiles/cmTC_3cfd4.dir/src.c.o   -c /home/ubuntu/bro/my_build_dir/CMakeFiles/CMakeTmp/src.c
Linking C executable cmTC_3cfd4
/usr/bin/cmake -E cmake_link_script CMakeFiles/cmTC_3cfd4.dir/link.txt --verbose=1
/usr/bin/cc   -Wall -Wno-unused -Dopenssl_greater_than_0_9_7    CMakeFiles/cmTC_3cfd4.dir/src.c.o  -o cmTC_3cfd4 -rdynamic /usr/lib/x86_64-linux-gnu/libssl.so /usr/lib/x86_64-linux-gnu/libcrypto.so 
make[1]: Leaving directory '/home/ubuntu/bro/my_build_dir/CMakeFiles/CMakeTmp'

Source file was:

    #include <openssl/evp.h>
    int main() {
        OPENSSL_add_all_algorithms_conf();
        return 0;
    }

Performing C++ SOURCE FILE Test OPENSSL_D2I_X509_USES_CONST_CHAR succeeded with the following output:
Change Dir: /home/ubuntu/bro/my_build_dir/CMakeFiles/CMakeTmp

Run Build Command:"/usr/bin/make" "cmTC_a21cd/fast"
/usr/bin/make -f CMakeFiles/cmTC_a21cd.dir/build.make CMakeFiles/cmTC_a21cd.dir/build
make[1]: Entering directory '/home/ubuntu/bro/my_build_dir/CMakeFiles/CMakeTmp'
Building CXX object CMakeFiles/cmTC_a21cd.dir/src.cxx.o
/usr/bin/c++    -I/home/ubuntu/bro/my_build_dir/aux/binpac/lib -I/home/ubuntu/bro/aux/binpac/lib  -Wall -Wno-unused -DOPENSSL_D2I_X509_USES_CONST_CHAR   -o CMakeFiles/cmTC_a21cd.dir/src.cxx.o -c /home/ubuntu/bro/my_build_dir/CMakeFiles/CMakeTmp/src.cxx
Linking CXX executable cmTC_a21cd
/usr/bin/cmake -E cmake_link_script CMakeFiles/cmTC_a21cd.dir/link.txt --verbose=1
/usr/bin/c++    -Wall -Wno-unused -DOPENSSL_D2I_X509_USES_CONST_CHAR    CMakeFiles/cmTC_a21cd.dir/src.cxx.o  -o cmTC_a21cd -rdynamic /usr/lib/x86_64-linux-gnu/libssl.so /usr/lib/x86_64-linux-gnu/libcrypto.so 
make[1]: Leaving directory '/home/ubuntu/bro/my_build_dir/CMakeFiles/CMakeTmp'

Source file was:

#include <openssl/x509.h>
    int main() {
        const unsigned char** cpp = 0;
        X509** x =0;
        d2i_X509(x, cpp, 0);
        return 0;
    }

Performing C SOURCE FILE Test OPENSSL_CORRECT_VERSION_NUMBER succeeded with the following output:
Change Dir: /home/ubuntu/bro/my_build_dir/CMakeFiles/CMakeTmp

Run Build Command:"/usr/bin/make" "cmTC_5aea6/fast"
/usr/bin/make -f CMakeFiles/cmTC_5aea6.dir/build.make CMakeFiles/cmTC_5aea6.dir/build
make[1]: Entering directory '/home/ubuntu/bro/my_build_dir/CMakeFiles/CMakeTmp'
Building C object CMakeFiles/cmTC_5aea6.dir/src.c.o
/usr/bin/cc   -I/home/ubuntu/bro/my_build_dir/aux/binpac/lib -I/home/ubuntu/bro/aux/binpac/lib  -Wall -Wno-unused -DOPENSSL_CORRECT_VERSION_NUMBER   -o CMakeFiles/cmTC_5aea6.dir/src.c.o   -c /home/ubuntu/bro/my_build_dir/CMakeFiles/CMakeTmp/src.c
Linking C executable cmTC_5aea6
/usr/bin/cmake -E cmake_link_script CMakeFiles/cmTC_5aea6.dir/link.txt --verbose=1
/usr/bin/cc   -Wall -Wno-unused -DOPENSSL_CORRECT_VERSION_NUMBER    CMakeFiles/cmTC_5aea6.dir/src.c.o  -o cmTC_5aea6 -rdynamic /usr/lib/x86_64-linux-gnu/libssl.so /usr/lib/x86_64-linux-gnu/libcrypto.so 
make[1]: Leaving directory '/home/ubuntu/bro/my_build_dir/CMakeFiles/CMakeTmp'

Return value: 1
Source file was:

        #include <stdio.h>
        #include <openssl/opensslv.h>
        #include <openssl/crypto.h>
        int main() {
            printf("-- OpenSSL Library version: %s\n", SSLeay_version(SSLEAY_VERSION));
            printf("-- OpenSSL Header version: %s\n", OPENSSL_VERSION_TEXT);
            if (SSLeay() == OPENSSL_VERSION_NUMBER) {
                return 0;
            }
            return -1;
        }
    
Performing C SOURCE FILE Test have_nameser_header succeeded with the following output:
Change Dir: /home/ubuntu/bro/my_build_dir/CMakeFiles/CMakeTmp

Run Build Command:"/usr/bin/make" "cmTC_4dc98/fast"
/usr/bin/make -f CMakeFiles/cmTC_4dc98.dir/build.make CMakeFiles/cmTC_4dc98.dir/build
make[1]: Entering directory '/home/ubuntu/bro/my_build_dir/CMakeFiles/CMakeTmp'
Building C object CMakeFiles/cmTC_4dc98.dir/src.c.o
/usr/bin/cc    -Wall -Wno-unused -Dhave_nameser_header   -o CMakeFiles/cmTC_4dc98.dir/src.c.o   -c /home/ubuntu/bro/my_build_dir/CMakeFiles/CMakeTmp/src.c
Linking C executable cmTC_4dc98
/usr/bin/cmake -E cmake_link_script CMakeFiles/cmTC_4dc98.dir/link.txt --verbose=1
/usr/bin/cc   -Wall -Wno-unused -Dhave_nameser_header    CMakeFiles/cmTC_4dc98.dir/src.c.o  -o cmTC_4dc98 -rdynamic 
make[1]: Leaving directory '/home/ubuntu/bro/my_build_dir/CMakeFiles/CMakeTmp'

Source file was:

    #include <arpa/nameser.h>
    int main() { HEADER *hdr; int d = NS_IN6ADDRSZ; return 0; }
Performing C++ SOURCE FILE Test cxx11_header_works succeeded with the following output:
Change Dir: /home/ubuntu/bro/my_build_dir/CMakeFiles/CMakeTmp

Run Build Command:"/usr/bin/make" "cmTC_1543c/fast"
/usr/bin/make -f CMakeFiles/cmTC_1543c.dir/build.make CMakeFiles/cmTC_1543c.dir/build
make[1]: Entering directory '/home/ubuntu/bro/my_build_dir/CMakeFiles/CMakeTmp'
Building CXX object CMakeFiles/cmTC_1543c.dir/src.cxx.o
/usr/bin/c++     -Wall -Wno-unused -std=c++11 -Dcxx11_header_works   -o CMakeFiles/cmTC_1543c.dir/src.cxx.o -c /home/ubuntu/bro/my_build_dir/CMakeFiles/CMakeTmp/src.cxx
Linking CXX executable cmTC_1543c
/usr/bin/cmake -E cmake_link_script CMakeFiles/cmTC_1543c.dir/link.txt --verbose=1
/usr/bin/c++    -Wall -Wno-unused -std=c++11 -Dcxx11_header_works    CMakeFiles/cmTC_1543c.dir/src.cxx.o  -o cmTC_1543c -rdynamic 
make[1]: Leaving directory '/home/ubuntu/bro/my_build_dir/CMakeFiles/CMakeTmp'

Source file was:

    #include <array>
    #include <iostream>
        int main() {
            std::array<int, 2> a{ {1, 2} };
            for (const auto& e: a)
                std::cout << e << ' ';
            std::cout << std::endl;
            }
        
Determining if the include file pthread.h exists passed with the following output:
Change Dir: /home/ubuntu/bro/my_build_dir/CMakeFiles/CMakeTmp

Run Build Command:"/usr/bin/make" "cmTC_1ef83/fast"
/usr/bin/make -f CMakeFiles/cmTC_1ef83.dir/build.make CMakeFiles/cmTC_1ef83.dir/build
make[1]: Entering directory '/home/ubuntu/bro/my_build_dir/CMakeFiles/CMakeTmp'
Building C object CMakeFiles/cmTC_1ef83.dir/CheckIncludeFile.c.o
/usr/bin/cc    -Wall -Wno-unused    -o CMakeFiles/cmTC_1ef83.dir/CheckIncludeFile.c.o   -c /home/ubuntu/bro/my_build_dir/CMakeFiles/CMakeTmp/CheckIncludeFile.c
Linking C executable cmTC_1ef83
/usr/bin/cmake -E cmake_link_script CMakeFiles/cmTC_1ef83.dir/link.txt --verbose=1
/usr/bin/cc   -Wall -Wno-unused     CMakeFiles/cmTC_1ef83.dir/CheckIncludeFile.c.o  -o cmTC_1ef83 -rdynamic 
make[1]: Leaving directory '/home/ubuntu/bro/my_build_dir/CMakeFiles/CMakeTmp'


Determining if the function pthread_create exists in the pthread passed with the following output:
Change Dir: /home/ubuntu/bro/my_build_dir/CMakeFiles/CMakeTmp

Run Build Command:"/usr/bin/make" "cmTC_eb505/fast"
/usr/bin/make -f CMakeFiles/cmTC_eb505.dir/build.make CMakeFiles/cmTC_eb505.dir/build
make[1]: Entering directory '/home/ubuntu/bro/my_build_dir/CMakeFiles/CMakeTmp'
Building C object CMakeFiles/cmTC_eb505.dir/CheckFunctionExists.c.o
/usr/bin/cc    -Wall -Wno-unused -DCHECK_FUNCTION_EXISTS=pthread_create   -o CMakeFiles/cmTC_eb505.dir/CheckFunctionExists.c.o   -c /usr/share/cmake-3.5/Modules/CheckFunctionExists.c
Linking C executable cmTC_eb505
/usr/bin/cmake -E cmake_link_script CMakeFiles/cmTC_eb505.dir/link.txt --verbose=1
/usr/bin/cc   -Wall -Wno-unused -DCHECK_FUNCTION_EXISTS=pthread_create    CMakeFiles/cmTC_eb505.dir/CheckFunctionExists.c.o  -o cmTC_eb505 -rdynamic -lpthread 
make[1]: Leaving directory '/home/ubuntu/bro/my_build_dir/CMakeFiles/CMakeTmp'


