Determining if the function pcap_get_pfring_id exists failed with the following output:
Change Dir: /home/ubuntu/bro/my_build_dir/CMakeFiles/CMakeTmp

Run Build Command:"/usr/bin/make" "cmTC_41c85/fast"
/usr/bin/make -f CMakeFiles/cmTC_41c85.dir/build.make CMakeFiles/cmTC_41c85.dir/build
make[1]: Entering directory '/home/ubuntu/bro/my_build_dir/CMakeFiles/CMakeTmp'
Building C object CMakeFiles/cmTC_41c85.dir/CheckFunctionExists.c.o
/usr/bin/cc    -Wall -Wno-unused -DCHECK_FUNCTION_EXISTS=pcap_get_pfring_id   -o CMakeFiles/cmTC_41c85.dir/CheckFunctionExists.c.o   -c /usr/share/cmake-3.5/Modules/CheckFunctionExists.c
Linking C executable cmTC_41c85
/usr/bin/cmake -E cmake_link_script CMakeFiles/cmTC_41c85.dir/link.txt --verbose=1
/usr/bin/cc   -Wall -Wno-unused -DCHECK_FUNCTION_EXISTS=pcap_get_pfring_id    CMakeFiles/cmTC_41c85.dir/CheckFunctionExists.c.o  -o cmTC_41c85 -rdynamic /usr/lib/x86_64-linux-gnu/libpcap.so 
CMakeFiles/cmTC_41c85.dir/CheckFunctionExists.c.o: In function `main':
CheckFunctionExists.c:(.text+0x15): undefined reference to `pcap_get_pfring_id'
collect2: error: ld returned 1 exit status
CMakeFiles/cmTC_41c85.dir/build.make:98: recipe for target 'cmTC_41c85' failed
make[1]: *** [cmTC_41c85] Error 1
make[1]: Leaving directory '/home/ubuntu/bro/my_build_dir/CMakeFiles/CMakeTmp'
Makefile:126: recipe for target 'cmTC_41c85/fast' failed
make: *** [cmTC_41c85/fast] Error 2


Performing C SOURCE FILE Test ns_initparse_works_none failed with the following output:
Change Dir: /home/ubuntu/bro/my_build_dir/CMakeFiles/CMakeTmp

Run Build Command:"/usr/bin/make" "cmTC_d68d2/fast"
/usr/bin/make -f CMakeFiles/cmTC_d68d2.dir/build.make CMakeFiles/cmTC_d68d2.dir/build
make[1]: Entering directory '/home/ubuntu/bro/my_build_dir/CMakeFiles/CMakeTmp'
Building C object CMakeFiles/cmTC_d68d2.dir/src.c.o
/usr/bin/cc    -Wall -Wno-unused -Dns_initparse_works_none   -o CMakeFiles/cmTC_d68d2.dir/src.c.o   -c /home/ubuntu/bro/my_build_dir/CMakeFiles/CMakeTmp/src.c
Linking C executable cmTC_d68d2
/usr/bin/cmake -E cmake_link_script CMakeFiles/cmTC_d68d2.dir/link.txt --verbose=1
/usr/bin/cc   -Wall -Wno-unused -Dns_initparse_works_none    CMakeFiles/cmTC_d68d2.dir/src.c.o  -o cmTC_d68d2 -rdynamic 
CMakeFiles/cmTC_d68d2.dir/src.c.o: In function `main':
src.c:(.text+0x14): undefined reference to `ns_initparse'
collect2: error: ld returned 1 exit status
CMakeFiles/cmTC_d68d2.dir/build.make:97: recipe for target 'cmTC_d68d2' failed
make[1]: *** [cmTC_d68d2] Error 1
make[1]: Leaving directory '/home/ubuntu/bro/my_build_dir/CMakeFiles/CMakeTmp'
Makefile:126: recipe for target 'cmTC_d68d2/fast' failed
make: *** [cmTC_d68d2/fast] Error 2

Source file was:

        #include <arpa/nameser.h>
        int main() {
            ns_initparse(0, 0, 0);
            return 0;
        }

Performing C SOURCE FILE Test res_mkquery_works_none failed with the following output:
Change Dir: /home/ubuntu/bro/my_build_dir/CMakeFiles/CMakeTmp

Run Build Command:"/usr/bin/make" "cmTC_7fd93/fast"
/usr/bin/make -f CMakeFiles/cmTC_7fd93.dir/build.make CMakeFiles/cmTC_7fd93.dir/build
make[1]: Entering directory '/home/ubuntu/bro/my_build_dir/CMakeFiles/CMakeTmp'
Building C object CMakeFiles/cmTC_7fd93.dir/src.c.o
/usr/bin/cc    -Wall -Wno-unused -Dres_mkquery_works_none   -o CMakeFiles/cmTC_7fd93.dir/src.c.o   -c /home/ubuntu/bro/my_build_dir/CMakeFiles/CMakeTmp/src.c
Linking C executable cmTC_7fd93
/usr/bin/cmake -E cmake_link_script CMakeFiles/cmTC_7fd93.dir/link.txt --verbose=1
/usr/bin/cc   -Wall -Wno-unused -Dres_mkquery_works_none    CMakeFiles/cmTC_7fd93.dir/src.c.o  -o cmTC_7fd93 -rdynamic 
CMakeFiles/cmTC_7fd93.dir/src.c.o: In function `main':
src.c:(.text+0x8): undefined reference to `__res_mkquery'
collect2: error: ld returned 1 exit status
CMakeFiles/cmTC_7fd93.dir/build.make:97: recipe for target 'cmTC_7fd93' failed
make[1]: *** [cmTC_7fd93] Error 1
make[1]: Leaving directory '/home/ubuntu/bro/my_build_dir/CMakeFiles/CMakeTmp'
Makefile:126: recipe for target 'cmTC_7fd93/fast' failed
make: *** [cmTC_7fd93/fast] Error 2

Source file was:

        #include <sys/types.h>
        #include <sys/socket.h>
        #include <netinet/in.h>
        #include <arpa/nameser.h>
        #include <resolv.h>
        int main() {
            int (*p)() = res_mkquery;
            return 0;
        }

Determining if the system is big endian passed with the following output:
Change Dir: /home/ubuntu/bro/my_build_dir/CMakeFiles/CMakeTmp

Run Build Command:"/usr/bin/make" "cmTC_3785b/fast"
/usr/bin/make -f CMakeFiles/cmTC_3785b.dir/build.make CMakeFiles/cmTC_3785b.dir/build
make[1]: Entering directory '/home/ubuntu/bro/my_build_dir/CMakeFiles/CMakeTmp'
Building C object CMakeFiles/cmTC_3785b.dir/TestEndianess.c.o
/usr/bin/cc    -Wall -Wno-unused    -o CMakeFiles/cmTC_3785b.dir/TestEndianess.c.o   -c /home/ubuntu/bro/my_build_dir/CMakeFiles/CMakeTmp/TestEndianess.c
Linking C executable cmTC_3785b
/usr/bin/cmake -E cmake_link_script CMakeFiles/cmTC_3785b.dir/link.txt --verbose=1
/usr/bin/cc   -Wall -Wno-unused     CMakeFiles/cmTC_3785b.dir/TestEndianess.c.o  -o cmTC_3785b -rdynamic 
make[1]: Leaving directory '/home/ubuntu/bro/my_build_dir/CMakeFiles/CMakeTmp'

TestEndianess.c:
/* A 16 bit integer is required. */
typedef unsigned short cmakeint16;

/* On a little endian machine, these 16bit ints will give "THIS IS LITTLE ENDIAN."
   On a big endian machine the characters will be exchanged pairwise. */
const cmakeint16 info_little[] =  {0x4854, 0x5349, 0x4920, 0x2053, 0x494c, 0x5454, 0x454c, 0x4520, 0x444e, 0x4149, 0x2e4e, 0x0000};

/* on a big endian machine, these 16bit ints will give "THIS IS BIG ENDIAN."
   On a little endian machine the characters will be exchanged pairwise. */
const cmakeint16 info_big[] =     {0x5448, 0x4953, 0x2049, 0x5320, 0x4249, 0x4720, 0x454e, 0x4449, 0x414e, 0x2e2e, 0x0000};

#ifdef __CLASSIC_C__
int main(argc, argv) int argc; char *argv[];
#else
int main(int argc, char *argv[])
#endif
{
  int require = 0;
  require += info_little[argc];
  require += info_big[argc];
  (void)argv;
  return require;
}


Determining if the system is big endian passed with the following output:
Change Dir: /home/ubuntu/bro/my_build_dir/CMakeFiles/CMakeTmp

Run Build Command:"/usr/bin/make" "cmTC_93c0e/fast"
/usr/bin/make -f CMakeFiles/cmTC_93c0e.dir/build.make CMakeFiles/cmTC_93c0e.dir/build
make[1]: Entering directory '/home/ubuntu/bro/my_build_dir/CMakeFiles/CMakeTmp'
Building C object CMakeFiles/cmTC_93c0e.dir/TestEndianess.c.o
/usr/bin/cc    -Wall -Wno-unused    -o CMakeFiles/cmTC_93c0e.dir/TestEndianess.c.o   -c /home/ubuntu/bro/my_build_dir/CMakeFiles/CMakeTmp/TestEndianess.c
Linking C executable cmTC_93c0e
/usr/bin/cmake -E cmake_link_script CMakeFiles/cmTC_93c0e.dir/link.txt --verbose=1
/usr/bin/cc   -Wall -Wno-unused     CMakeFiles/cmTC_93c0e.dir/TestEndianess.c.o  -o cmTC_93c0e -rdynamic 
make[1]: Leaving directory '/home/ubuntu/bro/my_build_dir/CMakeFiles/CMakeTmp'

TestEndianess.c:
/* A 16 bit integer is required. */
typedef unsigned short cmakeint16;

/* On a little endian machine, these 16bit ints will give "THIS IS LITTLE ENDIAN."
   On a big endian machine the characters will be exchanged pairwise. */
const cmakeint16 info_little[] =  {0x4854, 0x5349, 0x4920, 0x2053, 0x494c, 0x5454, 0x454c, 0x4520, 0x444e, 0x4149, 0x2e4e, 0x0000};

/* on a big endian machine, these 16bit ints will give "THIS IS BIG ENDIAN."
   On a little endian machine the characters will be exchanged pairwise. */
const cmakeint16 info_big[] =     {0x5448, 0x4953, 0x2049, 0x5320, 0x4249, 0x4720, 0x454e, 0x4449, 0x414e, 0x2e2e, 0x0000};

#ifdef __CLASSIC_C__
int main(argc, argv) int argc; char *argv[];
#else
int main(int argc, char *argv[])
#endif
{
  int require = 0;
  require += info_little[argc];
  require += info_big[argc];
  (void)argv;
  return require;
}


Determining if the htonll exist failed with the following output:
Change Dir: /home/ubuntu/bro/my_build_dir/CMakeFiles/CMakeTmp

Run Build Command:"/usr/bin/make" "cmTC_4d461/fast"
/usr/bin/make -f CMakeFiles/cmTC_4d461.dir/build.make CMakeFiles/cmTC_4d461.dir/build
make[1]: Entering directory '/home/ubuntu/bro/my_build_dir/CMakeFiles/CMakeTmp'
Building C object CMakeFiles/cmTC_4d461.dir/CheckSymbolExists.c.o
/usr/bin/cc    -Wall -Wno-unused    -o CMakeFiles/cmTC_4d461.dir/CheckSymbolExists.c.o   -c /home/ubuntu/bro/my_build_dir/CMakeFiles/CMakeTmp/CheckSymbolExists.c
/home/ubuntu/bro/my_build_dir/CMakeFiles/CMakeTmp/CheckSymbolExists.c: In function ‘main’:
/home/ubuntu/bro/my_build_dir/CMakeFiles/CMakeTmp/CheckSymbolExists.c:8:19: error: ‘htonll’ undeclared (first use in this function)
   return ((int*)(&htonll))[argc];
                   ^
/home/ubuntu/bro/my_build_dir/CMakeFiles/CMakeTmp/CheckSymbolExists.c:8:19: note: each undeclared identifier is reported only once for each function it appears in
CMakeFiles/cmTC_4d461.dir/build.make:65: recipe for target 'CMakeFiles/cmTC_4d461.dir/CheckSymbolExists.c.o' failed
make[1]: *** [CMakeFiles/cmTC_4d461.dir/CheckSymbolExists.c.o] Error 1
make[1]: Leaving directory '/home/ubuntu/bro/my_build_dir/CMakeFiles/CMakeTmp'
Makefile:126: recipe for target 'cmTC_4d461/fast' failed
make: *** [cmTC_4d461/fast] Error 2

File /home/ubuntu/bro/my_build_dir/CMakeFiles/CMakeTmp/CheckSymbolExists.c:
/* */
#include <arpa/inet.h>

int main(int argc, char** argv)
{
  (void)argv;
#ifndef htonll
  return ((int*)(&htonll))[argc];
#else
  (void)argc;
  return 0;
#endif
}

Determining if files sys/ethernet.h exist failed with the following output:
Change Dir: /home/ubuntu/bro/my_build_dir/CMakeFiles/CMakeTmp

Run Build Command:"/usr/bin/make" "cmTC_b3c6c/fast"
/usr/bin/make -f CMakeFiles/cmTC_b3c6c.dir/build.make CMakeFiles/cmTC_b3c6c.dir/build
make[1]: Entering directory '/home/ubuntu/bro/my_build_dir/CMakeFiles/CMakeTmp'
Building C object CMakeFiles/cmTC_b3c6c.dir/CheckIncludeFiles.c.o
/usr/bin/cc    -Wall -Wno-unused    -o CMakeFiles/cmTC_b3c6c.dir/CheckIncludeFiles.c.o   -c /home/ubuntu/bro/my_build_dir/CMakeFiles/CMakeTmp/CheckIncludeFiles.c
/home/ubuntu/bro/my_build_dir/CMakeFiles/CMakeTmp/CheckIncludeFiles.c:2:26: fatal error: sys/ethernet.h: No such file or directory
compilation terminated.
CMakeFiles/cmTC_b3c6c.dir/build.make:65: recipe for target 'CMakeFiles/cmTC_b3c6c.dir/CheckIncludeFiles.c.o' failed
make[1]: *** [CMakeFiles/cmTC_b3c6c.dir/CheckIncludeFiles.c.o] Error 1
make[1]: Leaving directory '/home/ubuntu/bro/my_build_dir/CMakeFiles/CMakeTmp'
Makefile:126: recipe for target 'cmTC_b3c6c/fast' failed
make: *** [cmTC_b3c6c/fast] Error 2

Source:
/* */
#include <sys/ethernet.h>


int main(void){return 0;}

Determining if files net/ethertypes.h exist failed with the following output:
Change Dir: /home/ubuntu/bro/my_build_dir/CMakeFiles/CMakeTmp

Run Build Command:"/usr/bin/make" "cmTC_0c53a/fast"
/usr/bin/make -f CMakeFiles/cmTC_0c53a.dir/build.make CMakeFiles/cmTC_0c53a.dir/build
make[1]: Entering directory '/home/ubuntu/bro/my_build_dir/CMakeFiles/CMakeTmp'
Building C object CMakeFiles/cmTC_0c53a.dir/CheckIncludeFiles.c.o
/usr/bin/cc    -Wall -Wno-unused    -o CMakeFiles/cmTC_0c53a.dir/CheckIncludeFiles.c.o   -c /home/ubuntu/bro/my_build_dir/CMakeFiles/CMakeTmp/CheckIncludeFiles.c
/home/ubuntu/bro/my_build_dir/CMakeFiles/CMakeTmp/CheckIncludeFiles.c:2:28: fatal error: net/ethertypes.h: No such file or directory
compilation terminated.
CMakeFiles/cmTC_0c53a.dir/build.make:65: recipe for target 'CMakeFiles/cmTC_0c53a.dir/CheckIncludeFiles.c.o' failed
make[1]: *** [CMakeFiles/cmTC_0c53a.dir/CheckIncludeFiles.c.o] Error 1
make[1]: Leaving directory '/home/ubuntu/bro/my_build_dir/CMakeFiles/CMakeTmp'
Makefile:126: recipe for target 'cmTC_0c53a/fast' failed
make: *** [cmTC_0c53a/fast] Error 2

Source:
/* */
#include <net/ethertypes.h>


int main(void){return 0;}

Determining if files os-proto.h exist failed with the following output:
Change Dir: /home/ubuntu/bro/my_build_dir/CMakeFiles/CMakeTmp

Run Build Command:"/usr/bin/make" "cmTC_fb4bd/fast"
/usr/bin/make -f CMakeFiles/cmTC_fb4bd.dir/build.make CMakeFiles/cmTC_fb4bd.dir/build
make[1]: Entering directory '/home/ubuntu/bro/my_build_dir/CMakeFiles/CMakeTmp'
Building C object CMakeFiles/cmTC_fb4bd.dir/CheckIncludeFiles.c.o
/usr/bin/cc    -Wall -Wno-unused    -o CMakeFiles/cmTC_fb4bd.dir/CheckIncludeFiles.c.o   -c /home/ubuntu/bro/my_build_dir/CMakeFiles/CMakeTmp/CheckIncludeFiles.c
/home/ubuntu/bro/my_build_dir/CMakeFiles/CMakeTmp/CheckIncludeFiles.c:2:22: fatal error: os-proto.h: No such file or directory
compilation terminated.
CMakeFiles/cmTC_fb4bd.dir/build.make:65: recipe for target 'CMakeFiles/cmTC_fb4bd.dir/CheckIncludeFiles.c.o' failed
make[1]: *** [CMakeFiles/cmTC_fb4bd.dir/CheckIncludeFiles.c.o] Error 1
make[1]: Leaving directory '/home/ubuntu/bro/my_build_dir/CMakeFiles/CMakeTmp'
Makefile:126: recipe for target 'cmTC_fb4bd/fast' failed
make: *** [cmTC_fb4bd/fast] Error 2

Source:
/* */
#include <os-proto.h>


int main(void){return 0;}

Performing C SOURCE FILE Test HAVE_READLINE_HISTORY_ENTRIES failed with the following output:
Change Dir: /home/ubuntu/bro/my_build_dir/CMakeFiles/CMakeTmp

Run Build Command:"/usr/bin/make" "cmTC_87315/fast"
/usr/bin/make -f CMakeFiles/cmTC_87315.dir/build.make CMakeFiles/cmTC_87315.dir/build
make[1]: Entering directory '/home/ubuntu/bro/my_build_dir/CMakeFiles/CMakeTmp'
Building C object CMakeFiles/cmTC_87315.dir/src.c.o
/usr/bin/cc    -Wall -Wno-unused -DHAVE_READLINE_HISTORY_ENTRIES   -o CMakeFiles/cmTC_87315.dir/src.c.o   -c /home/ubuntu/bro/my_build_dir/CMakeFiles/CMakeTmp/src.c
/home/ubuntu/bro/my_build_dir/CMakeFiles/CMakeTmp/src.c:3:31: fatal error: readline/readline.h: No such file or directory
compilation terminated.
CMakeFiles/cmTC_87315.dir/build.make:65: recipe for target 'CMakeFiles/cmTC_87315.dir/src.c.o' failed
make[1]: *** [CMakeFiles/cmTC_87315.dir/src.c.o] Error 1
make[1]: Leaving directory '/home/ubuntu/bro/my_build_dir/CMakeFiles/CMakeTmp'
Makefile:126: recipe for target 'cmTC_87315/fast' failed
make: *** [cmTC_87315/fast] Error 2

Source file was:

#include <stdio.h>
#include <readline/readline.h>

int main()
{
   (void)sizeof(((HISTORY_STATE *)0)->entries);
   return 0;
}

Determining if files stdio.h;readline/readline.h exist failed with the following output:
Change Dir: /home/ubuntu/bro/my_build_dir/CMakeFiles/CMakeTmp

Run Build Command:"/usr/bin/make" "cmTC_5c268/fast"
/usr/bin/make -f CMakeFiles/cmTC_5c268.dir/build.make CMakeFiles/cmTC_5c268.dir/build
make[1]: Entering directory '/home/ubuntu/bro/my_build_dir/CMakeFiles/CMakeTmp'
Building C object CMakeFiles/cmTC_5c268.dir/CheckIncludeFiles.c.o
/usr/bin/cc    -Wall -Wno-unused    -o CMakeFiles/cmTC_5c268.dir/CheckIncludeFiles.c.o   -c /home/ubuntu/bro/my_build_dir/CMakeFiles/CMakeTmp/CheckIncludeFiles.c
/home/ubuntu/bro/my_build_dir/CMakeFiles/CMakeTmp/CheckIncludeFiles.c:3:31: fatal error: readline/readline.h: No such file or directory
compilation terminated.
CMakeFiles/cmTC_5c268.dir/build.make:65: recipe for target 'CMakeFiles/cmTC_5c268.dir/CheckIncludeFiles.c.o' failed
make[1]: *** [CMakeFiles/cmTC_5c268.dir/CheckIncludeFiles.c.o] Error 1
make[1]: Leaving directory '/home/ubuntu/bro/my_build_dir/CMakeFiles/CMakeTmp'
Makefile:126: recipe for target 'cmTC_5c268/fast' failed
make: *** [cmTC_5c268/fast] Error 2

Source:
/* */
#include <stdio.h>
#include <readline/readline.h>


int main(void){return 0;}

Determining if files stdio.h;readline/history.h exist failed with the following output:
Change Dir: /home/ubuntu/bro/my_build_dir/CMakeFiles/CMakeTmp

Run Build Command:"/usr/bin/make" "cmTC_fb9c8/fast"
/usr/bin/make -f CMakeFiles/cmTC_fb9c8.dir/build.make CMakeFiles/cmTC_fb9c8.dir/build
make[1]: Entering directory '/home/ubuntu/bro/my_build_dir/CMakeFiles/CMakeTmp'
Building C object CMakeFiles/cmTC_fb9c8.dir/CheckIncludeFiles.c.o
/usr/bin/cc    -Wall -Wno-unused    -o CMakeFiles/cmTC_fb9c8.dir/CheckIncludeFiles.c.o   -c /home/ubuntu/bro/my_build_dir/CMakeFiles/CMakeTmp/CheckIncludeFiles.c
/home/ubuntu/bro/my_build_dir/CMakeFiles/CMakeTmp/CheckIncludeFiles.c:3:30: fatal error: readline/history.h: No such file or directory
compilation terminated.
CMakeFiles/cmTC_fb9c8.dir/build.make:65: recipe for target 'CMakeFiles/cmTC_fb9c8.dir/CheckIncludeFiles.c.o' failed
make[1]: *** [CMakeFiles/cmTC_fb9c8.dir/CheckIncludeFiles.c.o] Error 1
make[1]: Leaving directory '/home/ubuntu/bro/my_build_dir/CMakeFiles/CMakeTmp'
Makefile:126: recipe for target 'cmTC_fb9c8/fast' failed
make: *** [cmTC_fb9c8/fast] Error 2

Source:
/* */
#include <stdio.h>
#include <readline/history.h>


int main(void){return 0;}

Performing C SOURCE FILE Test SIN_LEN failed with the following output:
Change Dir: /home/ubuntu/bro/my_build_dir/CMakeFiles/CMakeTmp

Run Build Command:"/usr/bin/make" "cmTC_1892a/fast"
/usr/bin/make -f CMakeFiles/cmTC_1892a.dir/build.make CMakeFiles/cmTC_1892a.dir/build
make[1]: Entering directory '/home/ubuntu/bro/my_build_dir/CMakeFiles/CMakeTmp'
Building C object CMakeFiles/cmTC_1892a.dir/src.c.o
/usr/bin/cc    -Wall -Wno-unused -DSIN_LEN   -o CMakeFiles/cmTC_1892a.dir/src.c.o   -c /home/ubuntu/bro/my_build_dir/CMakeFiles/CMakeTmp/src.c
/home/ubuntu/bro/my_build_dir/CMakeFiles/CMakeTmp/src.c: In function ‘main’:
/home/ubuntu/bro/my_build_dir/CMakeFiles/CMakeTmp/src.c:6:42: error: ‘struct sockaddr_in’ has no member named ‘sin_len’
    (void)sizeof(((struct sockaddr_in *)0)->sin_len);
                                          ^
CMakeFiles/cmTC_1892a.dir/build.make:65: recipe for target 'CMakeFiles/cmTC_1892a.dir/src.c.o' failed
make[1]: *** [CMakeFiles/cmTC_1892a.dir/src.c.o] Error 1
make[1]: Leaving directory '/home/ubuntu/bro/my_build_dir/CMakeFiles/CMakeTmp'
Makefile:126: recipe for target 'cmTC_1892a/fast' failed
make: *** [cmTC_1892a/fast] Error 2

Source file was:

#include <netinet/in.h>

int main()
{
   (void)sizeof(((struct sockaddr_in *)0)->sin_len);
   return 0;
}

Determining if the IPPROTO_IPV4 exist failed with the following output:
Change Dir: /home/ubuntu/bro/my_build_dir/CMakeFiles/CMakeTmp

Run Build Command:"/usr/bin/make" "cmTC_87dc9/fast"
/usr/bin/make -f CMakeFiles/cmTC_87dc9.dir/build.make CMakeFiles/cmTC_87dc9.dir/build
make[1]: Entering directory '/home/ubuntu/bro/my_build_dir/CMakeFiles/CMakeTmp'
Building C object CMakeFiles/cmTC_87dc9.dir/CheckSymbolExists.c.o
/usr/bin/cc    -Wall -Wno-unused    -o CMakeFiles/cmTC_87dc9.dir/CheckSymbolExists.c.o   -c /home/ubuntu/bro/my_build_dir/CMakeFiles/CMakeTmp/CheckSymbolExists.c
/home/ubuntu/bro/my_build_dir/CMakeFiles/CMakeTmp/CheckSymbolExists.c: In function ‘main’:
/home/ubuntu/bro/my_build_dir/CMakeFiles/CMakeTmp/CheckSymbolExists.c:8:19: error: ‘IPPROTO_IPV4’ undeclared (first use in this function)
   return ((int*)(&IPPROTO_IPV4))[argc];
                   ^
/home/ubuntu/bro/my_build_dir/CMakeFiles/CMakeTmp/CheckSymbolExists.c:8:19: note: each undeclared identifier is reported only once for each function it appears in
CMakeFiles/cmTC_87dc9.dir/build.make:65: recipe for target 'CMakeFiles/cmTC_87dc9.dir/CheckSymbolExists.c.o' failed
make[1]: *** [CMakeFiles/cmTC_87dc9.dir/CheckSymbolExists.c.o] Error 1
make[1]: Leaving directory '/home/ubuntu/bro/my_build_dir/CMakeFiles/CMakeTmp'
Makefile:126: recipe for target 'cmTC_87dc9/fast' failed
make: *** [cmTC_87dc9/fast] Error 2

File /home/ubuntu/bro/my_build_dir/CMakeFiles/CMakeTmp/CheckSymbolExists.c:
/* */
#include <netinet/in.h>

int main(int argc, char** argv)
{
  (void)argv;
#ifndef IPPROTO_IPV4
  return ((int*)(&IPPROTO_IPV4))[argc];
#else
  (void)argc;
  return 0;
#endif
}

Performing C SOURCE FILE Test DO_SOCK_DECL failed with the following output:
Change Dir: /home/ubuntu/bro/my_build_dir/CMakeFiles/CMakeTmp

Run Build Command:"/usr/bin/make" "cmTC_221bc/fast"
/usr/bin/make -f CMakeFiles/cmTC_221bc.dir/build.make CMakeFiles/cmTC_221bc.dir/build
make[1]: Entering directory '/home/ubuntu/bro/my_build_dir/CMakeFiles/CMakeTmp'
Building C object CMakeFiles/cmTC_221bc.dir/src.c.o
/usr/bin/cc    -Wall -Wno-unused -DDO_SOCK_DECL   -o CMakeFiles/cmTC_221bc.dir/src.c.o   -c /home/ubuntu/bro/my_build_dir/CMakeFiles/CMakeTmp/src.c
/home/ubuntu/bro/my_build_dir/CMakeFiles/CMakeTmp/src.c:5:16: error: conflicting types for ‘connect’
     extern int connect(int, const struct sockaddr *, int);
                ^
In file included from /home/ubuntu/bro/my_build_dir/CMakeFiles/CMakeTmp/src.c:3:0:
/usr/include/x86_64-linux-gnu/sys/socket.h:137:12: note: previous declaration of ‘connect’ was here
 extern int connect (int __fd, __CONST_SOCKADDR_ARG __addr, socklen_t __len);
            ^
/home/ubuntu/bro/my_build_dir/CMakeFiles/CMakeTmp/src.c:6:16: error: conflicting types for ‘send’
     extern int send(int, const void *, int, int);
                ^
In file included from /home/ubuntu/bro/my_build_dir/CMakeFiles/CMakeTmp/src.c:3:0:
/usr/include/x86_64-linux-gnu/sys/socket.h:149:16: note: previous declaration of ‘send’ was here
 extern ssize_t send (int __fd, const void *__buf, size_t __n, int __flags);
                ^
/home/ubuntu/bro/my_build_dir/CMakeFiles/CMakeTmp/src.c:7:16: error: conflicting types for ‘recvfrom’
     extern int recvfrom(int, void *, int, int, struct sockaddr *, int *);
                ^
In file included from /home/ubuntu/bro/my_build_dir/CMakeFiles/CMakeTmp/src.c:3:0:
/usr/include/x86_64-linux-gnu/sys/socket.h:174:16: note: previous declaration of ‘recvfrom’ was here
 extern ssize_t recvfrom (int __fd, void *__restrict __buf, size_t __n,
                ^
CMakeFiles/cmTC_221bc.dir/build.make:65: recipe for target 'CMakeFiles/cmTC_221bc.dir/src.c.o' failed
make[1]: *** [CMakeFiles/cmTC_221bc.dir/src.c.o] Error 1
make[1]: Leaving directory '/home/ubuntu/bro/my_build_dir/CMakeFiles/CMakeTmp'
Makefile:126: recipe for target 'cmTC_221bc/fast' failed
make: *** [cmTC_221bc/fast] Error 2

Source file was:

    #include <sys/types.h>
    #include <sys/socket.h>
    extern int socket(int, int, int);
    extern int connect(int, const struct sockaddr *, int);
    extern int send(int, const void *, int, int);
    extern int recvfrom(int, void *, int, int, struct sockaddr *, int *);
    int main() { return 0; }

Performing C++ SOURCE FILE Test SYSLOG_INT failed with the following output:
Change Dir: /home/ubuntu/bro/my_build_dir/CMakeFiles/CMakeTmp

Run Build Command:"/usr/bin/make" "cmTC_85165/fast"
/usr/bin/make -f CMakeFiles/cmTC_85165.dir/build.make CMakeFiles/cmTC_85165.dir/build
make[1]: Entering directory '/home/ubuntu/bro/my_build_dir/CMakeFiles/CMakeTmp'
Building CXX object CMakeFiles/cmTC_85165.dir/src.cxx.o
/usr/bin/c++     -Wall -Wno-unused -DSYSLOG_INT   -o CMakeFiles/cmTC_85165.dir/src.cxx.o -c /home/ubuntu/bro/my_build_dir/CMakeFiles/CMakeTmp/src.cxx
/home/ubuntu/bro/my_build_dir/CMakeFiles/CMakeTmp/src.cxx:5:64: error: conflicting declaration of C function ‘int openlog(const char*, int, int)’
         int openlog(const char* ident, int logopt, int facility);
                                                                ^
In file included from /usr/include/syslog.h:1:0,
                 from /home/ubuntu/bro/my_build_dir/CMakeFiles/CMakeTmp/src.cxx:3:
/usr/include/x86_64-linux-gnu/sys/syslog.h:181:13: note: previous declaration ‘void openlog(const char*, int, int)’
 extern void openlog (const char *__ident, int __option, int __facility);
             ^
/home/ubuntu/bro/my_build_dir/CMakeFiles/CMakeTmp/src.cxx:6:62: error: conflicting declaration of C function ‘int syslog(int, const char*, ...)’
         int syslog(int priority, const char* message_fmt, ...);
                                                              ^
In file included from /usr/include/syslog.h:1:0,
                 from /home/ubuntu/bro/my_build_dir/CMakeFiles/CMakeTmp/src.cxx:3:
/usr/include/x86_64-linux-gnu/sys/syslog.h:190:13: note: previous declaration ‘void syslog(int, const char*, ...)’
 extern void syslog (int __pri, const char *__fmt, ...)
             ^
/home/ubuntu/bro/my_build_dir/CMakeFiles/CMakeTmp/src.cxx:7:22: error: conflicting declaration of C function ‘int closelog()’
         int closelog();
                      ^
In file included from /usr/include/syslog.h:1:0,
                 from /home/ubuntu/bro/my_build_dir/CMakeFiles/CMakeTmp/src.cxx:3:
/usr/include/x86_64-linux-gnu/sys/syslog.h:175:13: note: previous declaration ‘void closelog()’
 extern void closelog (void);
             ^
CMakeFiles/cmTC_85165.dir/build.make:65: recipe for target 'CMakeFiles/cmTC_85165.dir/src.cxx.o' failed
make[1]: *** [CMakeFiles/cmTC_85165.dir/src.cxx.o] Error 1
make[1]: Leaving directory '/home/ubuntu/bro/my_build_dir/CMakeFiles/CMakeTmp'
Makefile:126: recipe for target 'cmTC_85165/fast' failed
make: *** [cmTC_85165/fast] Error 2

Source file was:

    #include <stdlib.h>
    #include <syslog.h>
    extern "C" {
        int openlog(const char* ident, int logopt, int facility);
        int syslog(int priority, const char* message_fmt, ...);
        int closelog();
    }
    int main() { return 0; }

Determining if files pcap-int.h exist failed with the following output:
Change Dir: /home/ubuntu/bro/my_build_dir/CMakeFiles/CMakeTmp

Run Build Command:"/usr/bin/make" "cmTC_93297/fast"
/usr/bin/make -f CMakeFiles/cmTC_93297.dir/build.make CMakeFiles/cmTC_93297.dir/build
make[1]: Entering directory '/home/ubuntu/bro/my_build_dir/CMakeFiles/CMakeTmp'
Building C object CMakeFiles/cmTC_93297.dir/CheckIncludeFiles.c.o
/usr/bin/cc    -Wall -Wno-unused    -o CMakeFiles/cmTC_93297.dir/CheckIncludeFiles.c.o   -c /home/ubuntu/bro/my_build_dir/CMakeFiles/CMakeTmp/CheckIncludeFiles.c
/home/ubuntu/bro/my_build_dir/CMakeFiles/CMakeTmp/CheckIncludeFiles.c:2:22: fatal error: pcap-int.h: No such file or directory
compilation terminated.
CMakeFiles/cmTC_93297.dir/build.make:65: recipe for target 'CMakeFiles/cmTC_93297.dir/CheckIncludeFiles.c.o' failed
make[1]: *** [CMakeFiles/cmTC_93297.dir/CheckIncludeFiles.c.o] Error 1
make[1]: Leaving directory '/home/ubuntu/bro/my_build_dir/CMakeFiles/CMakeTmp'
Makefile:126: recipe for target 'cmTC_93297/fast' failed
make: *** [cmTC_93297/fast] Error 2

Source:
/* */
#include <pcap-int.h>


int main(void){return 0;}

Performing C SOURCE FILE Test LIBPCAP_PCAP_COMPILE_NOPCAP_HAS_ERROR_PARAMETER failed with the following output:
Change Dir: /home/ubuntu/bro/my_build_dir/CMakeFiles/CMakeTmp

Run Build Command:"/usr/bin/make" "cmTC_beb16/fast"
/usr/bin/make -f CMakeFiles/cmTC_beb16.dir/build.make CMakeFiles/cmTC_beb16.dir/build
make[1]: Entering directory '/home/ubuntu/bro/my_build_dir/CMakeFiles/CMakeTmp'
Building C object CMakeFiles/cmTC_beb16.dir/src.c.o
/usr/bin/cc    -Wall -Wno-unused -DLIBPCAP_PCAP_COMPILE_NOPCAP_HAS_ERROR_PARAMETER   -o CMakeFiles/cmTC_beb16.dir/src.c.o   -c /home/ubuntu/bro/my_build_dir/CMakeFiles/CMakeTmp/src.c
/home/ubuntu/bro/my_build_dir/CMakeFiles/CMakeTmp/src.c: In function ‘main’:
/home/ubuntu/bro/my_build_dir/CMakeFiles/CMakeTmp/src.c:16:11: error: too many arguments to function ‘pcap_compile_nopcap’
     (void)pcap_compile_nopcap(
           ^
In file included from /usr/include/pcap.h:43:0,
                 from /home/ubuntu/bro/my_build_dir/CMakeFiles/CMakeTmp/src.c:2:
/usr/include/pcap/pcap.h:391:5: note: declared here
 int pcap_compile_nopcap(int, int, struct bpf_program *,
     ^
CMakeFiles/cmTC_beb16.dir/build.make:65: recipe for target 'CMakeFiles/cmTC_beb16.dir/src.c.o' failed
make[1]: *** [CMakeFiles/cmTC_beb16.dir/src.c.o] Error 1
make[1]: Leaving directory '/home/ubuntu/bro/my_build_dir/CMakeFiles/CMakeTmp'
Makefile:126: recipe for target 'cmTC_beb16/fast' failed
make: *** [cmTC_beb16/fast] Error 2

Source file was:

#include <pcap.h>
int main () {
    int snaplen;
    int linktype;
    struct bpf_program fp;
    int optimize;
    bpf_u_int32 netmask;
    char str[10];
    char error[1024];
    snaplen = 50;
    linktype = DLT_EN10MB;
    optimize = 1;
    netmask = 0L;
    str[0] = 'i'; str[1] = 'p'; str[2] = '\0';
    (void)pcap_compile_nopcap(
        snaplen, linktype, &fp, str, optimize, netmask, &error);
    return 0;
}

Determining if the pthread_create exist failed with the following output:
Change Dir: /home/ubuntu/bro/my_build_dir/CMakeFiles/CMakeTmp

Run Build Command:"/usr/bin/make" "cmTC_faf58/fast"
/usr/bin/make -f CMakeFiles/cmTC_faf58.dir/build.make CMakeFiles/cmTC_faf58.dir/build
make[1]: Entering directory '/home/ubuntu/bro/my_build_dir/CMakeFiles/CMakeTmp'
Building C object CMakeFiles/cmTC_faf58.dir/CheckSymbolExists.c.o
/usr/bin/cc    -Wall -Wno-unused    -o CMakeFiles/cmTC_faf58.dir/CheckSymbolExists.c.o   -c /home/ubuntu/bro/my_build_dir/CMakeFiles/CMakeTmp/CheckSymbolExists.c
Linking C executable cmTC_faf58
/usr/bin/cmake -E cmake_link_script CMakeFiles/cmTC_faf58.dir/link.txt --verbose=1
/usr/bin/cc   -Wall -Wno-unused     CMakeFiles/cmTC_faf58.dir/CheckSymbolExists.c.o  -o cmTC_faf58 -rdynamic 
CMakeFiles/cmTC_faf58.dir/CheckSymbolExists.c.o: In function `main':
CheckSymbolExists.c:(.text+0x16): undefined reference to `pthread_create'
collect2: error: ld returned 1 exit status
CMakeFiles/cmTC_faf58.dir/build.make:97: recipe for target 'cmTC_faf58' failed
make[1]: *** [cmTC_faf58] Error 1
make[1]: Leaving directory '/home/ubuntu/bro/my_build_dir/CMakeFiles/CMakeTmp'
Makefile:126: recipe for target 'cmTC_faf58/fast' failed
make: *** [cmTC_faf58/fast] Error 2

File /home/ubuntu/bro/my_build_dir/CMakeFiles/CMakeTmp/CheckSymbolExists.c:
/* */
#include <pthread.h>

int main(int argc, char** argv)
{
  (void)argv;
#ifndef pthread_create
  return ((int*)(&pthread_create))[argc];
#else
  (void)argc;
  return 0;
#endif
}

Determining if the function pthread_create exists in the pthreads failed with the following output:
Change Dir: /home/ubuntu/bro/my_build_dir/CMakeFiles/CMakeTmp

Run Build Command:"/usr/bin/make" "cmTC_6a200/fast"
/usr/bin/make -f CMakeFiles/cmTC_6a200.dir/build.make CMakeFiles/cmTC_6a200.dir/build
make[1]: Entering directory '/home/ubuntu/bro/my_build_dir/CMakeFiles/CMakeTmp'
Building C object CMakeFiles/cmTC_6a200.dir/CheckFunctionExists.c.o
/usr/bin/cc    -Wall -Wno-unused -DCHECK_FUNCTION_EXISTS=pthread_create   -o CMakeFiles/cmTC_6a200.dir/CheckFunctionExists.c.o   -c /usr/share/cmake-3.5/Modules/CheckFunctionExists.c
Linking C executable cmTC_6a200
/usr/bin/cmake -E cmake_link_script CMakeFiles/cmTC_6a200.dir/link.txt --verbose=1
/usr/bin/cc   -Wall -Wno-unused -DCHECK_FUNCTION_EXISTS=pthread_create    CMakeFiles/cmTC_6a200.dir/CheckFunctionExists.c.o  -o cmTC_6a200 -rdynamic -lpthreads 
/usr/bin/ld: cannot find -lpthreads
collect2: error: ld returned 1 exit status
CMakeFiles/cmTC_6a200.dir/build.make:97: recipe for target 'cmTC_6a200' failed
make[1]: *** [cmTC_6a200] Error 1
make[1]: Leaving directory '/home/ubuntu/bro/my_build_dir/CMakeFiles/CMakeTmp'
Makefile:126: recipe for target 'cmTC_6a200/fast' failed
make: *** [cmTC_6a200/fast] Error 2


Determining if the function pcap_get_pfring_id exists failed with the following output:
Change Dir: /home/ubuntu/bro/my_build_dir/CMakeFiles/CMakeTmp

Run Build Command:"/usr/bin/make" "cmTC_85f31/fast"
/usr/bin/make -f CMakeFiles/cmTC_85f31.dir/build.make CMakeFiles/cmTC_85f31.dir/build
make[1]: Entering directory '/home/ubuntu/bro/my_build_dir/CMakeFiles/CMakeTmp'
Building C object CMakeFiles/cmTC_85f31.dir/CheckFunctionExists.c.o
/usr/bin/cc    -Wall -Wno-unused -DCHECK_FUNCTION_EXISTS=pcap_get_pfring_id   -o CMakeFiles/cmTC_85f31.dir/CheckFunctionExists.c.o   -c /usr/share/cmake-3.5/Modules/CheckFunctionExists.c
Linking C executable cmTC_85f31
/usr/bin/cmake -E cmake_link_script CMakeFiles/cmTC_85f31.dir/link.txt --verbose=1
/usr/bin/cc   -Wall -Wno-unused -DCHECK_FUNCTION_EXISTS=pcap_get_pfring_id    CMakeFiles/cmTC_85f31.dir/CheckFunctionExists.c.o  -o cmTC_85f31 -rdynamic /usr/lib/x86_64-linux-gnu/libpcap.so 
CMakeFiles/cmTC_85f31.dir/CheckFunctionExists.c.o: In function `main':
CheckFunctionExists.c:(.text+0x15): undefined reference to `pcap_get_pfring_id'
collect2: error: ld returned 1 exit status
CMakeFiles/cmTC_85f31.dir/build.make:98: recipe for target 'cmTC_85f31' failed
make[1]: *** [cmTC_85f31] Error 1
make[1]: Leaving directory '/home/ubuntu/bro/my_build_dir/CMakeFiles/CMakeTmp'
Makefile:126: recipe for target 'cmTC_85f31/fast' failed
make: *** [cmTC_85f31/fast] Error 2


Performing C SOURCE FILE Test ns_initparse_works_none failed with the following output:
Change Dir: /home/ubuntu/bro/my_build_dir/CMakeFiles/CMakeTmp

Run Build Command:"/usr/bin/make" "cmTC_4874b/fast"
/usr/bin/make -f CMakeFiles/cmTC_4874b.dir/build.make CMakeFiles/cmTC_4874b.dir/build
make[1]: Entering directory '/home/ubuntu/bro/my_build_dir/CMakeFiles/CMakeTmp'
Building C object CMakeFiles/cmTC_4874b.dir/src.c.o
/usr/bin/cc    -Wall -Wno-unused -Dns_initparse_works_none   -o CMakeFiles/cmTC_4874b.dir/src.c.o   -c /home/ubuntu/bro/my_build_dir/CMakeFiles/CMakeTmp/src.c
Linking C executable cmTC_4874b
/usr/bin/cmake -E cmake_link_script CMakeFiles/cmTC_4874b.dir/link.txt --verbose=1
/usr/bin/cc   -Wall -Wno-unused -Dns_initparse_works_none    CMakeFiles/cmTC_4874b.dir/src.c.o  -o cmTC_4874b -rdynamic 
CMakeFiles/cmTC_4874b.dir/src.c.o: In function `main':
src.c:(.text+0x14): undefined reference to `ns_initparse'
collect2: error: ld returned 1 exit status
CMakeFiles/cmTC_4874b.dir/build.make:97: recipe for target 'cmTC_4874b' failed
make[1]: *** [cmTC_4874b] Error 1
make[1]: Leaving directory '/home/ubuntu/bro/my_build_dir/CMakeFiles/CMakeTmp'
Makefile:126: recipe for target 'cmTC_4874b/fast' failed
make: *** [cmTC_4874b/fast] Error 2

Source file was:

        #include <arpa/nameser.h>
        int main() {
            ns_initparse(0, 0, 0);
            return 0;
        }

Performing C SOURCE FILE Test res_mkquery_works_none failed with the following output:
Change Dir: /home/ubuntu/bro/my_build_dir/CMakeFiles/CMakeTmp

Run Build Command:"/usr/bin/make" "cmTC_d3b1e/fast"
/usr/bin/make -f CMakeFiles/cmTC_d3b1e.dir/build.make CMakeFiles/cmTC_d3b1e.dir/build
make[1]: Entering directory '/home/ubuntu/bro/my_build_dir/CMakeFiles/CMakeTmp'
Building C object CMakeFiles/cmTC_d3b1e.dir/src.c.o
/usr/bin/cc    -Wall -Wno-unused -Dres_mkquery_works_none   -o CMakeFiles/cmTC_d3b1e.dir/src.c.o   -c /home/ubuntu/bro/my_build_dir/CMakeFiles/CMakeTmp/src.c
Linking C executable cmTC_d3b1e
/usr/bin/cmake -E cmake_link_script CMakeFiles/cmTC_d3b1e.dir/link.txt --verbose=1
/usr/bin/cc   -Wall -Wno-unused -Dres_mkquery_works_none    CMakeFiles/cmTC_d3b1e.dir/src.c.o  -o cmTC_d3b1e -rdynamic 
CMakeFiles/cmTC_d3b1e.dir/src.c.o: In function `main':
src.c:(.text+0x8): undefined reference to `__res_mkquery'
collect2: error: ld returned 1 exit status
CMakeFiles/cmTC_d3b1e.dir/build.make:97: recipe for target 'cmTC_d3b1e' failed
make[1]: *** [cmTC_d3b1e] Error 1
make[1]: Leaving directory '/home/ubuntu/bro/my_build_dir/CMakeFiles/CMakeTmp'
Makefile:126: recipe for target 'cmTC_d3b1e/fast' failed
make: *** [cmTC_d3b1e/fast] Error 2

Source file was:

        #include <sys/types.h>
        #include <sys/socket.h>
        #include <netinet/in.h>
        #include <arpa/nameser.h>
        #include <resolv.h>
        int main() {
            int (*p)() = res_mkquery;
            return 0;
        }

Determining if the system is big endian passed with the following output:
Change Dir: /home/ubuntu/bro/my_build_dir/CMakeFiles/CMakeTmp

Run Build Command:"/usr/bin/make" "cmTC_c7642/fast"
/usr/bin/make -f CMakeFiles/cmTC_c7642.dir/build.make CMakeFiles/cmTC_c7642.dir/build
make[1]: Entering directory '/home/ubuntu/bro/my_build_dir/CMakeFiles/CMakeTmp'
Building C object CMakeFiles/cmTC_c7642.dir/TestEndianess.c.o
/usr/bin/cc    -Wall -Wno-unused    -o CMakeFiles/cmTC_c7642.dir/TestEndianess.c.o   -c /home/ubuntu/bro/my_build_dir/CMakeFiles/CMakeTmp/TestEndianess.c
Linking C executable cmTC_c7642
/usr/bin/cmake -E cmake_link_script CMakeFiles/cmTC_c7642.dir/link.txt --verbose=1
/usr/bin/cc   -Wall -Wno-unused     CMakeFiles/cmTC_c7642.dir/TestEndianess.c.o  -o cmTC_c7642 -rdynamic 
make[1]: Leaving directory '/home/ubuntu/bro/my_build_dir/CMakeFiles/CMakeTmp'

TestEndianess.c:
/* A 16 bit integer is required. */
typedef unsigned short cmakeint16;

/* On a little endian machine, these 16bit ints will give "THIS IS LITTLE ENDIAN."
   On a big endian machine the characters will be exchanged pairwise. */
const cmakeint16 info_little[] =  {0x4854, 0x5349, 0x4920, 0x2053, 0x494c, 0x5454, 0x454c, 0x4520, 0x444e, 0x4149, 0x2e4e, 0x0000};

/* on a big endian machine, these 16bit ints will give "THIS IS BIG ENDIAN."
   On a little endian machine the characters will be exchanged pairwise. */
const cmakeint16 info_big[] =     {0x5448, 0x4953, 0x2049, 0x5320, 0x4249, 0x4720, 0x454e, 0x4449, 0x414e, 0x2e2e, 0x0000};

#ifdef __CLASSIC_C__
int main(argc, argv) int argc; char *argv[];
#else
int main(int argc, char *argv[])
#endif
{
  int require = 0;
  require += info_little[argc];
  require += info_big[argc];
  (void)argv;
  return require;
}


Determining if the system is big endian passed with the following output:
Change Dir: /home/ubuntu/bro/my_build_dir/CMakeFiles/CMakeTmp

Run Build Command:"/usr/bin/make" "cmTC_71825/fast"
/usr/bin/make -f CMakeFiles/cmTC_71825.dir/build.make CMakeFiles/cmTC_71825.dir/build
make[1]: Entering directory '/home/ubuntu/bro/my_build_dir/CMakeFiles/CMakeTmp'
Building C object CMakeFiles/cmTC_71825.dir/TestEndianess.c.o
/usr/bin/cc    -Wall -Wno-unused    -o CMakeFiles/cmTC_71825.dir/TestEndianess.c.o   -c /home/ubuntu/bro/my_build_dir/CMakeFiles/CMakeTmp/TestEndianess.c
Linking C executable cmTC_71825
/usr/bin/cmake -E cmake_link_script CMakeFiles/cmTC_71825.dir/link.txt --verbose=1
/usr/bin/cc   -Wall -Wno-unused     CMakeFiles/cmTC_71825.dir/TestEndianess.c.o  -o cmTC_71825 -rdynamic 
make[1]: Leaving directory '/home/ubuntu/bro/my_build_dir/CMakeFiles/CMakeTmp'

TestEndianess.c:
/* A 16 bit integer is required. */
typedef unsigned short cmakeint16;

/* On a little endian machine, these 16bit ints will give "THIS IS LITTLE ENDIAN."
   On a big endian machine the characters will be exchanged pairwise. */
const cmakeint16 info_little[] =  {0x4854, 0x5349, 0x4920, 0x2053, 0x494c, 0x5454, 0x454c, 0x4520, 0x444e, 0x4149, 0x2e4e, 0x0000};

/* on a big endian machine, these 16bit ints will give "THIS IS BIG ENDIAN."
   On a little endian machine the characters will be exchanged pairwise. */
const cmakeint16 info_big[] =     {0x5448, 0x4953, 0x2049, 0x5320, 0x4249, 0x4720, 0x454e, 0x4449, 0x414e, 0x2e2e, 0x0000};

#ifdef __CLASSIC_C__
int main(argc, argv) int argc; char *argv[];
#else
int main(int argc, char *argv[])
#endif
{
  int require = 0;
  require += info_little[argc];
  require += info_big[argc];
  (void)argv;
  return require;
}


Determining if the htonll exist failed with the following output:
Change Dir: /home/ubuntu/bro/my_build_dir/CMakeFiles/CMakeTmp

Run Build Command:"/usr/bin/make" "cmTC_c91d9/fast"
/usr/bin/make -f CMakeFiles/cmTC_c91d9.dir/build.make CMakeFiles/cmTC_c91d9.dir/build
make[1]: Entering directory '/home/ubuntu/bro/my_build_dir/CMakeFiles/CMakeTmp'
Building C object CMakeFiles/cmTC_c91d9.dir/CheckSymbolExists.c.o
/usr/bin/cc    -Wall -Wno-unused    -o CMakeFiles/cmTC_c91d9.dir/CheckSymbolExists.c.o   -c /home/ubuntu/bro/my_build_dir/CMakeFiles/CMakeTmp/CheckSymbolExists.c
/home/ubuntu/bro/my_build_dir/CMakeFiles/CMakeTmp/CheckSymbolExists.c: In function ‘main’:
/home/ubuntu/bro/my_build_dir/CMakeFiles/CMakeTmp/CheckSymbolExists.c:8:19: error: ‘htonll’ undeclared (first use in this function)
   return ((int*)(&htonll))[argc];
                   ^
/home/ubuntu/bro/my_build_dir/CMakeFiles/CMakeTmp/CheckSymbolExists.c:8:19: note: each undeclared identifier is reported only once for each function it appears in
CMakeFiles/cmTC_c91d9.dir/build.make:65: recipe for target 'CMakeFiles/cmTC_c91d9.dir/CheckSymbolExists.c.o' failed
make[1]: *** [CMakeFiles/cmTC_c91d9.dir/CheckSymbolExists.c.o] Error 1
make[1]: Leaving directory '/home/ubuntu/bro/my_build_dir/CMakeFiles/CMakeTmp'
Makefile:126: recipe for target 'cmTC_c91d9/fast' failed
make: *** [cmTC_c91d9/fast] Error 2

File /home/ubuntu/bro/my_build_dir/CMakeFiles/CMakeTmp/CheckSymbolExists.c:
/* */
#include <arpa/inet.h>

int main(int argc, char** argv)
{
  (void)argv;
#ifndef htonll
  return ((int*)(&htonll))[argc];
#else
  (void)argc;
  return 0;
#endif
}

Determining if files sys/ethernet.h exist failed with the following output:
Change Dir: /home/ubuntu/bro/my_build_dir/CMakeFiles/CMakeTmp

Run Build Command:"/usr/bin/make" "cmTC_5f71d/fast"
/usr/bin/make -f CMakeFiles/cmTC_5f71d.dir/build.make CMakeFiles/cmTC_5f71d.dir/build
make[1]: Entering directory '/home/ubuntu/bro/my_build_dir/CMakeFiles/CMakeTmp'
Building C object CMakeFiles/cmTC_5f71d.dir/CheckIncludeFiles.c.o
/usr/bin/cc    -Wall -Wno-unused    -o CMakeFiles/cmTC_5f71d.dir/CheckIncludeFiles.c.o   -c /home/ubuntu/bro/my_build_dir/CMakeFiles/CMakeTmp/CheckIncludeFiles.c
/home/ubuntu/bro/my_build_dir/CMakeFiles/CMakeTmp/CheckIncludeFiles.c:2:26: fatal error: sys/ethernet.h: No such file or directory
compilation terminated.
CMakeFiles/cmTC_5f71d.dir/build.make:65: recipe for target 'CMakeFiles/cmTC_5f71d.dir/CheckIncludeFiles.c.o' failed
make[1]: *** [CMakeFiles/cmTC_5f71d.dir/CheckIncludeFiles.c.o] Error 1
make[1]: Leaving directory '/home/ubuntu/bro/my_build_dir/CMakeFiles/CMakeTmp'
Makefile:126: recipe for target 'cmTC_5f71d/fast' failed
make: *** [cmTC_5f71d/fast] Error 2

Source:
/* */
#include <sys/ethernet.h>


int main(void){return 0;}

Determining if files net/ethertypes.h exist failed with the following output:
Change Dir: /home/ubuntu/bro/my_build_dir/CMakeFiles/CMakeTmp

Run Build Command:"/usr/bin/make" "cmTC_06aa0/fast"
/usr/bin/make -f CMakeFiles/cmTC_06aa0.dir/build.make CMakeFiles/cmTC_06aa0.dir/build
make[1]: Entering directory '/home/ubuntu/bro/my_build_dir/CMakeFiles/CMakeTmp'
Building C object CMakeFiles/cmTC_06aa0.dir/CheckIncludeFiles.c.o
/usr/bin/cc    -Wall -Wno-unused    -o CMakeFiles/cmTC_06aa0.dir/CheckIncludeFiles.c.o   -c /home/ubuntu/bro/my_build_dir/CMakeFiles/CMakeTmp/CheckIncludeFiles.c
/home/ubuntu/bro/my_build_dir/CMakeFiles/CMakeTmp/CheckIncludeFiles.c:2:28: fatal error: net/ethertypes.h: No such file or directory
compilation terminated.
CMakeFiles/cmTC_06aa0.dir/build.make:65: recipe for target 'CMakeFiles/cmTC_06aa0.dir/CheckIncludeFiles.c.o' failed
make[1]: *** [CMakeFiles/cmTC_06aa0.dir/CheckIncludeFiles.c.o] Error 1
make[1]: Leaving directory '/home/ubuntu/bro/my_build_dir/CMakeFiles/CMakeTmp'
Makefile:126: recipe for target 'cmTC_06aa0/fast' failed
make: *** [cmTC_06aa0/fast] Error 2

Source:
/* */
#include <net/ethertypes.h>


int main(void){return 0;}

Determining if files os-proto.h exist failed with the following output:
Change Dir: /home/ubuntu/bro/my_build_dir/CMakeFiles/CMakeTmp

Run Build Command:"/usr/bin/make" "cmTC_c30d2/fast"
/usr/bin/make -f CMakeFiles/cmTC_c30d2.dir/build.make CMakeFiles/cmTC_c30d2.dir/build
make[1]: Entering directory '/home/ubuntu/bro/my_build_dir/CMakeFiles/CMakeTmp'
Building C object CMakeFiles/cmTC_c30d2.dir/CheckIncludeFiles.c.o
/usr/bin/cc    -Wall -Wno-unused    -o CMakeFiles/cmTC_c30d2.dir/CheckIncludeFiles.c.o   -c /home/ubuntu/bro/my_build_dir/CMakeFiles/CMakeTmp/CheckIncludeFiles.c
/home/ubuntu/bro/my_build_dir/CMakeFiles/CMakeTmp/CheckIncludeFiles.c:2:22: fatal error: os-proto.h: No such file or directory
compilation terminated.
CMakeFiles/cmTC_c30d2.dir/build.make:65: recipe for target 'CMakeFiles/cmTC_c30d2.dir/CheckIncludeFiles.c.o' failed
make[1]: *** [CMakeFiles/cmTC_c30d2.dir/CheckIncludeFiles.c.o] Error 1
make[1]: Leaving directory '/home/ubuntu/bro/my_build_dir/CMakeFiles/CMakeTmp'
Makefile:126: recipe for target 'cmTC_c30d2/fast' failed
make: *** [cmTC_c30d2/fast] Error 2

Source:
/* */
#include <os-proto.h>


int main(void){return 0;}

Performing C SOURCE FILE Test HAVE_READLINE_HISTORY_ENTRIES failed with the following output:
Change Dir: /home/ubuntu/bro/my_build_dir/CMakeFiles/CMakeTmp

Run Build Command:"/usr/bin/make" "cmTC_3ed8c/fast"
/usr/bin/make -f CMakeFiles/cmTC_3ed8c.dir/build.make CMakeFiles/cmTC_3ed8c.dir/build
make[1]: Entering directory '/home/ubuntu/bro/my_build_dir/CMakeFiles/CMakeTmp'
Building C object CMakeFiles/cmTC_3ed8c.dir/src.c.o
/usr/bin/cc    -Wall -Wno-unused -DHAVE_READLINE_HISTORY_ENTRIES   -o CMakeFiles/cmTC_3ed8c.dir/src.c.o   -c /home/ubuntu/bro/my_build_dir/CMakeFiles/CMakeTmp/src.c
/home/ubuntu/bro/my_build_dir/CMakeFiles/CMakeTmp/src.c:3:31: fatal error: readline/readline.h: No such file or directory
compilation terminated.
CMakeFiles/cmTC_3ed8c.dir/build.make:65: recipe for target 'CMakeFiles/cmTC_3ed8c.dir/src.c.o' failed
make[1]: *** [CMakeFiles/cmTC_3ed8c.dir/src.c.o] Error 1
make[1]: Leaving directory '/home/ubuntu/bro/my_build_dir/CMakeFiles/CMakeTmp'
Makefile:126: recipe for target 'cmTC_3ed8c/fast' failed
make: *** [cmTC_3ed8c/fast] Error 2

Source file was:

#include <stdio.h>
#include <readline/readline.h>

int main()
{
   (void)sizeof(((HISTORY_STATE *)0)->entries);
   return 0;
}

Determining if files stdio.h;readline/readline.h exist failed with the following output:
Change Dir: /home/ubuntu/bro/my_build_dir/CMakeFiles/CMakeTmp

Run Build Command:"/usr/bin/make" "cmTC_7bf9d/fast"
/usr/bin/make -f CMakeFiles/cmTC_7bf9d.dir/build.make CMakeFiles/cmTC_7bf9d.dir/build
make[1]: Entering directory '/home/ubuntu/bro/my_build_dir/CMakeFiles/CMakeTmp'
Building C object CMakeFiles/cmTC_7bf9d.dir/CheckIncludeFiles.c.o
/usr/bin/cc    -Wall -Wno-unused    -o CMakeFiles/cmTC_7bf9d.dir/CheckIncludeFiles.c.o   -c /home/ubuntu/bro/my_build_dir/CMakeFiles/CMakeTmp/CheckIncludeFiles.c
/home/ubuntu/bro/my_build_dir/CMakeFiles/CMakeTmp/CheckIncludeFiles.c:3:31: fatal error: readline/readline.h: No such file or directory
compilation terminated.
CMakeFiles/cmTC_7bf9d.dir/build.make:65: recipe for target 'CMakeFiles/cmTC_7bf9d.dir/CheckIncludeFiles.c.o' failed
make[1]: *** [CMakeFiles/cmTC_7bf9d.dir/CheckIncludeFiles.c.o] Error 1
make[1]: Leaving directory '/home/ubuntu/bro/my_build_dir/CMakeFiles/CMakeTmp'
Makefile:126: recipe for target 'cmTC_7bf9d/fast' failed
make: *** [cmTC_7bf9d/fast] Error 2

Source:
/* */
#include <stdio.h>
#include <readline/readline.h>


int main(void){return 0;}

Determining if files stdio.h;readline/history.h exist failed with the following output:
Change Dir: /home/ubuntu/bro/my_build_dir/CMakeFiles/CMakeTmp

Run Build Command:"/usr/bin/make" "cmTC_b26f7/fast"
/usr/bin/make -f CMakeFiles/cmTC_b26f7.dir/build.make CMakeFiles/cmTC_b26f7.dir/build
make[1]: Entering directory '/home/ubuntu/bro/my_build_dir/CMakeFiles/CMakeTmp'
Building C object CMakeFiles/cmTC_b26f7.dir/CheckIncludeFiles.c.o
/usr/bin/cc    -Wall -Wno-unused    -o CMakeFiles/cmTC_b26f7.dir/CheckIncludeFiles.c.o   -c /home/ubuntu/bro/my_build_dir/CMakeFiles/CMakeTmp/CheckIncludeFiles.c
/home/ubuntu/bro/my_build_dir/CMakeFiles/CMakeTmp/CheckIncludeFiles.c:3:30: fatal error: readline/history.h: No such file or directory
compilation terminated.
CMakeFiles/cmTC_b26f7.dir/build.make:65: recipe for target 'CMakeFiles/cmTC_b26f7.dir/CheckIncludeFiles.c.o' failed
make[1]: *** [CMakeFiles/cmTC_b26f7.dir/CheckIncludeFiles.c.o] Error 1
make[1]: Leaving directory '/home/ubuntu/bro/my_build_dir/CMakeFiles/CMakeTmp'
Makefile:126: recipe for target 'cmTC_b26f7/fast' failed
make: *** [cmTC_b26f7/fast] Error 2

Source:
/* */
#include <stdio.h>
#include <readline/history.h>


int main(void){return 0;}

Performing C SOURCE FILE Test SIN_LEN failed with the following output:
Change Dir: /home/ubuntu/bro/my_build_dir/CMakeFiles/CMakeTmp

Run Build Command:"/usr/bin/make" "cmTC_eaac6/fast"
/usr/bin/make -f CMakeFiles/cmTC_eaac6.dir/build.make CMakeFiles/cmTC_eaac6.dir/build
make[1]: Entering directory '/home/ubuntu/bro/my_build_dir/CMakeFiles/CMakeTmp'
Building C object CMakeFiles/cmTC_eaac6.dir/src.c.o
/usr/bin/cc    -Wall -Wno-unused -DSIN_LEN   -o CMakeFiles/cmTC_eaac6.dir/src.c.o   -c /home/ubuntu/bro/my_build_dir/CMakeFiles/CMakeTmp/src.c
/home/ubuntu/bro/my_build_dir/CMakeFiles/CMakeTmp/src.c: In function ‘main’:
/home/ubuntu/bro/my_build_dir/CMakeFiles/CMakeTmp/src.c:6:42: error: ‘struct sockaddr_in’ has no member named ‘sin_len’
    (void)sizeof(((struct sockaddr_in *)0)->sin_len);
                                          ^
CMakeFiles/cmTC_eaac6.dir/build.make:65: recipe for target 'CMakeFiles/cmTC_eaac6.dir/src.c.o' failed
make[1]: *** [CMakeFiles/cmTC_eaac6.dir/src.c.o] Error 1
make[1]: Leaving directory '/home/ubuntu/bro/my_build_dir/CMakeFiles/CMakeTmp'
Makefile:126: recipe for target 'cmTC_eaac6/fast' failed
make: *** [cmTC_eaac6/fast] Error 2

Source file was:

#include <netinet/in.h>

int main()
{
   (void)sizeof(((struct sockaddr_in *)0)->sin_len);
   return 0;
}

Determining if the IPPROTO_IPV4 exist failed with the following output:
Change Dir: /home/ubuntu/bro/my_build_dir/CMakeFiles/CMakeTmp

Run Build Command:"/usr/bin/make" "cmTC_303a4/fast"
/usr/bin/make -f CMakeFiles/cmTC_303a4.dir/build.make CMakeFiles/cmTC_303a4.dir/build
make[1]: Entering directory '/home/ubuntu/bro/my_build_dir/CMakeFiles/CMakeTmp'
Building C object CMakeFiles/cmTC_303a4.dir/CheckSymbolExists.c.o
/usr/bin/cc    -Wall -Wno-unused    -o CMakeFiles/cmTC_303a4.dir/CheckSymbolExists.c.o   -c /home/ubuntu/bro/my_build_dir/CMakeFiles/CMakeTmp/CheckSymbolExists.c
/home/ubuntu/bro/my_build_dir/CMakeFiles/CMakeTmp/CheckSymbolExists.c: In function ‘main’:
/home/ubuntu/bro/my_build_dir/CMakeFiles/CMakeTmp/CheckSymbolExists.c:8:19: error: ‘IPPROTO_IPV4’ undeclared (first use in this function)
   return ((int*)(&IPPROTO_IPV4))[argc];
                   ^
/home/ubuntu/bro/my_build_dir/CMakeFiles/CMakeTmp/CheckSymbolExists.c:8:19: note: each undeclared identifier is reported only once for each function it appears in
CMakeFiles/cmTC_303a4.dir/build.make:65: recipe for target 'CMakeFiles/cmTC_303a4.dir/CheckSymbolExists.c.o' failed
make[1]: *** [CMakeFiles/cmTC_303a4.dir/CheckSymbolExists.c.o] Error 1
make[1]: Leaving directory '/home/ubuntu/bro/my_build_dir/CMakeFiles/CMakeTmp'
Makefile:126: recipe for target 'cmTC_303a4/fast' failed
make: *** [cmTC_303a4/fast] Error 2

File /home/ubuntu/bro/my_build_dir/CMakeFiles/CMakeTmp/CheckSymbolExists.c:
/* */
#include <netinet/in.h>

int main(int argc, char** argv)
{
  (void)argv;
#ifndef IPPROTO_IPV4
  return ((int*)(&IPPROTO_IPV4))[argc];
#else
  (void)argc;
  return 0;
#endif
}

Performing C SOURCE FILE Test DO_SOCK_DECL failed with the following output:
Change Dir: /home/ubuntu/bro/my_build_dir/CMakeFiles/CMakeTmp

Run Build Command:"/usr/bin/make" "cmTC_54d8f/fast"
/usr/bin/make -f CMakeFiles/cmTC_54d8f.dir/build.make CMakeFiles/cmTC_54d8f.dir/build
make[1]: Entering directory '/home/ubuntu/bro/my_build_dir/CMakeFiles/CMakeTmp'
Building C object CMakeFiles/cmTC_54d8f.dir/src.c.o
/usr/bin/cc    -Wall -Wno-unused -DDO_SOCK_DECL   -o CMakeFiles/cmTC_54d8f.dir/src.c.o   -c /home/ubuntu/bro/my_build_dir/CMakeFiles/CMakeTmp/src.c
/home/ubuntu/bro/my_build_dir/CMakeFiles/CMakeTmp/src.c:5:16: error: conflicting types for ‘connect’
     extern int connect(int, const struct sockaddr *, int);
                ^
In file included from /home/ubuntu/bro/my_build_dir/CMakeFiles/CMakeTmp/src.c:3:0:
/usr/include/x86_64-linux-gnu/sys/socket.h:137:12: note: previous declaration of ‘connect’ was here
 extern int connect (int __fd, __CONST_SOCKADDR_ARG __addr, socklen_t __len);
            ^
/home/ubuntu/bro/my_build_dir/CMakeFiles/CMakeTmp/src.c:6:16: error: conflicting types for ‘send’
     extern int send(int, const void *, int, int);
                ^
In file included from /home/ubuntu/bro/my_build_dir/CMakeFiles/CMakeTmp/src.c:3:0:
/usr/include/x86_64-linux-gnu/sys/socket.h:149:16: note: previous declaration of ‘send’ was here
 extern ssize_t send (int __fd, const void *__buf, size_t __n, int __flags);
                ^
/home/ubuntu/bro/my_build_dir/CMakeFiles/CMakeTmp/src.c:7:16: error: conflicting types for ‘recvfrom’
     extern int recvfrom(int, void *, int, int, struct sockaddr *, int *);
                ^
In file included from /home/ubuntu/bro/my_build_dir/CMakeFiles/CMakeTmp/src.c:3:0:
/usr/include/x86_64-linux-gnu/sys/socket.h:174:16: note: previous declaration of ‘recvfrom’ was here
 extern ssize_t recvfrom (int __fd, void *__restrict __buf, size_t __n,
                ^
CMakeFiles/cmTC_54d8f.dir/build.make:65: recipe for target 'CMakeFiles/cmTC_54d8f.dir/src.c.o' failed
make[1]: *** [CMakeFiles/cmTC_54d8f.dir/src.c.o] Error 1
make[1]: Leaving directory '/home/ubuntu/bro/my_build_dir/CMakeFiles/CMakeTmp'
Makefile:126: recipe for target 'cmTC_54d8f/fast' failed
make: *** [cmTC_54d8f/fast] Error 2

Source file was:

    #include <sys/types.h>
    #include <sys/socket.h>
    extern int socket(int, int, int);
    extern int connect(int, const struct sockaddr *, int);
    extern int send(int, const void *, int, int);
    extern int recvfrom(int, void *, int, int, struct sockaddr *, int *);
    int main() { return 0; }

Performing C++ SOURCE FILE Test SYSLOG_INT failed with the following output:
Change Dir: /home/ubuntu/bro/my_build_dir/CMakeFiles/CMakeTmp

Run Build Command:"/usr/bin/make" "cmTC_7163d/fast"
/usr/bin/make -f CMakeFiles/cmTC_7163d.dir/build.make CMakeFiles/cmTC_7163d.dir/build
make[1]: Entering directory '/home/ubuntu/bro/my_build_dir/CMakeFiles/CMakeTmp'
Building CXX object CMakeFiles/cmTC_7163d.dir/src.cxx.o
/usr/bin/c++     -Wall -Wno-unused -DSYSLOG_INT   -o CMakeFiles/cmTC_7163d.dir/src.cxx.o -c /home/ubuntu/bro/my_build_dir/CMakeFiles/CMakeTmp/src.cxx
/home/ubuntu/bro/my_build_dir/CMakeFiles/CMakeTmp/src.cxx:5:64: error: conflicting declaration of C function ‘int openlog(const char*, int, int)’
         int openlog(const char* ident, int logopt, int facility);
                                                                ^
In file included from /usr/include/syslog.h:1:0,
                 from /home/ubuntu/bro/my_build_dir/CMakeFiles/CMakeTmp/src.cxx:3:
/usr/include/x86_64-linux-gnu/sys/syslog.h:181:13: note: previous declaration ‘void openlog(const char*, int, int)’
 extern void openlog (const char *__ident, int __option, int __facility);
             ^
/home/ubuntu/bro/my_build_dir/CMakeFiles/CMakeTmp/src.cxx:6:62: error: conflicting declaration of C function ‘int syslog(int, const char*, ...)’
         int syslog(int priority, const char* message_fmt, ...);
                                                              ^
In file included from /usr/include/syslog.h:1:0,
                 from /home/ubuntu/bro/my_build_dir/CMakeFiles/CMakeTmp/src.cxx:3:
/usr/include/x86_64-linux-gnu/sys/syslog.h:190:13: note: previous declaration ‘void syslog(int, const char*, ...)’
 extern void syslog (int __pri, const char *__fmt, ...)
             ^
/home/ubuntu/bro/my_build_dir/CMakeFiles/CMakeTmp/src.cxx:7:22: error: conflicting declaration of C function ‘int closelog()’
         int closelog();
                      ^
In file included from /usr/include/syslog.h:1:0,
                 from /home/ubuntu/bro/my_build_dir/CMakeFiles/CMakeTmp/src.cxx:3:
/usr/include/x86_64-linux-gnu/sys/syslog.h:175:13: note: previous declaration ‘void closelog()’
 extern void closelog (void);
             ^
CMakeFiles/cmTC_7163d.dir/build.make:65: recipe for target 'CMakeFiles/cmTC_7163d.dir/src.cxx.o' failed
make[1]: *** [CMakeFiles/cmTC_7163d.dir/src.cxx.o] Error 1
make[1]: Leaving directory '/home/ubuntu/bro/my_build_dir/CMakeFiles/CMakeTmp'
Makefile:126: recipe for target 'cmTC_7163d/fast' failed
make: *** [cmTC_7163d/fast] Error 2

Source file was:

    #include <stdlib.h>
    #include <syslog.h>
    extern "C" {
        int openlog(const char* ident, int logopt, int facility);
        int syslog(int priority, const char* message_fmt, ...);
        int closelog();
    }
    int main() { return 0; }

Determining if files pcap-int.h exist failed with the following output:
Change Dir: /home/ubuntu/bro/my_build_dir/CMakeFiles/CMakeTmp

Run Build Command:"/usr/bin/make" "cmTC_01512/fast"
/usr/bin/make -f CMakeFiles/cmTC_01512.dir/build.make CMakeFiles/cmTC_01512.dir/build
make[1]: Entering directory '/home/ubuntu/bro/my_build_dir/CMakeFiles/CMakeTmp'
Building C object CMakeFiles/cmTC_01512.dir/CheckIncludeFiles.c.o
/usr/bin/cc    -Wall -Wno-unused    -o CMakeFiles/cmTC_01512.dir/CheckIncludeFiles.c.o   -c /home/ubuntu/bro/my_build_dir/CMakeFiles/CMakeTmp/CheckIncludeFiles.c
/home/ubuntu/bro/my_build_dir/CMakeFiles/CMakeTmp/CheckIncludeFiles.c:2:22: fatal error: pcap-int.h: No such file or directory
compilation terminated.
CMakeFiles/cmTC_01512.dir/build.make:65: recipe for target 'CMakeFiles/cmTC_01512.dir/CheckIncludeFiles.c.o' failed
make[1]: *** [CMakeFiles/cmTC_01512.dir/CheckIncludeFiles.c.o] Error 1
make[1]: Leaving directory '/home/ubuntu/bro/my_build_dir/CMakeFiles/CMakeTmp'
Makefile:126: recipe for target 'cmTC_01512/fast' failed
make: *** [cmTC_01512/fast] Error 2

Source:
/* */
#include <pcap-int.h>


int main(void){return 0;}

Performing C SOURCE FILE Test LIBPCAP_PCAP_COMPILE_NOPCAP_HAS_ERROR_PARAMETER failed with the following output:
Change Dir: /home/ubuntu/bro/my_build_dir/CMakeFiles/CMakeTmp

Run Build Command:"/usr/bin/make" "cmTC_bb36a/fast"
/usr/bin/make -f CMakeFiles/cmTC_bb36a.dir/build.make CMakeFiles/cmTC_bb36a.dir/build
make[1]: Entering directory '/home/ubuntu/bro/my_build_dir/CMakeFiles/CMakeTmp'
Building C object CMakeFiles/cmTC_bb36a.dir/src.c.o
/usr/bin/cc    -Wall -Wno-unused -DLIBPCAP_PCAP_COMPILE_NOPCAP_HAS_ERROR_PARAMETER   -o CMakeFiles/cmTC_bb36a.dir/src.c.o   -c /home/ubuntu/bro/my_build_dir/CMakeFiles/CMakeTmp/src.c
/home/ubuntu/bro/my_build_dir/CMakeFiles/CMakeTmp/src.c: In function ‘main’:
/home/ubuntu/bro/my_build_dir/CMakeFiles/CMakeTmp/src.c:16:11: error: too many arguments to function ‘pcap_compile_nopcap’
     (void)pcap_compile_nopcap(
           ^
In file included from /usr/include/pcap.h:43:0,
                 from /home/ubuntu/bro/my_build_dir/CMakeFiles/CMakeTmp/src.c:2:
/usr/include/pcap/pcap.h:391:5: note: declared here
 int pcap_compile_nopcap(int, int, struct bpf_program *,
     ^
CMakeFiles/cmTC_bb36a.dir/build.make:65: recipe for target 'CMakeFiles/cmTC_bb36a.dir/src.c.o' failed
make[1]: *** [CMakeFiles/cmTC_bb36a.dir/src.c.o] Error 1
make[1]: Leaving directory '/home/ubuntu/bro/my_build_dir/CMakeFiles/CMakeTmp'
Makefile:126: recipe for target 'cmTC_bb36a/fast' failed
make: *** [cmTC_bb36a/fast] Error 2

Source file was:

#include <pcap.h>
int main () {
    int snaplen;
    int linktype;
    struct bpf_program fp;
    int optimize;
    bpf_u_int32 netmask;
    char str[10];
    char error[1024];
    snaplen = 50;
    linktype = DLT_EN10MB;
    optimize = 1;
    netmask = 0L;
    str[0] = 'i'; str[1] = 'p'; str[2] = '\0';
    (void)pcap_compile_nopcap(
        snaplen, linktype, &fp, str, optimize, netmask, &error);
    return 0;
}

Determining if the pthread_create exist failed with the following output:
Change Dir: /home/ubuntu/bro/my_build_dir/CMakeFiles/CMakeTmp

Run Build Command:"/usr/bin/make" "cmTC_7dd3f/fast"
/usr/bin/make -f CMakeFiles/cmTC_7dd3f.dir/build.make CMakeFiles/cmTC_7dd3f.dir/build
make[1]: Entering directory '/home/ubuntu/bro/my_build_dir/CMakeFiles/CMakeTmp'
Building C object CMakeFiles/cmTC_7dd3f.dir/CheckSymbolExists.c.o
/usr/bin/cc    -Wall -Wno-unused    -o CMakeFiles/cmTC_7dd3f.dir/CheckSymbolExists.c.o   -c /home/ubuntu/bro/my_build_dir/CMakeFiles/CMakeTmp/CheckSymbolExists.c
Linking C executable cmTC_7dd3f
/usr/bin/cmake -E cmake_link_script CMakeFiles/cmTC_7dd3f.dir/link.txt --verbose=1
/usr/bin/cc   -Wall -Wno-unused     CMakeFiles/cmTC_7dd3f.dir/CheckSymbolExists.c.o  -o cmTC_7dd3f -rdynamic 
CMakeFiles/cmTC_7dd3f.dir/CheckSymbolExists.c.o: In function `main':
CheckSymbolExists.c:(.text+0x16): undefined reference to `pthread_create'
collect2: error: ld returned 1 exit status
CMakeFiles/cmTC_7dd3f.dir/build.make:97: recipe for target 'cmTC_7dd3f' failed
make[1]: *** [cmTC_7dd3f] Error 1
make[1]: Leaving directory '/home/ubuntu/bro/my_build_dir/CMakeFiles/CMakeTmp'
Makefile:126: recipe for target 'cmTC_7dd3f/fast' failed
make: *** [cmTC_7dd3f/fast] Error 2

File /home/ubuntu/bro/my_build_dir/CMakeFiles/CMakeTmp/CheckSymbolExists.c:
/* */
#include <pthread.h>

int main(int argc, char** argv)
{
  (void)argv;
#ifndef pthread_create
  return ((int*)(&pthread_create))[argc];
#else
  (void)argc;
  return 0;
#endif
}

Determining if the function pthread_create exists in the pthreads failed with the following output:
Change Dir: /home/ubuntu/bro/my_build_dir/CMakeFiles/CMakeTmp

Run Build Command:"/usr/bin/make" "cmTC_89d1a/fast"
/usr/bin/make -f CMakeFiles/cmTC_89d1a.dir/build.make CMakeFiles/cmTC_89d1a.dir/build
make[1]: Entering directory '/home/ubuntu/bro/my_build_dir/CMakeFiles/CMakeTmp'
Building C object CMakeFiles/cmTC_89d1a.dir/CheckFunctionExists.c.o
/usr/bin/cc    -Wall -Wno-unused -DCHECK_FUNCTION_EXISTS=pthread_create   -o CMakeFiles/cmTC_89d1a.dir/CheckFunctionExists.c.o   -c /usr/share/cmake-3.5/Modules/CheckFunctionExists.c
Linking C executable cmTC_89d1a
/usr/bin/cmake -E cmake_link_script CMakeFiles/cmTC_89d1a.dir/link.txt --verbose=1
/usr/bin/cc   -Wall -Wno-unused -DCHECK_FUNCTION_EXISTS=pthread_create    CMakeFiles/cmTC_89d1a.dir/CheckFunctionExists.c.o  -o cmTC_89d1a -rdynamic -lpthreads 
/usr/bin/ld: cannot find -lpthreads
collect2: error: ld returned 1 exit status
CMakeFiles/cmTC_89d1a.dir/build.make:97: recipe for target 'cmTC_89d1a' failed
make[1]: *** [cmTC_89d1a] Error 1
make[1]: Leaving directory '/home/ubuntu/bro/my_build_dir/CMakeFiles/CMakeTmp'
Makefile:126: recipe for target 'cmTC_89d1a/fast' failed
make: *** [cmTC_89d1a/fast] Error 2


